--------------- Clean Started: 05/31/2019 10:28:02 Project: LittlevGL(5v3)_demo_ILI9341, Configuration: ARM GCC 5.4-2016-q2-update Debug ---------------
Deleting file ".\CortexM3\ARM_GCC_541\Debug\main.o"
Deleting file ".\CortexM3\ARM_GCC_541\Debug\lv_test_theme_1.o"
Deleting file ".\CortexM3\ARM_GCC_541\Debug\lv_group.o"
Deleting file ".\CortexM3\ARM_GCC_541\Debug\lv_indev.o"
Deleting file ".\CortexM3\ARM_GCC_541\Debug\lv_lang.o"
Deleting file ".\CortexM3\ARM_GCC_541\Debug\lv_obj.o"
Deleting file ".\CortexM3\ARM_GCC_541\Debug\lv_refr.o"
Deleting file ".\CortexM3\ARM_GCC_541\Debug\lv_style.o"
Deleting file ".\CortexM3\ARM_GCC_541\Debug\lv_vdb.o"
Deleting file ".\CortexM3\ARM_GCC_541\Debug\lv_draw.o"
Deleting file ".\CortexM3\ARM_GCC_541\Debug\lv_draw_arc.o"
Deleting file ".\CortexM3\ARM_GCC_541\Debug\lv_draw_img.o"
Deleting file ".\CortexM3\ARM_GCC_541\Debug\lv_draw_label.o"
Deleting file ".\CortexM3\ARM_GCC_541\Debug\lv_draw_line.o"
Deleting file ".\CortexM3\ARM_GCC_541\Debug\lv_draw_rbasic.o"
Deleting file ".\CortexM3\ARM_GCC_541\Debug\lv_draw_rect.o"
Deleting file ".\CortexM3\ARM_GCC_541\Debug\lv_draw_triangle.o"
Deleting file ".\CortexM3\ARM_GCC_541\Debug\lv_draw_vbasic.o"
Deleting file ".\CortexM3\ARM_GCC_541\Debug\lv_font_builtin.o"
Deleting file ".\CortexM3\ARM_GCC_541\Debug\lv_font_dejavu_10.o"
Deleting file ".\CortexM3\ARM_GCC_541\Debug\lv_font_dejavu_10_cyrillic.o"
Deleting file ".\CortexM3\ARM_GCC_541\Debug\lv_font_dejavu_10_latin_sup.o"
Deleting file ".\CortexM3\ARM_GCC_541\Debug\lv_font_dejavu_20.o"
Deleting file ".\CortexM3\ARM_GCC_541\Debug\lv_font_dejavu_20_cyrillic.o"
Deleting file ".\CortexM3\ARM_GCC_541\Debug\lv_font_dejavu_20_latin_sup.o"
Deleting file ".\CortexM3\ARM_GCC_541\Debug\lv_font_dejavu_30.o"
Deleting file ".\CortexM3\ARM_GCC_541\Debug\lv_font_dejavu_30_cyrillic.o"
Deleting file ".\CortexM3\ARM_GCC_541\Debug\lv_font_dejavu_30_latin_sup.o"
Deleting file ".\CortexM3\ARM_GCC_541\Debug\lv_font_dejavu_40.o"
Deleting file ".\CortexM3\ARM_GCC_541\Debug\lv_font_dejavu_40_cyrillic.o"
Deleting file ".\CortexM3\ARM_GCC_541\Debug\lv_font_dejavu_40_latin_sup.o"
Deleting file ".\CortexM3\ARM_GCC_541\Debug\lv_font_monospace_8.o"
Deleting file ".\CortexM3\ARM_GCC_541\Debug\lv_font_symbol_10.o"
Deleting file ".\CortexM3\ARM_GCC_541\Debug\lv_font_symbol_20.o"
Deleting file ".\CortexM3\ARM_GCC_541\Debug\lv_font_symbol_30.o"
Deleting file ".\CortexM3\ARM_GCC_541\Debug\lv_font_symbol_40.o"
Deleting file ".\CortexM3\ARM_GCC_541\Debug\lv_hal_disp.o"
Deleting file ".\CortexM3\ARM_GCC_541\Debug\lv_hal_indev.o"
Deleting file ".\CortexM3\ARM_GCC_541\Debug\lv_hal_tick.o"
Deleting file ".\CortexM3\ARM_GCC_541\Debug\lv_anim.o"
Deleting file ".\CortexM3\ARM_GCC_541\Debug\lv_area.o"
Deleting file ".\CortexM3\ARM_GCC_541\Debug\lv_circ.o"
Deleting file ".\CortexM3\ARM_GCC_541\Debug\lv_color.o"
Deleting file ".\CortexM3\ARM_GCC_541\Debug\lv_font.o"
Deleting file ".\CortexM3\ARM_GCC_541\Debug\lv_fs.o"
Deleting file ".\CortexM3\ARM_GCC_541\Debug\lv_gc.o"
Deleting file ".\CortexM3\ARM_GCC_541\Debug\lv_ll.o"
Deleting file ".\CortexM3\ARM_GCC_541\Debug\lv_log.o"
Deleting file ".\CortexM3\ARM_GCC_541\Debug\lv_math.o"
Deleting file ".\CortexM3\ARM_GCC_541\Debug\lv_mem.o"
Deleting file ".\CortexM3\ARM_GCC_541\Debug\lv_task.o"
Deleting file ".\CortexM3\ARM_GCC_541\Debug\lv_templ.o"
Deleting file ".\CortexM3\ARM_GCC_541\Debug\lv_txt.o"
Deleting file ".\CortexM3\ARM_GCC_541\Debug\lv_ufs.o"
Deleting file ".\CortexM3\ARM_GCC_541\Debug\lv_label.o"
Deleting file ".\CortexM3\ARM_GCC_541\Debug\lv_led.o"
Deleting file ".\CortexM3\ARM_GCC_541\Debug\lv_line.o"
Deleting file ".\CortexM3\ARM_GCC_541\Debug\lv_list.o"
Deleting file ".\CortexM3\ARM_GCC_541\Debug\lv_lmeter.o"
Deleting file ".\CortexM3\ARM_GCC_541\Debug\lv_mbox.o"
Deleting file ".\CortexM3\ARM_GCC_541\Debug\lv_objx_templ.o"
Deleting file ".\CortexM3\ARM_GCC_541\Debug\lv_page.o"
Deleting file ".\CortexM3\ARM_GCC_541\Debug\lv_preload.o"
Deleting file ".\CortexM3\ARM_GCC_541\Debug\lv_roller.o"
Deleting file ".\CortexM3\ARM_GCC_541\Debug\lv_slider.o"
Deleting file ".\CortexM3\ARM_GCC_541\Debug\lv_spinbox.o"
Deleting file ".\CortexM3\ARM_GCC_541\Debug\lv_sw.o"
Deleting file ".\CortexM3\ARM_GCC_541\Debug\lv_ta.o"
Deleting file ".\CortexM3\ARM_GCC_541\Debug\lv_table.o"
Deleting file ".\CortexM3\ARM_GCC_541\Debug\lv_tabview.o"
Deleting file ".\CortexM3\ARM_GCC_541\Debug\lv_tileview.o"
Deleting file ".\CortexM3\ARM_GCC_541\Debug\lv_win.o"
Deleting file ".\CortexM3\ARM_GCC_541\Debug\lv_arc.o"
Deleting file ".\CortexM3\ARM_GCC_541\Debug\lv_bar.o"
Deleting file ".\CortexM3\ARM_GCC_541\Debug\lv_btn.o"
Deleting file ".\CortexM3\ARM_GCC_541\Debug\lv_btnm.o"
Deleting file ".\CortexM3\ARM_GCC_541\Debug\lv_calendar.o"
Deleting file ".\CortexM3\ARM_GCC_541\Debug\lv_canvas.o"
Deleting file ".\CortexM3\ARM_GCC_541\Debug\lv_cb.o"
Deleting file ".\CortexM3\ARM_GCC_541\Debug\lv_chart.o"
Deleting file ".\CortexM3\ARM_GCC_541\Debug\lv_cont.o"
Deleting file ".\CortexM3\ARM_GCC_541\Debug\lv_ddlist.o"
Deleting file ".\CortexM3\ARM_GCC_541\Debug\lv_gauge.o"
Deleting file ".\CortexM3\ARM_GCC_541\Debug\lv_img.o"
Deleting file ".\CortexM3\ARM_GCC_541\Debug\lv_imgbtn.o"
Deleting file ".\CortexM3\ARM_GCC_541\Debug\lv_kb.o"
Deleting file ".\CortexM3\ARM_GCC_541\Debug\lv_theme.o"
Deleting file ".\CortexM3\ARM_GCC_541\Debug\lv_theme_alien.o"
Deleting file ".\CortexM3\ARM_GCC_541\Debug\lv_theme_default.o"
Deleting file ".\CortexM3\ARM_GCC_541\Debug\lv_theme_material.o"
Deleting file ".\CortexM3\ARM_GCC_541\Debug\lv_theme_mono.o"
Deleting file ".\CortexM3\ARM_GCC_541\Debug\lv_theme_nemo.o"
Deleting file ".\CortexM3\ARM_GCC_541\Debug\lv_theme_night.o"
Deleting file ".\CortexM3\ARM_GCC_541\Debug\lv_theme_templ.o"
Deleting file ".\CortexM3\ARM_GCC_541\Debug\lv_theme_zen.o"
Deleting file ".\CortexM3\ARM_GCC_541\Debug\ili9341.o"
Deleting file ".\CortexM3\ARM_GCC_541\Debug\cyfitter_cfg.o"
Deleting file ".\CortexM3\ARM_GCC_541\Debug\cymetadata.o"
Deleting file ".\CortexM3\ARM_GCC_541\Debug\GraphicLCDIntf.o"
Deleting file ".\CortexM3\ARM_GCC_541\Debug\GraphicLCDIntf_PM.o"
Deleting file ".\CortexM3\ARM_GCC_541\Debug\Clock_1.o"
Deleting file ".\CortexM3\ARM_GCC_541\Debug\RST.o"
Deleting file ".\CortexM3\ARM_GCC_541\Debug\cy_em_eeprom.o"
Deleting file ".\CortexM3\ARM_GCC_541\Debug\Cm3Start.o"
Deleting file ".\CortexM3\ARM_GCC_541\Debug\CyBootAsmGnu.o"
Deleting file ".\CortexM3\ARM_GCC_541\Debug\CyDmac.o"
Deleting file ".\CortexM3\ARM_GCC_541\Debug\CyFlash.o"
Deleting file ".\CortexM3\ARM_GCC_541\Debug\CyLib.o"
Deleting file ".\CortexM3\ARM_GCC_541\Debug\cyPm.o"
Deleting file ".\CortexM3\ARM_GCC_541\Debug\CySpc.o"
Deleting file ".\CortexM3\ARM_GCC_541\Debug\cyutils.o"
Deleting file ".\CortexM3\ARM_GCC_541\Debug\LittlevGL(5v3)_demo_ILI9341.hex"
Deleting file ".\CortexM3\ARM_GCC_541\Debug\LittlevGL(5v3)_demo_ILI9341.elf"
Deleting file ".\CortexM3\ARM_GCC_541\Debug\LittlevGL(5v3)_demo_ILI9341.map"
Deleting file ".\LittlevGL(5v3)_demo_ILI9341.cycdx"
Deleting file ".\LittlevGL(5v3)_demo_ILI9341.rpt"
Deleting file ".\LittlevGL(5v3)_demo_ILI9341_timing.html"
Deleting file ".\CortexM3\ARM_GCC_541\Debug\.deps\SOURCE_C__ARM_GCC_GENERIC.P"
Deleting file ".\CortexM3\ARM_GCC_541\Debug\.deps\SOURCE_ASM__ARM_GCC_GENERIC.P"
--------------- Clean Succeeded: 05/31/2019 10:28:02 ---------------
