--------------- Rebuild Started: 05/31/2019 10:49:28 Project: LittlevGL(5v3)_demo_ILI9341, Configuration: ARM GCC 5.4-2016-q2-update Debug ---------------
Deleting file ".\CortexM3\ARM_GCC_541\Debug\main.o"
Deleting file ".\CortexM3\ARM_GCC_541\Debug\lv_group.o"
Deleting file ".\CortexM3\ARM_GCC_541\Debug\lv_indev.o"
Deleting file ".\CortexM3\ARM_GCC_541\Debug\lv_lang.o"
Deleting file ".\CortexM3\ARM_GCC_541\Debug\lv_obj.o"
Deleting file ".\CortexM3\ARM_GCC_541\Debug\lv_refr.o"
Deleting file ".\CortexM3\ARM_GCC_541\Debug\lv_style.o"
Deleting file ".\CortexM3\ARM_GCC_541\Debug\lv_vdb.o"
Deleting file ".\CortexM3\ARM_GCC_541\Debug\lv_draw.o"
Deleting file ".\CortexM3\ARM_GCC_541\Debug\lv_draw_arc.o"
Deleting file ".\CortexM3\ARM_GCC_541\Debug\lv_draw_img.o"
Deleting file ".\CortexM3\ARM_GCC_541\Debug\lv_draw_label.o"
Deleting file ".\CortexM3\ARM_GCC_541\Debug\lv_draw_line.o"
Deleting file ".\CortexM3\ARM_GCC_541\Debug\lv_draw_rbasic.o"
Deleting file ".\CortexM3\ARM_GCC_541\Debug\lv_draw_rect.o"
Deleting file ".\CortexM3\ARM_GCC_541\Debug\lv_draw_triangle.o"
Deleting file ".\CortexM3\ARM_GCC_541\Debug\lv_draw_vbasic.o"
Deleting file ".\CortexM3\ARM_GCC_541\Debug\lv_font_builtin.o"
Deleting file ".\CortexM3\ARM_GCC_541\Debug\lv_font_dejavu_10.o"
Deleting file ".\CortexM3\ARM_GCC_541\Debug\lv_font_dejavu_10_cyrillic.o"
Deleting file ".\CortexM3\ARM_GCC_541\Debug\lv_font_dejavu_10_latin_sup.o"
Deleting file ".\CortexM3\ARM_GCC_541\Debug\lv_font_dejavu_20.o"
Deleting file ".\CortexM3\ARM_GCC_541\Debug\lv_font_dejavu_20_cyrillic.o"
Deleting file ".\CortexM3\ARM_GCC_541\Debug\lv_font_dejavu_20_latin_sup.o"
Deleting file ".\CortexM3\ARM_GCC_541\Debug\lv_font_dejavu_30.o"
Deleting file ".\CortexM3\ARM_GCC_541\Debug\lv_font_dejavu_30_cyrillic.o"
Deleting file ".\CortexM3\ARM_GCC_541\Debug\lv_font_dejavu_30_latin_sup.o"
Deleting file ".\CortexM3\ARM_GCC_541\Debug\lv_font_dejavu_40.o"
Deleting file ".\CortexM3\ARM_GCC_541\Debug\lv_font_dejavu_40_cyrillic.o"
Deleting file ".\CortexM3\ARM_GCC_541\Debug\lv_font_dejavu_40_latin_sup.o"
Deleting file ".\CortexM3\ARM_GCC_541\Debug\lv_font_monospace_8.o"
Deleting file ".\CortexM3\ARM_GCC_541\Debug\lv_font_symbol_10.o"
Deleting file ".\CortexM3\ARM_GCC_541\Debug\lv_font_symbol_20.o"
Deleting file ".\CortexM3\ARM_GCC_541\Debug\lv_font_symbol_30.o"
Deleting file ".\CortexM3\ARM_GCC_541\Debug\lv_font_symbol_40.o"
Deleting file ".\CortexM3\ARM_GCC_541\Debug\lv_hal_disp.o"
Deleting file ".\CortexM3\ARM_GCC_541\Debug\lv_hal_indev.o"
Deleting file ".\CortexM3\ARM_GCC_541\Debug\lv_hal_tick.o"
Deleting file ".\CortexM3\ARM_GCC_541\Debug\lv_anim.o"
Deleting file ".\CortexM3\ARM_GCC_541\Debug\lv_area.o"
Deleting file ".\CortexM3\ARM_GCC_541\Debug\lv_circ.o"
Deleting file ".\CortexM3\ARM_GCC_541\Debug\lv_color.o"
Deleting file ".\CortexM3\ARM_GCC_541\Debug\lv_font.o"
Deleting file ".\CortexM3\ARM_GCC_541\Debug\lv_fs.o"
Deleting file ".\CortexM3\ARM_GCC_541\Debug\lv_gc.o"
Deleting file ".\CortexM3\ARM_GCC_541\Debug\lv_ll.o"
Deleting file ".\CortexM3\ARM_GCC_541\Debug\lv_log.o"
Deleting file ".\CortexM3\ARM_GCC_541\Debug\lv_math.o"
Deleting file ".\CortexM3\ARM_GCC_541\Debug\lv_mem.o"
Deleting file ".\CortexM3\ARM_GCC_541\Debug\lv_task.o"
Deleting file ".\CortexM3\ARM_GCC_541\Debug\lv_templ.o"
Deleting file ".\CortexM3\ARM_GCC_541\Debug\lv_txt.o"
Deleting file ".\CortexM3\ARM_GCC_541\Debug\lv_ufs.o"
Deleting file ".\CortexM3\ARM_GCC_541\Debug\lv_label.o"
Deleting file ".\CortexM3\ARM_GCC_541\Debug\lv_led.o"
Deleting file ".\CortexM3\ARM_GCC_541\Debug\lv_line.o"
Deleting file ".\CortexM3\ARM_GCC_541\Debug\lv_list.o"
Deleting file ".\CortexM3\ARM_GCC_541\Debug\lv_lmeter.o"
Deleting file ".\CortexM3\ARM_GCC_541\Debug\lv_mbox.o"
Deleting file ".\CortexM3\ARM_GCC_541\Debug\lv_objx_templ.o"
Deleting file ".\CortexM3\ARM_GCC_541\Debug\lv_page.o"
Deleting file ".\CortexM3\ARM_GCC_541\Debug\lv_preload.o"
Deleting file ".\CortexM3\ARM_GCC_541\Debug\lv_roller.o"
Deleting file ".\CortexM3\ARM_GCC_541\Debug\lv_slider.o"
Deleting file ".\CortexM3\ARM_GCC_541\Debug\lv_spinbox.o"
Deleting file ".\CortexM3\ARM_GCC_541\Debug\lv_sw.o"
Deleting file ".\CortexM3\ARM_GCC_541\Debug\lv_ta.o"
Deleting file ".\CortexM3\ARM_GCC_541\Debug\lv_table.o"
Deleting file ".\CortexM3\ARM_GCC_541\Debug\lv_tabview.o"
Deleting file ".\CortexM3\ARM_GCC_541\Debug\lv_tileview.o"
Deleting file ".\CortexM3\ARM_GCC_541\Debug\lv_win.o"
Deleting file ".\CortexM3\ARM_GCC_541\Debug\lv_arc.o"
Deleting file ".\CortexM3\ARM_GCC_541\Debug\lv_bar.o"
Deleting file ".\CortexM3\ARM_GCC_541\Debug\lv_btn.o"
Deleting file ".\CortexM3\ARM_GCC_541\Debug\lv_btnm.o"
Deleting file ".\CortexM3\ARM_GCC_541\Debug\lv_calendar.o"
Deleting file ".\CortexM3\ARM_GCC_541\Debug\lv_canvas.o"
Deleting file ".\CortexM3\ARM_GCC_541\Debug\lv_cb.o"
Deleting file ".\CortexM3\ARM_GCC_541\Debug\lv_chart.o"
Deleting file ".\CortexM3\ARM_GCC_541\Debug\lv_cont.o"
Deleting file ".\CortexM3\ARM_GCC_541\Debug\lv_ddlist.o"
Deleting file ".\CortexM3\ARM_GCC_541\Debug\lv_gauge.o"
Deleting file ".\CortexM3\ARM_GCC_541\Debug\lv_img.o"
Deleting file ".\CortexM3\ARM_GCC_541\Debug\lv_imgbtn.o"
Deleting file ".\CortexM3\ARM_GCC_541\Debug\lv_kb.o"
Deleting file ".\CortexM3\ARM_GCC_541\Debug\lv_theme.o"
Deleting file ".\CortexM3\ARM_GCC_541\Debug\lv_theme_alien.o"
Deleting file ".\CortexM3\ARM_GCC_541\Debug\lv_theme_default.o"
Deleting file ".\CortexM3\ARM_GCC_541\Debug\lv_theme_material.o"
Deleting file ".\CortexM3\ARM_GCC_541\Debug\lv_theme_mono.o"
Deleting file ".\CortexM3\ARM_GCC_541\Debug\lv_theme_nemo.o"
Deleting file ".\CortexM3\ARM_GCC_541\Debug\lv_theme_night.o"
Deleting file ".\CortexM3\ARM_GCC_541\Debug\lv_theme_templ.o"
Deleting file ".\CortexM3\ARM_GCC_541\Debug\lv_theme_zen.o"
Deleting file ".\CortexM3\ARM_GCC_541\Debug\ili9341.o"
Deleting file ".\CortexM3\ARM_GCC_541\Debug\cyfitter_cfg.o"
Deleting file ".\CortexM3\ARM_GCC_541\Debug\cymetadata.o"
Deleting file ".\CortexM3\ARM_GCC_541\Debug\GraphicLCDIntf.o"
Deleting file ".\CortexM3\ARM_GCC_541\Debug\GraphicLCDIntf_PM.o"
Deleting file ".\CortexM3\ARM_GCC_541\Debug\Clock_1.o"
Deleting file ".\CortexM3\ARM_GCC_541\Debug\RST.o"
Deleting file ".\CortexM3\ARM_GCC_541\Debug\cy_em_eeprom.o"
Deleting file ".\CortexM3\ARM_GCC_541\Debug\Cm3Start.o"
Deleting file ".\CortexM3\ARM_GCC_541\Debug\CyBootAsmGnu.o"
Deleting file ".\CortexM3\ARM_GCC_541\Debug\CyDmac.o"
Deleting file ".\CortexM3\ARM_GCC_541\Debug\CyFlash.o"
Deleting file ".\CortexM3\ARM_GCC_541\Debug\CyLib.o"
Deleting file ".\CortexM3\ARM_GCC_541\Debug\cyPm.o"
Deleting file ".\CortexM3\ARM_GCC_541\Debug\CySpc.o"
Deleting file ".\CortexM3\ARM_GCC_541\Debug\cyutils.o"
Deleting file ".\CortexM3\ARM_GCC_541\Debug\LittlevGL(5v3)_demo_ILI9341.hex"
Deleting file ".\CortexM3\ARM_GCC_541\Debug\LittlevGL(5v3)_demo_ILI9341.elf"
Deleting file ".\CortexM3\ARM_GCC_541\Debug\LittlevGL(5v3)_demo_ILI9341.map"
Deleting file ".\LittlevGL(5v3)_demo_ILI9341.cycdx"
Deleting file ".\LittlevGL(5v3)_demo_ILI9341.rpt"
Deleting file ".\LittlevGL(5v3)_demo_ILI9341_timing.html"
Deleting file ".\CortexM3\ARM_GCC_541\Debug\.deps\SOURCE_C__ARM_GCC_GENERIC.P"
Deleting file ".\CortexM3\ARM_GCC_541\Debug\.deps\SOURCE_ASM__ARM_GCC_GENERIC.P"
cydsfit.exe -.appdatapath "C:\Users\Sava\AppData\Local\Cypress Semiconductor\PSoC Creator\4.2" -.fdsnotice -.fdswarpdepfile=warp_dependencies.txt -.fdselabdepfile=elab_dependencies.txt -.fdsbldfile=generated_files.txt -.fdsreffile=referenced_files.txt -p "C:\Users\Sava\Documents\PSoC Creator\GUI_and_display\LittlevGL(5v3)_demo_ILI9341.cydsn\LittlevGL(5v3)_demo_ILI9341.cyprj" -d CY8C5888AXI-LP096 -s "C:\Users\Sava\Documents\PSoC Creator\GUI_and_display\LittlevGL(5v3)_demo_ILI9341.cydsn\Generated_Source\PSoC5" -- -yv2 -q10 -ygs -o2 -v3 -.fftcfgtype=LE
Elaborating Design...
HDL Generation...
Synthesis...
Tech Mapping...
Analog Placement...
Analog Routing...
Analog Code Generation...
Digital Placement...
Digital Routing...
Bitstream Generation...
Bitstream Verification...
Static timing analysis...
API Generation...
Dependency Generation...
Cleanup...
arm-none-eabi-gcc.exe -mcpu=cortex-m3 -mthumb -I.\lvgl -I.\lv_examples -I.\lv_drivers -I.\lv_examples\lv_tests -I. -IGenerated_Source\PSoC5 -Wa,-alh=.\CortexM3\ARM_GCC_541\Debug/main.lst -g -D DEBUG -D CY_CORE_ID=0 -Wall -ffunction-sections -ffat-lto-objects -O0 -c main.c -o .\CortexM3\ARM_GCC_541\Debug\main.o
arm-none-eabi-gcc.exe -mcpu=cortex-m3 -mthumb -I.\lvgl -I.\lv_examples -I.\lv_drivers -I.\lv_examples\lv_tests -I. -IGenerated_Source\PSoC5 -Wa,-alh=.\CortexM3\ARM_GCC_541\Debug/lv_group.lst -g -D DEBUG -D CY_CORE_ID=0 -Wall -ffunction-sections -ffat-lto-objects -O0 -c lvgl\lv_core\lv_group.c -o .\CortexM3\ARM_GCC_541\Debug\lv_group.o
arm-none-eabi-gcc.exe -mcpu=cortex-m3 -mthumb -I.\lvgl -I.\lv_examples -I.\lv_drivers -I.\lv_examples\lv_tests -I. -IGenerated_Source\PSoC5 -Wa,-alh=.\CortexM3\ARM_GCC_541\Debug/lv_indev.lst -g -D DEBUG -D CY_CORE_ID=0 -Wall -ffunction-sections -ffat-lto-objects -O0 -c lvgl\lv_core\lv_indev.c -o .\CortexM3\ARM_GCC_541\Debug\lv_indev.o
arm-none-eabi-gcc.exe -mcpu=cortex-m3 -mthumb -I.\lvgl -I.\lv_examples -I.\lv_drivers -I.\lv_examples\lv_tests -I. -IGenerated_Source\PSoC5 -Wa,-alh=.\CortexM3\ARM_GCC_541\Debug/lv_lang.lst -g -D DEBUG -D CY_CORE_ID=0 -Wall -ffunction-sections -ffat-lto-objects -O0 -c lvgl\lv_core\lv_lang.c -o .\CortexM3\ARM_GCC_541\Debug\lv_lang.o
arm-none-eabi-gcc.exe -mcpu=cortex-m3 -mthumb -I.\lvgl -I.\lv_examples -I.\lv_drivers -I.\lv_examples\lv_tests -I. -IGenerated_Source\PSoC5 -Wa,-alh=.\CortexM3\ARM_GCC_541\Debug/lv_obj.lst -g -D DEBUG -D CY_CORE_ID=0 -Wall -ffunction-sections -ffat-lto-objects -O0 -c lvgl\lv_core\lv_obj.c -o .\CortexM3\ARM_GCC_541\Debug\lv_obj.o
arm-none-eabi-gcc.exe -mcpu=cortex-m3 -mthumb -I.\lvgl -I.\lv_examples -I.\lv_drivers -I.\lv_examples\lv_tests -I. -IGenerated_Source\PSoC5 -Wa,-alh=.\CortexM3\ARM_GCC_541\Debug/lv_refr.lst -g -D DEBUG -D CY_CORE_ID=0 -Wall -ffunction-sections -ffat-lto-objects -O0 -c lvgl\lv_core\lv_refr.c -o .\CortexM3\ARM_GCC_541\Debug\lv_refr.o
arm-none-eabi-gcc.exe -mcpu=cortex-m3 -mthumb -I.\lvgl -I.\lv_examples -I.\lv_drivers -I.\lv_examples\lv_tests -I. -IGenerated_Source\PSoC5 -Wa,-alh=.\CortexM3\ARM_GCC_541\Debug/lv_style.lst -g -D DEBUG -D CY_CORE_ID=0 -Wall -ffunction-sections -ffat-lto-objects -O0 -c lvgl\lv_core\lv_style.c -o .\CortexM3\ARM_GCC_541\Debug\lv_style.o
arm-none-eabi-gcc.exe -mcpu=cortex-m3 -mthumb -I.\lvgl -I.\lv_examples -I.\lv_drivers -I.\lv_examples\lv_tests -I. -IGenerated_Source\PSoC5 -Wa,-alh=.\CortexM3\ARM_GCC_541\Debug/lv_vdb.lst -g -D DEBUG -D CY_CORE_ID=0 -Wall -ffunction-sections -ffat-lto-objects -O0 -c lvgl\lv_core\lv_vdb.c -o .\CortexM3\ARM_GCC_541\Debug\lv_vdb.o
arm-none-eabi-gcc.exe -mcpu=cortex-m3 -mthumb -I.\lvgl -I.\lv_examples -I.\lv_drivers -I.\lv_examples\lv_tests -I. -IGenerated_Source\PSoC5 -Wa,-alh=.\CortexM3\ARM_GCC_541\Debug/lv_draw.lst -g -D DEBUG -D CY_CORE_ID=0 -Wall -ffunction-sections -ffat-lto-objects -O0 -c lvgl\lv_draw\lv_draw.c -o .\CortexM3\ARM_GCC_541\Debug\lv_draw.o
arm-none-eabi-gcc.exe -mcpu=cortex-m3 -mthumb -I.\lvgl -I.\lv_examples -I.\lv_drivers -I.\lv_examples\lv_tests -I. -IGenerated_Source\PSoC5 -Wa,-alh=.\CortexM3\ARM_GCC_541\Debug/lv_draw_arc.lst -g -D DEBUG -D CY_CORE_ID=0 -Wall -ffunction-sections -ffat-lto-objects -O0 -c lvgl\lv_draw\lv_draw_arc.c -o .\CortexM3\ARM_GCC_541\Debug\lv_draw_arc.o
arm-none-eabi-gcc.exe -mcpu=cortex-m3 -mthumb -I.\lvgl -I.\lv_examples -I.\lv_drivers -I.\lv_examples\lv_tests -I. -IGenerated_Source\PSoC5 -Wa,-alh=.\CortexM3\ARM_GCC_541\Debug/lv_draw_img.lst -g -D DEBUG -D CY_CORE_ID=0 -Wall -ffunction-sections -ffat-lto-objects -O0 -c lvgl\lv_draw\lv_draw_img.c -o .\CortexM3\ARM_GCC_541\Debug\lv_draw_img.o
arm-none-eabi-gcc.exe -mcpu=cortex-m3 -mthumb -I.\lvgl -I.\lv_examples -I.\lv_drivers -I.\lv_examples\lv_tests -I. -IGenerated_Source\PSoC5 -Wa,-alh=.\CortexM3\ARM_GCC_541\Debug/lv_draw_label.lst -g -D DEBUG -D CY_CORE_ID=0 -Wall -ffunction-sections -ffat-lto-objects -O0 -c lvgl\lv_draw\lv_draw_label.c -o .\CortexM3\ARM_GCC_541\Debug\lv_draw_label.o
arm-none-eabi-gcc.exe -mcpu=cortex-m3 -mthumb -I.\lvgl -I.\lv_examples -I.\lv_drivers -I.\lv_examples\lv_tests -I. -IGenerated_Source\PSoC5 -Wa,-alh=.\CortexM3\ARM_GCC_541\Debug/lv_draw_line.lst -g -D DEBUG -D CY_CORE_ID=0 -Wall -ffunction-sections -ffat-lto-objects -O0 -c lvgl\lv_draw\lv_draw_line.c -o .\CortexM3\ARM_GCC_541\Debug\lv_draw_line.o
arm-none-eabi-gcc.exe -mcpu=cortex-m3 -mthumb -I.\lvgl -I.\lv_examples -I.\lv_drivers -I.\lv_examples\lv_tests -I. -IGenerated_Source\PSoC5 -Wa,-alh=.\CortexM3\ARM_GCC_541\Debug/lv_draw_rbasic.lst -g -D DEBUG -D CY_CORE_ID=0 -Wall -ffunction-sections -ffat-lto-objects -O0 -c lvgl\lv_draw\lv_draw_rbasic.c -o .\CortexM3\ARM_GCC_541\Debug\lv_draw_rbasic.o
arm-none-eabi-gcc.exe -mcpu=cortex-m3 -mthumb -I.\lvgl -I.\lv_examples -I.\lv_drivers -I.\lv_examples\lv_tests -I. -IGenerated_Source\PSoC5 -Wa,-alh=.\CortexM3\ARM_GCC_541\Debug/lv_draw_rect.lst -g -D DEBUG -D CY_CORE_ID=0 -Wall -ffunction-sections -ffat-lto-objects -O0 -c lvgl\lv_draw\lv_draw_rect.c -o .\CortexM3\ARM_GCC_541\Debug\lv_draw_rect.o
arm-none-eabi-gcc.exe -mcpu=cortex-m3 -mthumb -I.\lvgl -I.\lv_examples -I.\lv_drivers -I.\lv_examples\lv_tests -I. -IGenerated_Source\PSoC5 -Wa,-alh=.\CortexM3\ARM_GCC_541\Debug/lv_draw_triangle.lst -g -D DEBUG -D CY_CORE_ID=0 -Wall -ffunction-sections -ffat-lto-objects -O0 -c lvgl\lv_draw\lv_draw_triangle.c -o .\CortexM3\ARM_GCC_541\Debug\lv_draw_triangle.o
arm-none-eabi-gcc.exe -mcpu=cortex-m3 -mthumb -I.\lvgl -I.\lv_examples -I.\lv_drivers -I.\lv_examples\lv_tests -I. -IGenerated_Source\PSoC5 -Wa,-alh=.\CortexM3\ARM_GCC_541\Debug/lv_draw_vbasic.lst -g -D DEBUG -D CY_CORE_ID=0 -Wall -ffunction-sections -ffat-lto-objects -O0 -c lvgl\lv_draw\lv_draw_vbasic.c -o .\CortexM3\ARM_GCC_541\Debug\lv_draw_vbasic.o
arm-none-eabi-gcc.exe -mcpu=cortex-m3 -mthumb -I.\lvgl -I.\lv_examples -I.\lv_drivers -I.\lv_examples\lv_tests -I. -IGenerated_Source\PSoC5 -Wa,-alh=.\CortexM3\ARM_GCC_541\Debug/lv_font_builtin.lst -g -D DEBUG -D CY_CORE_ID=0 -Wall -ffunction-sections -ffat-lto-objects -O0 -c lvgl\lv_fonts\lv_font_builtin.c -o .\CortexM3\ARM_GCC_541\Debug\lv_font_builtin.o
arm-none-eabi-gcc.exe -mcpu=cortex-m3 -mthumb -I.\lvgl -I.\lv_examples -I.\lv_drivers -I.\lv_examples\lv_tests -I. -IGenerated_Source\PSoC5 -Wa,-alh=.\CortexM3\ARM_GCC_541\Debug/lv_font_dejavu_10.lst -g -D DEBUG -D CY_CORE_ID=0 -Wall -ffunction-sections -ffat-lto-objects -O0 -c lvgl\lv_fonts\lv_font_dejavu_10.c -o .\CortexM3\ARM_GCC_541\Debug\lv_font_dejavu_10.o
arm-none-eabi-gcc.exe -mcpu=cortex-m3 -mthumb -I.\lvgl -I.\lv_examples -I.\lv_drivers -I.\lv_examples\lv_tests -I. -IGenerated_Source\PSoC5 -Wa,-alh=.\CortexM3\ARM_GCC_541\Debug/lv_font_dejavu_10_cyrillic.lst -g -D DEBUG -D CY_CORE_ID=0 -Wall -ffunction-sections -ffat-lto-objects -O0 -c lvgl\lv_fonts\lv_font_dejavu_10_cyrillic.c -o .\CortexM3\ARM_GCC_541\Debug\lv_font_dejavu_10_cyrillic.o
arm-none-eabi-gcc.exe -mcpu=cortex-m3 -mthumb -I.\lvgl -I.\lv_examples -I.\lv_drivers -I.\lv_examples\lv_tests -I. -IGenerated_Source\PSoC5 -Wa,-alh=.\CortexM3\ARM_GCC_541\Debug/lv_font_dejavu_10_latin_sup.lst -g -D DEBUG -D CY_CORE_ID=0 -Wall -ffunction-sections -ffat-lto-objects -O0 -c lvgl\lv_fonts\lv_font_dejavu_10_latin_sup.c -o .\CortexM3\ARM_GCC_541\Debug\lv_font_dejavu_10_latin_sup.o
arm-none-eabi-gcc.exe -mcpu=cortex-m3 -mthumb -I.\lvgl -I.\lv_examples -I.\lv_drivers -I.\lv_examples\lv_tests -I. -IGenerated_Source\PSoC5 -Wa,-alh=.\CortexM3\ARM_GCC_541\Debug/lv_font_dejavu_20.lst -g -D DEBUG -D CY_CORE_ID=0 -Wall -ffunction-sections -ffat-lto-objects -O0 -c lvgl\lv_fonts\lv_font_dejavu_20.c -o .\CortexM3\ARM_GCC_541\Debug\lv_font_dejavu_20.o
arm-none-eabi-gcc.exe -mcpu=cortex-m3 -mthumb -I.\lvgl -I.\lv_examples -I.\lv_drivers -I.\lv_examples\lv_tests -I. -IGenerated_Source\PSoC5 -Wa,-alh=.\CortexM3\ARM_GCC_541\Debug/lv_font_dejavu_20_cyrillic.lst -g -D DEBUG -D CY_CORE_ID=0 -Wall -ffunction-sections -ffat-lto-objects -O0 -c lvgl\lv_fonts\lv_font_dejavu_20_cyrillic.c -o .\CortexM3\ARM_GCC_541\Debug\lv_font_dejavu_20_cyrillic.o
arm-none-eabi-gcc.exe -mcpu=cortex-m3 -mthumb -I.\lvgl -I.\lv_examples -I.\lv_drivers -I.\lv_examples\lv_tests -I. -IGenerated_Source\PSoC5 -Wa,-alh=.\CortexM3\ARM_GCC_541\Debug/lv_font_dejavu_20_latin_sup.lst -g -D DEBUG -D CY_CORE_ID=0 -Wall -ffunction-sections -ffat-lto-objects -O0 -c lvgl\lv_fonts\lv_font_dejavu_20_latin_sup.c -o .\CortexM3\ARM_GCC_541\Debug\lv_font_dejavu_20_latin_sup.o
arm-none-eabi-gcc.exe -mcpu=cortex-m3 -mthumb -I.\lvgl -I.\lv_examples -I.\lv_drivers -I.\lv_examples\lv_tests -I. -IGenerated_Source\PSoC5 -Wa,-alh=.\CortexM3\ARM_GCC_541\Debug/lv_font_dejavu_30.lst -g -D DEBUG -D CY_CORE_ID=0 -Wall -ffunction-sections -ffat-lto-objects -O0 -c lvgl\lv_fonts\lv_font_dejavu_30.c -o .\CortexM3\ARM_GCC_541\Debug\lv_font_dejavu_30.o
arm-none-eabi-gcc.exe -mcpu=cortex-m3 -mthumb -I.\lvgl -I.\lv_examples -I.\lv_drivers -I.\lv_examples\lv_tests -I. -IGenerated_Source\PSoC5 -Wa,-alh=.\CortexM3\ARM_GCC_541\Debug/lv_font_dejavu_30_cyrillic.lst -g -D DEBUG -D CY_CORE_ID=0 -Wall -ffunction-sections -ffat-lto-objects -O0 -c lvgl\lv_fonts\lv_font_dejavu_30_cyrillic.c -o .\CortexM3\ARM_GCC_541\Debug\lv_font_dejavu_30_cyrillic.o
arm-none-eabi-gcc.exe -mcpu=cortex-m3 -mthumb -I.\lvgl -I.\lv_examples -I.\lv_drivers -I.\lv_examples\lv_tests -I. -IGenerated_Source\PSoC5 -Wa,-alh=.\CortexM3\ARM_GCC_541\Debug/lv_font_dejavu_30_latin_sup.lst -g -D DEBUG -D CY_CORE_ID=0 -Wall -ffunction-sections -ffat-lto-objects -O0 -c lvgl\lv_fonts\lv_font_dejavu_30_latin_sup.c -o .\CortexM3\ARM_GCC_541\Debug\lv_font_dejavu_30_latin_sup.o
arm-none-eabi-gcc.exe -mcpu=cortex-m3 -mthumb -I.\lvgl -I.\lv_examples -I.\lv_drivers -I.\lv_examples\lv_tests -I. -IGenerated_Source\PSoC5 -Wa,-alh=.\CortexM3\ARM_GCC_541\Debug/lv_font_dejavu_40.lst -g -D DEBUG -D CY_CORE_ID=0 -Wall -ffunction-sections -ffat-lto-objects -O0 -c lvgl\lv_fonts\lv_font_dejavu_40.c -o .\CortexM3\ARM_GCC_541\Debug\lv_font_dejavu_40.o
arm-none-eabi-gcc.exe -mcpu=cortex-m3 -mthumb -I.\lvgl -I.\lv_examples -I.\lv_drivers -I.\lv_examples\lv_tests -I. -IGenerated_Source\PSoC5 -Wa,-alh=.\CortexM3\ARM_GCC_541\Debug/lv_font_dejavu_40_cyrillic.lst -g -D DEBUG -D CY_CORE_ID=0 -Wall -ffunction-sections -ffat-lto-objects -O0 -c lvgl\lv_fonts\lv_font_dejavu_40_cyrillic.c -o .\CortexM3\ARM_GCC_541\Debug\lv_font_dejavu_40_cyrillic.o
arm-none-eabi-gcc.exe -mcpu=cortex-m3 -mthumb -I.\lvgl -I.\lv_examples -I.\lv_drivers -I.\lv_examples\lv_tests -I. -IGenerated_Source\PSoC5 -Wa,-alh=.\CortexM3\ARM_GCC_541\Debug/lv_font_dejavu_40_latin_sup.lst -g -D DEBUG -D CY_CORE_ID=0 -Wall -ffunction-sections -ffat-lto-objects -O0 -c lvgl\lv_fonts\lv_font_dejavu_40_latin_sup.c -o .\CortexM3\ARM_GCC_541\Debug\lv_font_dejavu_40_latin_sup.o
arm-none-eabi-gcc.exe -mcpu=cortex-m3 -mthumb -I.\lvgl -I.\lv_examples -I.\lv_drivers -I.\lv_examples\lv_tests -I. -IGenerated_Source\PSoC5 -Wa,-alh=.\CortexM3\ARM_GCC_541\Debug/lv_font_monospace_8.lst -g -D DEBUG -D CY_CORE_ID=0 -Wall -ffunction-sections -ffat-lto-objects -O0 -c lvgl\lv_fonts\lv_font_monospace_8.c -o .\CortexM3\ARM_GCC_541\Debug\lv_font_monospace_8.o
arm-none-eabi-gcc.exe -mcpu=cortex-m3 -mthumb -I.\lvgl -I.\lv_examples -I.\lv_drivers -I.\lv_examples\lv_tests -I. -IGenerated_Source\PSoC5 -Wa,-alh=.\CortexM3\ARM_GCC_541\Debug/lv_font_symbol_10.lst -g -D DEBUG -D CY_CORE_ID=0 -Wall -ffunction-sections -ffat-lto-objects -O0 -c lvgl\lv_fonts\lv_font_symbol_10.c -o .\CortexM3\ARM_GCC_541\Debug\lv_font_symbol_10.o
arm-none-eabi-gcc.exe -mcpu=cortex-m3 -mthumb -I.\lvgl -I.\lv_examples -I.\lv_drivers -I.\lv_examples\lv_tests -I. -IGenerated_Source\PSoC5 -Wa,-alh=.\CortexM3\ARM_GCC_541\Debug/lv_font_symbol_20.lst -g -D DEBUG -D CY_CORE_ID=0 -Wall -ffunction-sections -ffat-lto-objects -O0 -c lvgl\lv_fonts\lv_font_symbol_20.c -o .\CortexM3\ARM_GCC_541\Debug\lv_font_symbol_20.o
arm-none-eabi-gcc.exe -mcpu=cortex-m3 -mthumb -I.\lvgl -I.\lv_examples -I.\lv_drivers -I.\lv_examples\lv_tests -I. -IGenerated_Source\PSoC5 -Wa,-alh=.\CortexM3\ARM_GCC_541\Debug/lv_font_symbol_30.lst -g -D DEBUG -D CY_CORE_ID=0 -Wall -ffunction-sections -ffat-lto-objects -O0 -c lvgl\lv_fonts\lv_font_symbol_30.c -o .\CortexM3\ARM_GCC_541\Debug\lv_font_symbol_30.o
arm-none-eabi-gcc.exe -mcpu=cortex-m3 -mthumb -I.\lvgl -I.\lv_examples -I.\lv_drivers -I.\lv_examples\lv_tests -I. -IGenerated_Source\PSoC5 -Wa,-alh=.\CortexM3\ARM_GCC_541\Debug/lv_font_symbol_40.lst -g -D DEBUG -D CY_CORE_ID=0 -Wall -ffunction-sections -ffat-lto-objects -O0 -c lvgl\lv_fonts\lv_font_symbol_40.c -o .\CortexM3\ARM_GCC_541\Debug\lv_font_symbol_40.o
arm-none-eabi-gcc.exe -mcpu=cortex-m3 -mthumb -I.\lvgl -I.\lv_examples -I.\lv_drivers -I.\lv_examples\lv_tests -I. -IGenerated_Source\PSoC5 -Wa,-alh=.\CortexM3\ARM_GCC_541\Debug/lv_hal_disp.lst -g -D DEBUG -D CY_CORE_ID=0 -Wall -ffunction-sections -ffat-lto-objects -O0 -c lvgl\lv_hal\lv_hal_disp.c -o .\CortexM3\ARM_GCC_541\Debug\lv_hal_disp.o
arm-none-eabi-gcc.exe -mcpu=cortex-m3 -mthumb -I.\lvgl -I.\lv_examples -I.\lv_drivers -I.\lv_examples\lv_tests -I. -IGenerated_Source\PSoC5 -Wa,-alh=.\CortexM3\ARM_GCC_541\Debug/lv_hal_indev.lst -g -D DEBUG -D CY_CORE_ID=0 -Wall -ffunction-sections -ffat-lto-objects -O0 -c lvgl\lv_hal\lv_hal_indev.c -o .\CortexM3\ARM_GCC_541\Debug\lv_hal_indev.o
arm-none-eabi-gcc.exe -mcpu=cortex-m3 -mthumb -I.\lvgl -I.\lv_examples -I.\lv_drivers -I.\lv_examples\lv_tests -I. -IGenerated_Source\PSoC5 -Wa,-alh=.\CortexM3\ARM_GCC_541\Debug/lv_hal_tick.lst -g -D DEBUG -D CY_CORE_ID=0 -Wall -ffunction-sections -ffat-lto-objects -O0 -c lvgl\lv_hal\lv_hal_tick.c -o .\CortexM3\ARM_GCC_541\Debug\lv_hal_tick.o
arm-none-eabi-gcc.exe -mcpu=cortex-m3 -mthumb -I.\lvgl -I.\lv_examples -I.\lv_drivers -I.\lv_examples\lv_tests -I. -IGenerated_Source\PSoC5 -Wa,-alh=.\CortexM3\ARM_GCC_541\Debug/lv_anim.lst -g -D DEBUG -D CY_CORE_ID=0 -Wall -ffunction-sections -ffat-lto-objects -O0 -c lvgl\lv_misc\lv_anim.c -o .\CortexM3\ARM_GCC_541\Debug\lv_anim.o
arm-none-eabi-gcc.exe -mcpu=cortex-m3 -mthumb -I.\lvgl -I.\lv_examples -I.\lv_drivers -I.\lv_examples\lv_tests -I. -IGenerated_Source\PSoC5 -Wa,-alh=.\CortexM3\ARM_GCC_541\Debug/lv_area.lst -g -D DEBUG -D CY_CORE_ID=0 -Wall -ffunction-sections -ffat-lto-objects -O0 -c lvgl\lv_misc\lv_area.c -o .\CortexM3\ARM_GCC_541\Debug\lv_area.o
arm-none-eabi-gcc.exe -mcpu=cortex-m3 -mthumb -I.\lvgl -I.\lv_examples -I.\lv_drivers -I.\lv_examples\lv_tests -I. -IGenerated_Source\PSoC5 -Wa,-alh=.\CortexM3\ARM_GCC_541\Debug/lv_circ.lst -g -D DEBUG -D CY_CORE_ID=0 -Wall -ffunction-sections -ffat-lto-objects -O0 -c lvgl\lv_misc\lv_circ.c -o .\CortexM3\ARM_GCC_541\Debug\lv_circ.o
arm-none-eabi-gcc.exe -mcpu=cortex-m3 -mthumb -I.\lvgl -I.\lv_examples -I.\lv_drivers -I.\lv_examples\lv_tests -I. -IGenerated_Source\PSoC5 -Wa,-alh=.\CortexM3\ARM_GCC_541\Debug/lv_color.lst -g -D DEBUG -D CY_CORE_ID=0 -Wall -ffunction-sections -ffat-lto-objects -O0 -c lvgl\lv_misc\lv_color.c -o .\CortexM3\ARM_GCC_541\Debug\lv_color.o
arm-none-eabi-gcc.exe -mcpu=cortex-m3 -mthumb -I.\lvgl -I.\lv_examples -I.\lv_drivers -I.\lv_examples\lv_tests -I. -IGenerated_Source\PSoC5 -Wa,-alh=.\CortexM3\ARM_GCC_541\Debug/lv_font.lst -g -D DEBUG -D CY_CORE_ID=0 -Wall -ffunction-sections -ffat-lto-objects -O0 -c lvgl\lv_misc\lv_font.c -o .\CortexM3\ARM_GCC_541\Debug\lv_font.o
arm-none-eabi-gcc.exe -mcpu=cortex-m3 -mthumb -I.\lvgl -I.\lv_examples -I.\lv_drivers -I.\lv_examples\lv_tests -I. -IGenerated_Source\PSoC5 -Wa,-alh=.\CortexM3\ARM_GCC_541\Debug/lv_fs.lst -g -D DEBUG -D CY_CORE_ID=0 -Wall -ffunction-sections -ffat-lto-objects -O0 -c lvgl\lv_misc\lv_fs.c -o .\CortexM3\ARM_GCC_541\Debug\lv_fs.o
arm-none-eabi-gcc.exe -mcpu=cortex-m3 -mthumb -I.\lvgl -I.\lv_examples -I.\lv_drivers -I.\lv_examples\lv_tests -I. -IGenerated_Source\PSoC5 -Wa,-alh=.\CortexM3\ARM_GCC_541\Debug/lv_gc.lst -g -D DEBUG -D CY_CORE_ID=0 -Wall -ffunction-sections -ffat-lto-objects -O0 -c lvgl\lv_misc\lv_gc.c -o .\CortexM3\ARM_GCC_541\Debug\lv_gc.o
arm-none-eabi-gcc.exe -mcpu=cortex-m3 -mthumb -I.\lvgl -I.\lv_examples -I.\lv_drivers -I.\lv_examples\lv_tests -I. -IGenerated_Source\PSoC5 -Wa,-alh=.\CortexM3\ARM_GCC_541\Debug/lv_ll.lst -g -D DEBUG -D CY_CORE_ID=0 -Wall -ffunction-sections -ffat-lto-objects -O0 -c lvgl\lv_misc\lv_ll.c -o .\CortexM3\ARM_GCC_541\Debug\lv_ll.o
arm-none-eabi-gcc.exe -mcpu=cortex-m3 -mthumb -I.\lvgl -I.\lv_examples -I.\lv_drivers -I.\lv_examples\lv_tests -I. -IGenerated_Source\PSoC5 -Wa,-alh=.\CortexM3\ARM_GCC_541\Debug/lv_log.lst -g -D DEBUG -D CY_CORE_ID=0 -Wall -ffunction-sections -ffat-lto-objects -O0 -c lvgl\lv_misc\lv_log.c -o .\CortexM3\ARM_GCC_541\Debug\lv_log.o
arm-none-eabi-gcc.exe -mcpu=cortex-m3 -mthumb -I.\lvgl -I.\lv_examples -I.\lv_drivers -I.\lv_examples\lv_tests -I. -IGenerated_Source\PSoC5 -Wa,-alh=.\CortexM3\ARM_GCC_541\Debug/lv_math.lst -g -D DEBUG -D CY_CORE_ID=0 -Wall -ffunction-sections -ffat-lto-objects -O0 -c lvgl\lv_misc\lv_math.c -o .\CortexM3\ARM_GCC_541\Debug\lv_math.o
arm-none-eabi-gcc.exe -mcpu=cortex-m3 -mthumb -I.\lvgl -I.\lv_examples -I.\lv_drivers -I.\lv_examples\lv_tests -I. -IGenerated_Source\PSoC5 -Wa,-alh=.\CortexM3\ARM_GCC_541\Debug/lv_mem.lst -g -D DEBUG -D CY_CORE_ID=0 -Wall -ffunction-sections -ffat-lto-objects -O0 -c lvgl\lv_misc\lv_mem.c -o .\CortexM3\ARM_GCC_541\Debug\lv_mem.o
arm-none-eabi-gcc.exe -mcpu=cortex-m3 -mthumb -I.\lvgl -I.\lv_examples -I.\lv_drivers -I.\lv_examples\lv_tests -I. -IGenerated_Source\PSoC5 -Wa,-alh=.\CortexM3\ARM_GCC_541\Debug/lv_task.lst -g -D DEBUG -D CY_CORE_ID=0 -Wall -ffunction-sections -ffat-lto-objects -O0 -c lvgl\lv_misc\lv_task.c -o .\CortexM3\ARM_GCC_541\Debug\lv_task.o
arm-none-eabi-gcc.exe -mcpu=cortex-m3 -mthumb -I.\lvgl -I.\lv_examples -I.\lv_drivers -I.\lv_examples\lv_tests -I. -IGenerated_Source\PSoC5 -Wa,-alh=.\CortexM3\ARM_GCC_541\Debug/lv_templ.lst -g -D DEBUG -D CY_CORE_ID=0 -Wall -ffunction-sections -ffat-lto-objects -O0 -c lvgl\lv_misc\lv_templ.c -o .\CortexM3\ARM_GCC_541\Debug\lv_templ.o
arm-none-eabi-gcc.exe -mcpu=cortex-m3 -mthumb -I.\lvgl -I.\lv_examples -I.\lv_drivers -I.\lv_examples\lv_tests -I. -IGenerated_Source\PSoC5 -Wa,-alh=.\CortexM3\ARM_GCC_541\Debug/lv_txt.lst -g -D DEBUG -D CY_CORE_ID=0 -Wall -ffunction-sections -ffat-lto-objects -O0 -c lvgl\lv_misc\lv_txt.c -o .\CortexM3\ARM_GCC_541\Debug\lv_txt.o
arm-none-eabi-gcc.exe -mcpu=cortex-m3 -mthumb -I.\lvgl -I.\lv_examples -I.\lv_drivers -I.\lv_examples\lv_tests -I. -IGenerated_Source\PSoC5 -Wa,-alh=.\CortexM3\ARM_GCC_541\Debug/lv_ufs.lst -g -D DEBUG -D CY_CORE_ID=0 -Wall -ffunction-sections -ffat-lto-objects -O0 -c lvgl\lv_misc\lv_ufs.c -o .\CortexM3\ARM_GCC_541\Debug\lv_ufs.o
arm-none-eabi-gcc.exe -mcpu=cortex-m3 -mthumb -I.\lvgl -I.\lv_examples -I.\lv_drivers -I.\lv_examples\lv_tests -I. -IGenerated_Source\PSoC5 -Wa,-alh=.\CortexM3\ARM_GCC_541\Debug/lv_label.lst -g -D DEBUG -D CY_CORE_ID=0 -Wall -ffunction-sections -ffat-lto-objects -O0 -c lvgl\lv_objx\lv_label.c -o .\CortexM3\ARM_GCC_541\Debug\lv_label.o
arm-none-eabi-gcc.exe -mcpu=cortex-m3 -mthumb -I.\lvgl -I.\lv_examples -I.\lv_drivers -I.\lv_examples\lv_tests -I. -IGenerated_Source\PSoC5 -Wa,-alh=.\CortexM3\ARM_GCC_541\Debug/lv_led.lst -g -D DEBUG -D CY_CORE_ID=0 -Wall -ffunction-sections -ffat-lto-objects -O0 -c lvgl\lv_objx\lv_led.c -o .\CortexM3\ARM_GCC_541\Debug\lv_led.o
arm-none-eabi-gcc.exe -mcpu=cortex-m3 -mthumb -I.\lvgl -I.\lv_examples -I.\lv_drivers -I.\lv_examples\lv_tests -I. -IGenerated_Source\PSoC5 -Wa,-alh=.\CortexM3\ARM_GCC_541\Debug/lv_line.lst -g -D DEBUG -D CY_CORE_ID=0 -Wall -ffunction-sections -ffat-lto-objects -O0 -c lvgl\lv_objx\lv_line.c -o .\CortexM3\ARM_GCC_541\Debug\lv_line.o
arm-none-eabi-gcc.exe -mcpu=cortex-m3 -mthumb -I.\lvgl -I.\lv_examples -I.\lv_drivers -I.\lv_examples\lv_tests -I. -IGenerated_Source\PSoC5 -Wa,-alh=.\CortexM3\ARM_GCC_541\Debug/lv_list.lst -g -D DEBUG -D CY_CORE_ID=0 -Wall -ffunction-sections -ffat-lto-objects -O0 -c lvgl\lv_objx\lv_list.c -o .\CortexM3\ARM_GCC_541\Debug\lv_list.o
arm-none-eabi-gcc.exe -mcpu=cortex-m3 -mthumb -I.\lvgl -I.\lv_examples -I.\lv_drivers -I.\lv_examples\lv_tests -I. -IGenerated_Source\PSoC5 -Wa,-alh=.\CortexM3\ARM_GCC_541\Debug/lv_lmeter.lst -g -D DEBUG -D CY_CORE_ID=0 -Wall -ffunction-sections -ffat-lto-objects -O0 -c lvgl\lv_objx\lv_lmeter.c -o .\CortexM3\ARM_GCC_541\Debug\lv_lmeter.o
arm-none-eabi-gcc.exe -mcpu=cortex-m3 -mthumb -I.\lvgl -I.\lv_examples -I.\lv_drivers -I.\lv_examples\lv_tests -I. -IGenerated_Source\PSoC5 -Wa,-alh=.\CortexM3\ARM_GCC_541\Debug/lv_mbox.lst -g -D DEBUG -D CY_CORE_ID=0 -Wall -ffunction-sections -ffat-lto-objects -O0 -c lvgl\lv_objx\lv_mbox.c -o .\CortexM3\ARM_GCC_541\Debug\lv_mbox.o
arm-none-eabi-gcc.exe -mcpu=cortex-m3 -mthumb -I.\lvgl -I.\lv_examples -I.\lv_drivers -I.\lv_examples\lv_tests -I. -IGenerated_Source\PSoC5 -Wa,-alh=.\CortexM3\ARM_GCC_541\Debug/lv_objx_templ.lst -g -D DEBUG -D CY_CORE_ID=0 -Wall -ffunction-sections -ffat-lto-objects -O0 -c lvgl\lv_objx\lv_objx_templ.c -o .\CortexM3\ARM_GCC_541\Debug\lv_objx_templ.o
arm-none-eabi-gcc.exe -mcpu=cortex-m3 -mthumb -I.\lvgl -I.\lv_examples -I.\lv_drivers -I.\lv_examples\lv_tests -I. -IGenerated_Source\PSoC5 -Wa,-alh=.\CortexM3\ARM_GCC_541\Debug/lv_page.lst -g -D DEBUG -D CY_CORE_ID=0 -Wall -ffunction-sections -ffat-lto-objects -O0 -c lvgl\lv_objx\lv_page.c -o .\CortexM3\ARM_GCC_541\Debug\lv_page.o
arm-none-eabi-gcc.exe -mcpu=cortex-m3 -mthumb -I.\lvgl -I.\lv_examples -I.\lv_drivers -I.\lv_examples\lv_tests -I. -IGenerated_Source\PSoC5 -Wa,-alh=.\CortexM3\ARM_GCC_541\Debug/lv_preload.lst -g -D DEBUG -D CY_CORE_ID=0 -Wall -ffunction-sections -ffat-lto-objects -O0 -c lvgl\lv_objx\lv_preload.c -o .\CortexM3\ARM_GCC_541\Debug\lv_preload.o
arm-none-eabi-gcc.exe -mcpu=cortex-m3 -mthumb -I.\lvgl -I.\lv_examples -I.\lv_drivers -I.\lv_examples\lv_tests -I. -IGenerated_Source\PSoC5 -Wa,-alh=.\CortexM3\ARM_GCC_541\Debug/lv_roller.lst -g -D DEBUG -D CY_CORE_ID=0 -Wall -ffunction-sections -ffat-lto-objects -O0 -c lvgl\lv_objx\lv_roller.c -o .\CortexM3\ARM_GCC_541\Debug\lv_roller.o
arm-none-eabi-gcc.exe -mcpu=cortex-m3 -mthumb -I.\lvgl -I.\lv_examples -I.\lv_drivers -I.\lv_examples\lv_tests -I. -IGenerated_Source\PSoC5 -Wa,-alh=.\CortexM3\ARM_GCC_541\Debug/lv_slider.lst -g -D DEBUG -D CY_CORE_ID=0 -Wall -ffunction-sections -ffat-lto-objects -O0 -c lvgl\lv_objx\lv_slider.c -o .\CortexM3\ARM_GCC_541\Debug\lv_slider.o
arm-none-eabi-gcc.exe -mcpu=cortex-m3 -mthumb -I.\lvgl -I.\lv_examples -I.\lv_drivers -I.\lv_examples\lv_tests -I. -IGenerated_Source\PSoC5 -Wa,-alh=.\CortexM3\ARM_GCC_541\Debug/lv_spinbox.lst -g -D DEBUG -D CY_CORE_ID=0 -Wall -ffunction-sections -ffat-lto-objects -O0 -c lvgl\lv_objx\lv_spinbox.c -o .\CortexM3\ARM_GCC_541\Debug\lv_spinbox.o
arm-none-eabi-gcc.exe -mcpu=cortex-m3 -mthumb -I.\lvgl -I.\lv_examples -I.\lv_drivers -I.\lv_examples\lv_tests -I. -IGenerated_Source\PSoC5 -Wa,-alh=.\CortexM3\ARM_GCC_541\Debug/lv_sw.lst -g -D DEBUG -D CY_CORE_ID=0 -Wall -ffunction-sections -ffat-lto-objects -O0 -c lvgl\lv_objx\lv_sw.c -o .\CortexM3\ARM_GCC_541\Debug\lv_sw.o
arm-none-eabi-gcc.exe -mcpu=cortex-m3 -mthumb -I.\lvgl -I.\lv_examples -I.\lv_drivers -I.\lv_examples\lv_tests -I. -IGenerated_Source\PSoC5 -Wa,-alh=.\CortexM3\ARM_GCC_541\Debug/lv_ta.lst -g -D DEBUG -D CY_CORE_ID=0 -Wall -ffunction-sections -ffat-lto-objects -O0 -c lvgl\lv_objx\lv_ta.c -o .\CortexM3\ARM_GCC_541\Debug\lv_ta.o
arm-none-eabi-gcc.exe -mcpu=cortex-m3 -mthumb -I.\lvgl -I.\lv_examples -I.\lv_drivers -I.\lv_examples\lv_tests -I. -IGenerated_Source\PSoC5 -Wa,-alh=.\CortexM3\ARM_GCC_541\Debug/lv_table.lst -g -D DEBUG -D CY_CORE_ID=0 -Wall -ffunction-sections -ffat-lto-objects -O0 -c lvgl\lv_objx\lv_table.c -o .\CortexM3\ARM_GCC_541\Debug\lv_table.o
arm-none-eabi-gcc.exe -mcpu=cortex-m3 -mthumb -I.\lvgl -I.\lv_examples -I.\lv_drivers -I.\lv_examples\lv_tests -I. -IGenerated_Source\PSoC5 -Wa,-alh=.\CortexM3\ARM_GCC_541\Debug/lv_tabview.lst -g -D DEBUG -D CY_CORE_ID=0 -Wall -ffunction-sections -ffat-lto-objects -O0 -c lvgl\lv_objx\lv_tabview.c -o .\CortexM3\ARM_GCC_541\Debug\lv_tabview.o
arm-none-eabi-gcc.exe -mcpu=cortex-m3 -mthumb -I.\lvgl -I.\lv_examples -I.\lv_drivers -I.\lv_examples\lv_tests -I. -IGenerated_Source\PSoC5 -Wa,-alh=.\CortexM3\ARM_GCC_541\Debug/lv_tileview.lst -g -D DEBUG -D CY_CORE_ID=0 -Wall -ffunction-sections -ffat-lto-objects -O0 -c lvgl\lv_objx\lv_tileview.c -o .\CortexM3\ARM_GCC_541\Debug\lv_tileview.o
arm-none-eabi-gcc.exe -mcpu=cortex-m3 -mthumb -I.\lvgl -I.\lv_examples -I.\lv_drivers -I.\lv_examples\lv_tests -I. -IGenerated_Source\PSoC5 -Wa,-alh=.\CortexM3\ARM_GCC_541\Debug/lv_win.lst -g -D DEBUG -D CY_CORE_ID=0 -Wall -ffunction-sections -ffat-lto-objects -O0 -c lvgl\lv_objx\lv_win.c -o .\CortexM3\ARM_GCC_541\Debug\lv_win.o
arm-none-eabi-gcc.exe -mcpu=cortex-m3 -mthumb -I.\lvgl -I.\lv_examples -I.\lv_drivers -I.\lv_examples\lv_tests -I. -IGenerated_Source\PSoC5 -Wa,-alh=.\CortexM3\ARM_GCC_541\Debug/lv_arc.lst -g -D DEBUG -D CY_CORE_ID=0 -Wall -ffunction-sections -ffat-lto-objects -O0 -c lvgl\lv_objx\lv_arc.c -o .\CortexM3\ARM_GCC_541\Debug\lv_arc.o
arm-none-eabi-gcc.exe -mcpu=cortex-m3 -mthumb -I.\lvgl -I.\lv_examples -I.\lv_drivers -I.\lv_examples\lv_tests -I. -IGenerated_Source\PSoC5 -Wa,-alh=.\CortexM3\ARM_GCC_541\Debug/lv_bar.lst -g -D DEBUG -D CY_CORE_ID=0 -Wall -ffunction-sections -ffat-lto-objects -O0 -c lvgl\lv_objx\lv_bar.c -o .\CortexM3\ARM_GCC_541\Debug\lv_bar.o
arm-none-eabi-gcc.exe -mcpu=cortex-m3 -mthumb -I.\lvgl -I.\lv_examples -I.\lv_drivers -I.\lv_examples\lv_tests -I. -IGenerated_Source\PSoC5 -Wa,-alh=.\CortexM3\ARM_GCC_541\Debug/lv_btn.lst -g -D DEBUG -D CY_CORE_ID=0 -Wall -ffunction-sections -ffat-lto-objects -O0 -c lvgl\lv_objx\lv_btn.c -o .\CortexM3\ARM_GCC_541\Debug\lv_btn.o
arm-none-eabi-gcc.exe -mcpu=cortex-m3 -mthumb -I.\lvgl -I.\lv_examples -I.\lv_drivers -I.\lv_examples\lv_tests -I. -IGenerated_Source\PSoC5 -Wa,-alh=.\CortexM3\ARM_GCC_541\Debug/lv_btnm.lst -g -D DEBUG -D CY_CORE_ID=0 -Wall -ffunction-sections -ffat-lto-objects -O0 -c lvgl\lv_objx\lv_btnm.c -o .\CortexM3\ARM_GCC_541\Debug\lv_btnm.o
arm-none-eabi-gcc.exe -mcpu=cortex-m3 -mthumb -I.\lvgl -I.\lv_examples -I.\lv_drivers -I.\lv_examples\lv_tests -I. -IGenerated_Source\PSoC5 -Wa,-alh=.\CortexM3\ARM_GCC_541\Debug/lv_calendar.lst -g -D DEBUG -D CY_CORE_ID=0 -Wall -ffunction-sections -ffat-lto-objects -O0 -c lvgl\lv_objx\lv_calendar.c -o .\CortexM3\ARM_GCC_541\Debug\lv_calendar.o
arm-none-eabi-gcc.exe -mcpu=cortex-m3 -mthumb -I.\lvgl -I.\lv_examples -I.\lv_drivers -I.\lv_examples\lv_tests -I. -IGenerated_Source\PSoC5 -Wa,-alh=.\CortexM3\ARM_GCC_541\Debug/lv_canvas.lst -g -D DEBUG -D CY_CORE_ID=0 -Wall -ffunction-sections -ffat-lto-objects -O0 -c lvgl\lv_objx\lv_canvas.c -o .\CortexM3\ARM_GCC_541\Debug\lv_canvas.o
arm-none-eabi-gcc.exe -mcpu=cortex-m3 -mthumb -I.\lvgl -I.\lv_examples -I.\lv_drivers -I.\lv_examples\lv_tests -I. -IGenerated_Source\PSoC5 -Wa,-alh=.\CortexM3\ARM_GCC_541\Debug/lv_cb.lst -g -D DEBUG -D CY_CORE_ID=0 -Wall -ffunction-sections -ffat-lto-objects -O0 -c lvgl\lv_objx\lv_cb.c -o .\CortexM3\ARM_GCC_541\Debug\lv_cb.o
arm-none-eabi-gcc.exe -mcpu=cortex-m3 -mthumb -I.\lvgl -I.\lv_examples -I.\lv_drivers -I.\lv_examples\lv_tests -I. -IGenerated_Source\PSoC5 -Wa,-alh=.\CortexM3\ARM_GCC_541\Debug/lv_chart.lst -g -D DEBUG -D CY_CORE_ID=0 -Wall -ffunction-sections -ffat-lto-objects -O0 -c lvgl\lv_objx\lv_chart.c -o .\CortexM3\ARM_GCC_541\Debug\lv_chart.o
arm-none-eabi-gcc.exe -mcpu=cortex-m3 -mthumb -I.\lvgl -I.\lv_examples -I.\lv_drivers -I.\lv_examples\lv_tests -I. -IGenerated_Source\PSoC5 -Wa,-alh=.\CortexM3\ARM_GCC_541\Debug/lv_cont.lst -g -D DEBUG -D CY_CORE_ID=0 -Wall -ffunction-sections -ffat-lto-objects -O0 -c lvgl\lv_objx\lv_cont.c -o .\CortexM3\ARM_GCC_541\Debug\lv_cont.o
arm-none-eabi-gcc.exe -mcpu=cortex-m3 -mthumb -I.\lvgl -I.\lv_examples -I.\lv_drivers -I.\lv_examples\lv_tests -I. -IGenerated_Source\PSoC5 -Wa,-alh=.\CortexM3\ARM_GCC_541\Debug/lv_ddlist.lst -g -D DEBUG -D CY_CORE_ID=0 -Wall -ffunction-sections -ffat-lto-objects -O0 -c lvgl\lv_objx\lv_ddlist.c -o .\CortexM3\ARM_GCC_541\Debug\lv_ddlist.o
arm-none-eabi-gcc.exe -mcpu=cortex-m3 -mthumb -I.\lvgl -I.\lv_examples -I.\lv_drivers -I.\lv_examples\lv_tests -I. -IGenerated_Source\PSoC5 -Wa,-alh=.\CortexM3\ARM_GCC_541\Debug/lv_gauge.lst -g -D DEBUG -D CY_CORE_ID=0 -Wall -ffunction-sections -ffat-lto-objects -O0 -c lvgl\lv_objx\lv_gauge.c -o .\CortexM3\ARM_GCC_541\Debug\lv_gauge.o
arm-none-eabi-gcc.exe -mcpu=cortex-m3 -mthumb -I.\lvgl -I.\lv_examples -I.\lv_drivers -I.\lv_examples\lv_tests -I. -IGenerated_Source\PSoC5 -Wa,-alh=.\CortexM3\ARM_GCC_541\Debug/lv_img.lst -g -D DEBUG -D CY_CORE_ID=0 -Wall -ffunction-sections -ffat-lto-objects -O0 -c lvgl\lv_objx\lv_img.c -o .\CortexM3\ARM_GCC_541\Debug\lv_img.o
arm-none-eabi-gcc.exe -mcpu=cortex-m3 -mthumb -I.\lvgl -I.\lv_examples -I.\lv_drivers -I.\lv_examples\lv_tests -I. -IGenerated_Source\PSoC5 -Wa,-alh=.\CortexM3\ARM_GCC_541\Debug/lv_imgbtn.lst -g -D DEBUG -D CY_CORE_ID=0 -Wall -ffunction-sections -ffat-lto-objects -O0 -c lvgl\lv_objx\lv_imgbtn.c -o .\CortexM3\ARM_GCC_541\Debug\lv_imgbtn.o
arm-none-eabi-gcc.exe -mcpu=cortex-m3 -mthumb -I.\lvgl -I.\lv_examples -I.\lv_drivers -I.\lv_examples\lv_tests -I. -IGenerated_Source\PSoC5 -Wa,-alh=.\CortexM3\ARM_GCC_541\Debug/lv_kb.lst -g -D DEBUG -D CY_CORE_ID=0 -Wall -ffunction-sections -ffat-lto-objects -O0 -c lvgl\lv_objx\lv_kb.c -o .\CortexM3\ARM_GCC_541\Debug\lv_kb.o
arm-none-eabi-gcc.exe -mcpu=cortex-m3 -mthumb -I.\lvgl -I.\lv_examples -I.\lv_drivers -I.\lv_examples\lv_tests -I. -IGenerated_Source\PSoC5 -Wa,-alh=.\CortexM3\ARM_GCC_541\Debug/lv_theme.lst -g -D DEBUG -D CY_CORE_ID=0 -Wall -ffunction-sections -ffat-lto-objects -O0 -c lvgl\lv_themes\lv_theme.c -o .\CortexM3\ARM_GCC_541\Debug\lv_theme.o
arm-none-eabi-gcc.exe -mcpu=cortex-m3 -mthumb -I.\lvgl -I.\lv_examples -I.\lv_drivers -I.\lv_examples\lv_tests -I. -IGenerated_Source\PSoC5 -Wa,-alh=.\CortexM3\ARM_GCC_541\Debug/lv_theme_alien.lst -g -D DEBUG -D CY_CORE_ID=0 -Wall -ffunction-sections -ffat-lto-objects -O0 -c lvgl\lv_themes\lv_theme_alien.c -o .\CortexM3\ARM_GCC_541\Debug\lv_theme_alien.o
arm-none-eabi-gcc.exe -mcpu=cortex-m3 -mthumb -I.\lvgl -I.\lv_examples -I.\lv_drivers -I.\lv_examples\lv_tests -I. -IGenerated_Source\PSoC5 -Wa,-alh=.\CortexM3\ARM_GCC_541\Debug/lv_theme_default.lst -g -D DEBUG -D CY_CORE_ID=0 -Wall -ffunction-sections -ffat-lto-objects -O0 -c lvgl\lv_themes\lv_theme_default.c -o .\CortexM3\ARM_GCC_541\Debug\lv_theme_default.o
arm-none-eabi-gcc.exe -mcpu=cortex-m3 -mthumb -I.\lvgl -I.\lv_examples -I.\lv_drivers -I.\lv_examples\lv_tests -I. -IGenerated_Source\PSoC5 -Wa,-alh=.\CortexM3\ARM_GCC_541\Debug/lv_theme_material.lst -g -D DEBUG -D CY_CORE_ID=0 -Wall -ffunction-sections -ffat-lto-objects -O0 -c lvgl\lv_themes\lv_theme_material.c -o .\CortexM3\ARM_GCC_541\Debug\lv_theme_material.o
arm-none-eabi-gcc.exe -mcpu=cortex-m3 -mthumb -I.\lvgl -I.\lv_examples -I.\lv_drivers -I.\lv_examples\lv_tests -I. -IGenerated_Source\PSoC5 -Wa,-alh=.\CortexM3\ARM_GCC_541\Debug/lv_theme_mono.lst -g -D DEBUG -D CY_CORE_ID=0 -Wall -ffunction-sections -ffat-lto-objects -O0 -c lvgl\lv_themes\lv_theme_mono.c -o .\CortexM3\ARM_GCC_541\Debug\lv_theme_mono.o
arm-none-eabi-gcc.exe -mcpu=cortex-m3 -mthumb -I.\lvgl -I.\lv_examples -I.\lv_drivers -I.\lv_examples\lv_tests -I. -IGenerated_Source\PSoC5 -Wa,-alh=.\CortexM3\ARM_GCC_541\Debug/lv_theme_nemo.lst -g -D DEBUG -D CY_CORE_ID=0 -Wall -ffunction-sections -ffat-lto-objects -O0 -c lvgl\lv_themes\lv_theme_nemo.c -o .\CortexM3\ARM_GCC_541\Debug\lv_theme_nemo.o
arm-none-eabi-gcc.exe -mcpu=cortex-m3 -mthumb -I.\lvgl -I.\lv_examples -I.\lv_drivers -I.\lv_examples\lv_tests -I. -IGenerated_Source\PSoC5 -Wa,-alh=.\CortexM3\ARM_GCC_541\Debug/lv_theme_night.lst -g -D DEBUG -D CY_CORE_ID=0 -Wall -ffunction-sections -ffat-lto-objects -O0 -c lvgl\lv_themes\lv_theme_night.c -o .\CortexM3\ARM_GCC_541\Debug\lv_theme_night.o
arm-none-eabi-gcc.exe -mcpu=cortex-m3 -mthumb -I.\lvgl -I.\lv_examples -I.\lv_drivers -I.\lv_examples\lv_tests -I. -IGenerated_Source\PSoC5 -Wa,-alh=.\CortexM3\ARM_GCC_541\Debug/lv_theme_templ.lst -g -D DEBUG -D CY_CORE_ID=0 -Wall -ffunction-sections -ffat-lto-objects -O0 -c lvgl\lv_themes\lv_theme_templ.c -o .\CortexM3\ARM_GCC_541\Debug\lv_theme_templ.o
arm-none-eabi-gcc.exe -mcpu=cortex-m3 -mthumb -I.\lvgl -I.\lv_examples -I.\lv_drivers -I.\lv_examples\lv_tests -I. -IGenerated_Source\PSoC5 -Wa,-alh=.\CortexM3\ARM_GCC_541\Debug/lv_theme_zen.lst -g -D DEBUG -D CY_CORE_ID=0 -Wall -ffunction-sections -ffat-lto-objects -O0 -c lvgl\lv_themes\lv_theme_zen.c -o .\CortexM3\ARM_GCC_541\Debug\lv_theme_zen.o
arm-none-eabi-gcc.exe -mcpu=cortex-m3 -mthumb -I.\lvgl -I.\lv_examples -I.\lv_drivers -I.\lv_examples\lv_tests -I. -IGenerated_Source\PSoC5 -Wa,-alh=.\CortexM3\ARM_GCC_541\Debug/ili9341.lst -g -D DEBUG -D CY_CORE_ID=0 -Wall -ffunction-sections -ffat-lto-objects -O0 -c lv_drivers\ili9341.c -o .\CortexM3\ARM_GCC_541\Debug\ili9341.o
lv_drivers\ili9341.c: In function 'ILI9341_flush':
lv_drivers\ili9341.c:308:12: warning: unused variable 'act_w' [-Wunused-variable]
     uint16 act_w = act_x2 - act_x1 +1;
            ^
lv_drivers\ili9341.c: At top level:
lv_drivers\ili9341.c:345:13: warning: 'sendStartSequence' defined but not used [-Wunused-function]
 static void sendStartSequence(const uint8_t *buff, uint32_t len)
             ^
arm-none-eabi-gcc.exe -mcpu=cortex-m3 -mthumb -I.\lvgl -I.\lv_examples -I.\lv_drivers -I.\lv_examples\lv_tests -I. -IGenerated_Source\PSoC5 -Wa,-alh=.\CortexM3\ARM_GCC_541\Debug/cyfitter_cfg.lst -g -D DEBUG -D CY_CORE_ID=0 -Wall -ffunction-sections -ffat-lto-objects -O0 -c Generated_Source\PSoC5\cyfitter_cfg.c -o .\CortexM3\ARM_GCC_541\Debug\cyfitter_cfg.o
arm-none-eabi-gcc.exe -mcpu=cortex-m3 -mthumb -I.\lvgl -I.\lv_examples -I.\lv_drivers -I.\lv_examples\lv_tests -I. -IGenerated_Source\PSoC5 -Wa,-alh=.\CortexM3\ARM_GCC_541\Debug/cymetadata.lst -g -D DEBUG -D CY_CORE_ID=0 -Wall -ffunction-sections -ffat-lto-objects -O0 -c Generated_Source\PSoC5\cymetadata.c -o .\CortexM3\ARM_GCC_541\Debug\cymetadata.o
arm-none-eabi-gcc.exe -mcpu=cortex-m3 -mthumb -I.\lvgl -I.\lv_examples -I.\lv_drivers -I.\lv_examples\lv_tests -I. -IGenerated_Source\PSoC5 -Wa,-alh=.\CortexM3\ARM_GCC_541\Debug/GraphicLCDIntf.lst -g -D DEBUG -D CY_CORE_ID=0 -Wall -ffunction-sections -ffat-lto-objects -O0 -c Generated_Source\PSoC5\GraphicLCDIntf.c -o .\CortexM3\ARM_GCC_541\Debug\GraphicLCDIntf.o
arm-none-eabi-gcc.exe -mcpu=cortex-m3 -mthumb -I.\lvgl -I.\lv_examples -I.\lv_drivers -I.\lv_examples\lv_tests -I. -IGenerated_Source\PSoC5 -Wa,-alh=.\CortexM3\ARM_GCC_541\Debug/GraphicLCDIntf_PM.lst -g -D DEBUG -D CY_CORE_ID=0 -Wall -ffunction-sections -ffat-lto-objects -O0 -c Generated_Source\PSoC5\GraphicLCDIntf_PM.c -o .\CortexM3\ARM_GCC_541\Debug\GraphicLCDIntf_PM.o
arm-none-eabi-gcc.exe -mcpu=cortex-m3 -mthumb -I.\lvgl -I.\lv_examples -I.\lv_drivers -I.\lv_examples\lv_tests -I. -IGenerated_Source\PSoC5 -Wa,-alh=.\CortexM3\ARM_GCC_541\Debug/Clock_1.lst -g -D DEBUG -D CY_CORE_ID=0 -Wall -ffunction-sections -ffat-lto-objects -O0 -c Generated_Source\PSoC5\Clock_1.c -o .\CortexM3\ARM_GCC_541\Debug\Clock_1.o
arm-none-eabi-gcc.exe -mcpu=cortex-m3 -mthumb -I.\lvgl -I.\lv_examples -I.\lv_drivers -I.\lv_examples\lv_tests -I. -IGenerated_Source\PSoC5 -Wa,-alh=.\CortexM3\ARM_GCC_541\Debug/RST.lst -g -D DEBUG -D CY_CORE_ID=0 -Wall -ffunction-sections -ffat-lto-objects -O0 -c Generated_Source\PSoC5\RST.c -o .\CortexM3\ARM_GCC_541\Debug\RST.o
arm-none-eabi-gcc.exe -mcpu=cortex-m3 -mthumb -I.\lvgl -I.\lv_examples -I.\lv_drivers -I.\lv_examples\lv_tests -I. -IGenerated_Source\PSoC5 -Wa,-alh=.\CortexM3\ARM_GCC_541\Debug/cy_em_eeprom.lst -g -D DEBUG -D CY_CORE_ID=0 -Wall -ffunction-sections -ffat-lto-objects -O0 -c Generated_Source\PSoC5\cy_em_eeprom.c -o .\CortexM3\ARM_GCC_541\Debug\cy_em_eeprom.o
arm-none-eabi-gcc.exe -mcpu=cortex-m3 -mthumb -I.\lvgl -I.\lv_examples -I.\lv_drivers -I.\lv_examples\lv_tests -I. -IGenerated_Source\PSoC5 -Wa,-alh=.\CortexM3\ARM_GCC_541\Debug/Cm3Start.lst -g -D DEBUG -D CY_CORE_ID=0 -Wall -ffunction-sections -ffat-lto-objects -O0 -c Generated_Source\PSoC5\Cm3Start.c -o .\CortexM3\ARM_GCC_541\Debug\Cm3Start.o
arm-none-eabi-gcc.exe -mcpu=cortex-m3 -mthumb -I.\lvgl -I.\lv_examples -I.\lv_drivers -I.\lv_examples\lv_tests -I. -IGenerated_Source\PSoC5 -Wa,-alh=.\CortexM3\ARM_GCC_541\Debug/CyDmac.lst -g -D DEBUG -D CY_CORE_ID=0 -Wall -ffunction-sections -ffat-lto-objects -O0 -c Generated_Source\PSoC5\CyDmac.c -o .\CortexM3\ARM_GCC_541\Debug\CyDmac.o
arm-none-eabi-gcc.exe -mcpu=cortex-m3 -mthumb -I.\lvgl -I.\lv_examples -I.\lv_drivers -I.\lv_examples\lv_tests -I. -IGenerated_Source\PSoC5 -Wa,-alh=.\CortexM3\ARM_GCC_541\Debug/CyFlash.lst -g -D DEBUG -D CY_CORE_ID=0 -Wall -ffunction-sections -ffat-lto-objects -O0 -c Generated_Source\PSoC5\CyFlash.c -o .\CortexM3\ARM_GCC_541\Debug\CyFlash.o
arm-none-eabi-gcc.exe -mcpu=cortex-m3 -mthumb -I.\lvgl -I.\lv_examples -I.\lv_drivers -I.\lv_examples\lv_tests -I. -IGenerated_Source\PSoC5 -Wa,-alh=.\CortexM3\ARM_GCC_541\Debug/CyLib.lst -g -D DEBUG -D CY_CORE_ID=0 -Wall -ffunction-sections -ffat-lto-objects -O0 -c Generated_Source\PSoC5\CyLib.c -o .\CortexM3\ARM_GCC_541\Debug\CyLib.o
arm-none-eabi-gcc.exe -mcpu=cortex-m3 -mthumb -I.\lvgl -I.\lv_examples -I.\lv_drivers -I.\lv_examples\lv_tests -I. -IGenerated_Source\PSoC5 -Wa,-alh=.\CortexM3\ARM_GCC_541\Debug/cyPm.lst -g -D DEBUG -D CY_CORE_ID=0 -Wall -ffunction-sections -ffat-lto-objects -O0 -c Generated_Source\PSoC5\cyPm.c -o .\CortexM3\ARM_GCC_541\Debug\cyPm.o
arm-none-eabi-gcc.exe -mcpu=cortex-m3 -mthumb -I.\lvgl -I.\lv_examples -I.\lv_drivers -I.\lv_examples\lv_tests -I. -IGenerated_Source\PSoC5 -Wa,-alh=.\CortexM3\ARM_GCC_541\Debug/CySpc.lst -g -D DEBUG -D CY_CORE_ID=0 -Wall -ffunction-sections -ffat-lto-objects -O0 -c Generated_Source\PSoC5\CySpc.c -o .\CortexM3\ARM_GCC_541\Debug\CySpc.o
arm-none-eabi-gcc.exe -mcpu=cortex-m3 -mthumb -I.\lvgl -I.\lv_examples -I.\lv_drivers -I.\lv_examples\lv_tests -I. -IGenerated_Source\PSoC5 -Wa,-alh=.\CortexM3\ARM_GCC_541\Debug/cyutils.lst -g -D DEBUG -D CY_CORE_ID=0 -Wall -ffunction-sections -ffat-lto-objects -O0 -c Generated_Source\PSoC5\cyutils.c -o .\CortexM3\ARM_GCC_541\Debug\cyutils.o
arm-none-eabi-as.exe -mcpu=cortex-m3 -mthumb -I. -IGenerated_Source\PSoC5 -alh=.\CortexM3\ARM_GCC_541\Debug/CyBootAsmGnu.lst -g -W -o .\CortexM3\ARM_GCC_541\Debug\CyBootAsmGnu.o Generated_Source\PSoC5\CyBootAsmGnu.s
arm-none-eabi-ar.exe -rs .\CortexM3\ARM_GCC_541\Debug\LittlevGL(5v3)_demo_ILI9341.a .\CortexM3\ARM_GCC_541\Debug\GraphicLCDIntf.o .\CortexM3\ARM_GCC_541\Debug\GraphicLCDIntf_PM.o .\CortexM3\ARM_GCC_541\Debug\Clock_1.o .\CortexM3\ARM_GCC_541\Debug\RST.o .\CortexM3\ARM_GCC_541\Debug\cy_em_eeprom.o .\CortexM3\ARM_GCC_541\Debug\CyDmac.o .\CortexM3\ARM_GCC_541\Debug\CyFlash.o .\CortexM3\ARM_GCC_541\Debug\CyLib.o .\CortexM3\ARM_GCC_541\Debug\cyPm.o .\CortexM3\ARM_GCC_541\Debug\CySpc.o .\CortexM3\ARM_GCC_541\Debug\cyutils.o .\CortexM3\ARM_GCC_541\Debug\CyBootAsmGnu.o
arm-none-eabi-ar.exe: creating .\CortexM3\ARM_GCC_541\Debug\LittlevGL(5v3)_demo_ILI9341.a
arm-none-eabi-gcc.exe -Wl,--start-group -o "C:\Users\Sava\Documents\PSoC Creator\GUI_and_display\LittlevGL(5v3)_demo_ILI9341.cydsn\CortexM3\ARM_GCC_541\Debug\LittlevGL(5v3)_demo_ILI9341.elf" .\CortexM3\ARM_GCC_541\Debug\main.o .\CortexM3\ARM_GCC_541\Debug\lv_group.o .\CortexM3\ARM_GCC_541\Debug\lv_indev.o .\CortexM3\ARM_GCC_541\Debug\lv_lang.o .\CortexM3\ARM_GCC_541\Debug\lv_obj.o .\CortexM3\ARM_GCC_541\Debug\lv_refr.o .\CortexM3\ARM_GCC_541\Debug\lv_style.o .\CortexM3\ARM_GCC_541\Debug\lv_vdb.o .\CortexM3\ARM_GCC_541\Debug\lv_draw.o .\CortexM3\ARM_GCC_541\Debug\lv_draw_arc.o .\CortexM3\ARM_GCC_541\Debug\lv_draw_img.o .\CortexM3\ARM_GCC_541\Debug\lv_draw_label.o .\CortexM3\ARM_GCC_541\Debug\lv_draw_line.o .\CortexM3\ARM_GCC_541\Debug\lv_draw_rbasic.o .\CortexM3\ARM_GCC_541\Debug\lv_draw_rect.o .\CortexM3\ARM_GCC_541\Debug\lv_draw_triangle.o .\CortexM3\ARM_GCC_541\Debug\lv_draw_vbasic.o .\CortexM3\ARM_GCC_541\Debug\lv_font_builtin.o .\CortexM3\ARM_GCC_541\Debug\lv_font_dejavu_10.o .\CortexM3\ARM_GCC_541\Debug\lv_font_dejavu_10_cyrillic.o .\CortexM3\ARM_GCC_541\Debug\lv_font_dejavu_10_latin_sup.o .\CortexM3\ARM_GCC_541\Debug\lv_font_dejavu_20.o .\CortexM3\ARM_GCC_541\Debug\lv_font_dejavu_20_cyrillic.o .\CortexM3\ARM_GCC_541\Debug\lv_font_dejavu_20_latin_sup.o .\CortexM3\ARM_GCC_541\Debug\lv_font_dejavu_30.o .\CortexM3\ARM_GCC_541\Debug\lv_font_dejavu_30_cyrillic.o .\CortexM3\ARM_GCC_541\Debug\lv_font_dejavu_30_latin_sup.o .\CortexM3\ARM_GCC_541\Debug\lv_font_dejavu_40.o .\CortexM3\ARM_GCC_541\Debug\lv_font_dejavu_40_cyrillic.o .\CortexM3\ARM_GCC_541\Debug\lv_font_dejavu_40_latin_sup.o .\CortexM3\ARM_GCC_541\Debug\lv_font_monospace_8.o .\CortexM3\ARM_GCC_541\Debug\lv_font_symbol_10.o .\CortexM3\ARM_GCC_541\Debug\lv_font_symbol_20.o .\CortexM3\ARM_GCC_541\Debug\lv_font_symbol_30.o .\CortexM3\ARM_GCC_541\Debug\lv_font_symbol_40.o .\CortexM3\ARM_GCC_541\Debug\lv_hal_disp.o .\CortexM3\ARM_GCC_541\Debug\lv_hal_indev.o .\CortexM3\ARM_GCC_541\Debug\lv_hal_tick.o .\CortexM3\ARM_GCC_541\Debug\lv_anim.o .\CortexM3\ARM_GCC_541\Debug\lv_area.o .\CortexM3\ARM_GCC_541\Debug\lv_circ.o .\CortexM3\ARM_GCC_541\Debug\lv_color.o .\CortexM3\ARM_GCC_541\Debug\lv_font.o .\CortexM3\ARM_GCC_541\Debug\lv_fs.o .\CortexM3\ARM_GCC_541\Debug\lv_gc.o .\CortexM3\ARM_GCC_541\Debug\lv_ll.o .\CortexM3\ARM_GCC_541\Debug\lv_log.o .\CortexM3\ARM_GCC_541\Debug\lv_math.o .\CortexM3\ARM_GCC_541\Debug\lv_mem.o .\CortexM3\ARM_GCC_541\Debug\lv_task.o .\CortexM3\ARM_GCC_541\Debug\lv_templ.o .\CortexM3\ARM_GCC_541\Debug\lv_txt.o .\CortexM3\ARM_GCC_541\Debug\lv_ufs.o .\CortexM3\ARM_GCC_541\Debug\lv_label.o .\CortexM3\ARM_GCC_541\Debug\lv_led.o .\CortexM3\ARM_GCC_541\Debug\lv_line.o .\CortexM3\ARM_GCC_541\Debug\lv_list.o .\CortexM3\ARM_GCC_541\Debug\lv_lmeter.o .\CortexM3\ARM_GCC_541\Debug\lv_mbox.o .\CortexM3\ARM_GCC_541\Debug\lv_objx_templ.o .\CortexM3\ARM_GCC_541\Debug\lv_page.o .\CortexM3\ARM_GCC_541\Debug\lv_preload.o .\CortexM3\ARM_GCC_541\Debug\lv_roller.o .\CortexM3\ARM_GCC_541\Debug\lv_slider.o .\CortexM3\ARM_GCC_541\Debug\lv_spinbox.o .\CortexM3\ARM_GCC_541\Debug\lv_sw.o .\CortexM3\ARM_GCC_541\Debug\lv_ta.o .\CortexM3\ARM_GCC_541\Debug\lv_table.o .\CortexM3\ARM_GCC_541\Debug\lv_tabview.o .\CortexM3\ARM_GCC_541\Debug\lv_tileview.o .\CortexM3\ARM_GCC_541\Debug\lv_win.o .\CortexM3\ARM_GCC_541\Debug\lv_arc.o .\CortexM3\ARM_GCC_541\Debug\lv_bar.o .\CortexM3\ARM_GCC_541\Debug\lv_btn.o .\CortexM3\ARM_GCC_541\Debug\lv_btnm.o .\CortexM3\ARM_GCC_541\Debug\lv_calendar.o .\CortexM3\ARM_GCC_541\Debug\lv_canvas.o .\CortexM3\ARM_GCC_541\Debug\lv_cb.o .\CortexM3\ARM_GCC_541\Debug\lv_chart.o .\CortexM3\ARM_GCC_541\Debug\lv_cont.o .\CortexM3\ARM_GCC_541\Debug\lv_ddlist.o .\CortexM3\ARM_GCC_541\Debug\lv_gauge.o .\CortexM3\ARM_GCC_541\Debug\lv_img.o .\CortexM3\ARM_GCC_541\Debug\lv_imgbtn.o .\CortexM3\ARM_GCC_541\Debug\lv_kb.o .\CortexM3\ARM_GCC_541\Debug\lv_theme.o .\CortexM3\ARM_GCC_541\Debug\lv_theme_alien.o .\CortexM3\ARM_GCC_541\Debug\lv_theme_default.o .\CortexM3\ARM_GCC_541\Debug\lv_theme_material.o .\CortexM3\ARM_GCC_541\Debug\lv_theme_mono.o .\CortexM3\ARM_GCC_541\Debug\lv_theme_nemo.o .\CortexM3\ARM_GCC_541\Debug\lv_theme_night.o .\CortexM3\ARM_GCC_541\Debug\lv_theme_templ.o .\CortexM3\ARM_GCC_541\Debug\lv_theme_zen.o .\CortexM3\ARM_GCC_541\Debug\ili9341.o .\CortexM3\ARM_GCC_541\Debug\cyfitter_cfg.o .\CortexM3\ARM_GCC_541\Debug\cymetadata.o .\CortexM3\ARM_GCC_541\Debug\Cm3Start.o .\CortexM3\ARM_GCC_541\Debug\LittlevGL(5v3)_demo_ILI9341.a "C:\Program Files (x86)\Cypress\PSoC Creator\4.2\PSoC Creator\psoc\content\cycomponentlibrary\CyComponentLibrary.cylib\CortexM3\ARM_GCC_541\Debug\CyComponentLibrary.a" -mcpu=cortex-m3 -mthumb -l m -L Generated_Source\PSoC5 -Wl,-Map,.\CortexM3\ARM_GCC_541\Debug/LittlevGL(5v3)_demo_ILI9341.map -T Generated_Source\PSoC5\cm3gcc.ld -specs=nano.specs -Wl,--gc-sections -g -ffunction-sections -O0 -ffat-lto-objects -Wl,--end-group
cyelftool.exe -C "C:\Users\Sava\Documents\PSoC Creator\GUI_and_display\LittlevGL(5v3)_demo_ILI9341.cydsn\CortexM3\ARM_GCC_541\Debug\LittlevGL(5v3)_demo_ILI9341.elf" --flash_row_size 256 --flash_size 262144 --flash_offset 0x00000000
No ELF section .cychecksum found, creating one
Application checksum calculated and stored in ELF section .cychecksum
Checksum calculated and stored in ELF section .cymeta
cyelftool.exe -S "C:\Users\Sava\Documents\PSoC Creator\GUI_and_display\LittlevGL(5v3)_demo_ILI9341.cydsn\CortexM3\ARM_GCC_541\Debug\LittlevGL(5v3)_demo_ILI9341.elf"
Flash used: 1814 of 262144 bytes (0.7%).
SRAM used: 2509 of 65536 bytes (3.8%). Stack: 2048 bytes. Heap: 128 bytes.
--------------- Rebuild Succeeded: 05/31/2019 10:50:05 ---------------
