ARM GAS  C:\Users\Sava\AppData\Local\Temp\ccKkJycf.s 			page 1


   1              		.syntax unified
   2              		.cpu cortex-m3
   3              		.fpu softvfp
   4              		.eabi_attribute 20, 1
   5              		.eabi_attribute 21, 1
   6              		.eabi_attribute 23, 3
   7              		.eabi_attribute 24, 1
   8              		.eabi_attribute 25, 1
   9              		.eabi_attribute 26, 1
  10              		.eabi_attribute 30, 6
  11              		.eabi_attribute 34, 1
  12              		.eabi_attribute 18, 4
  13              		.thumb
  14              		.syntax unified
  15              		.file	"GraphicLCDIntf_PM.c"
  16              		.text
  17              	.Ltext0:
  18              		.section	.gnu.lto_.inline.d4c6d85,"",%progbits
  19 0000 789C6361 		.ascii	"x\234ca`d\000\201\020\006\004`a``fb``bZ \017d3\201\204"
  19      60640081 
  19      10060460 
  19      61606066 
  19      62606062 
  20 001b 18314498 		.ascii	"\0301D\230\030Xx\320\324p\001\011f\354\302\014\000\276"
  20      185878D0 
  20      D4700109 
  20      66ECC20C 
  20      00BE
  21 002d 8D03C8   		.ascii	"\215\003\310"
  22              		.text
  23              		.section	.gnu.lto_GraphicLCDIntf_SaveConfig.d4c6d85,"",%progbits
  24 0000 789C6361 		.ascii	"x\234ca`d\000\201R \326\005bQ\020\207\231\201\221\211"
  24      60640081 
  24      5220D605 
  24      62511087 
  24      99819189 
  25 0014 01881941 		.ascii	"\001\210\031Ar\214\014\365L\214\365\214_\231\37621\036"
  25      728C0CF5 
  25      4C8CF58C 
  25      5F99FE32 
  25      311E
  26 0026 6A7FB693 		.ascii	"j\177\266\223Isy\003\020<x\332\307\334\260\342\000c"
  26      49737903 
  26      103C78DA 
  26      C7DCB0E2 
  26      0063
  27 0038 2B3303C3 		.ascii	"+3\003\303\177&\260\031\014\214\313\0315\031\200\312"
  27      7F26B019 
  27      0C8CCB19 
  27      351980CA 
  28 0048 1E6DFC37 		.ascii	"\036m\3747\225\227\255\005\244L\001\"\311\270\202\221"
  28      9597AD05 
  28      A44C0122 
  28      C9B88291 
  29 0058 0D64D8FA 		.ascii	"\015d\330\372\240\003\015\377\37777\034\370\311\362"
  29      A0030DFF 
  29      FF37371C 
ARM GAS  C:\Users\Sava\AppData\Local\Temp\ccKkJycf.s 			page 2


  29      F8C9F2
  30 0067 1364C707 		.ascii	"\023d\307\007\260\316\217L@\212\371\025\320B\2402\260"
  30      B0CE8F4C 
  30      408AF915 
  30      D042A032 
  30      B0
  31 0078 491F9880 		.ascii	"I\037\230\200\252\201\202\332\356\251y\251E\211%\251"
  31      AA8182DA 
  31      EEA979A9 
  31      458925A9 
  32 0088 29F1C1F9 		.ascii	")\361\301\371\245E\311\2511\001\301\371\316\2461\356"
  32      A545C9A9 
  32      3101C1F9 
  32      CEA631EE 
  33 0098 45890519 		.ascii	"E\211\005\031\231\311>\316.\236y%i\361\001\276z\311"
  33      99C93ECE 
  33      2E9E7925 
  33      69F101BE 
  33      7AC9
  34 00aa 0C0078B8 		.ascii	"\014\000x\2704\227"
  34      3497
  35              		.text
  36              		.section	.gnu.lto_GraphicLCDIntf_RestoreConfig.d4c6d85,"",%progbits
  37 0000 789C6361 		.ascii	"x\234ca`d\000\201R \326\005bQ\020\207\231\201\221\211"
  37      60640081 
  37      5220D605 
  37      62511087 
  37      99819189 
  38 0014 01881941 		.ascii	"\001\210\031Ar\214\014\365L\214\365\214_\231\37621\036"
  38      728C0CF5 
  38      4C8CF58C 
  38      5F99FE32 
  38      311E
  39 0026 6A7FB693 		.ascii	"j\177\266\223Isy\003\020<X:\215\271a\305\001\306Vf\006"
  39      49737903 
  39      103C583A 
  39      8DB961C5 
  39      01C65666 
  40 003b 86FF4C60 		.ascii	"\206\377L`3\030\030\2273j2\000\225=\332\370o*/[\013"
  40      33181897 
  40      336A3200 
  40      953DDAF8 
  40      6F2A2F5B 
  41 0050 48990244 		.ascii	"H\231\002D\222q\005#\033\310\260\365A\007\032\376\377"
  41      92710523 
  41      1BC8B0F5 
  41      41071AFE 
  41      FF
  42 0061 6F6E38B0 		.ascii	"on8\260\225\365#\023P\342\003X'\230\311\374\012h!P\031"
  42      95F52313 
  42      50E20358 
  42      2798C9FC 
  42      0A682150 
  43 0076 D8A40F4C 		.ascii	"\330\244\017L@\325@Am\367\324\274\324\242\304\222\324"
  43      40D54041 
  43      6DF7D4BC 
  43      D4A2C492 
ARM GAS  C:\Users\Sava\AppData\Local\Temp\ccKkJycf.s 			page 3


  43      D4
  44 0087 94F8E0FC 		.ascii	"\224\370\340\374\322\242\344\324\230\200\340|g\323\030"
  44      D2A2E4D4 
  44      9880E07C 
  44      67D318
  45 0096 F7A2C482 		.ascii	"\367\242\304\202\214\314d\037g\027\317\274\222\264\370"
  45      8CCC641F 
  45      6717CFBC 
  45      92B4F8
  46 00a5 005FBD64 		.ascii	"\000_\275d\006\000A\0064\025"
  46      06004106 
  46      3415
  47              		.text
  48              		.section	.gnu.lto_GraphicLCDIntf_Sleep.d4c6d85,"",%progbits
  49 0000 789C6361 		.ascii	"x\234ca`d\000\201\305@\254\013\304\242 \0163\003#\023"
  49      60640081 
  49      C540AC0B 
  49      C4A2200E 
  49      33032313 
  50 0014 03103382 		.ascii	"\003\0203\202\344\030\031\352\231\030\353\031\2772\375"
  50      E41819EA 
  50      9918EB19 
  50      BF32FD
  51 0023 65623CD4 		.ascii	"eb<\324\376l'\223\346\362\006 x\320:\217\271a\305\001"
  51      FE6C2793 
  51      E6F20620 
  51      78D03A8F 
  51      B961C501 
  52 0037 C6566606 		.ascii	"\306Vf\006\206\377L`3\030\030\2273j2\000\225=\332\370"
  52      86FF4C60 
  52      33181897 
  52      336A3200 
  52      953DDAF8 
  53 004b 6F2A2F5B 		.ascii	"o*/[\013H\231\002D\222q\005#\033\310\260\365A\007\032"
  53      0B489902 
  53      44927105 
  53      231BC8B0 
  53      F541071A 
  54 005f FEFF6F6E 		.ascii	"\376\377on8\360\231\365-3P\347\007\260\316\217L@\212"
  54      38F099F5 
  54      2D3350E7 
  54      07B0CE8F 
  54      4C408A
  55 0072 F90563F3 		.ascii	"\371\005c\363\201\257\242 \225 3v\356|s\233\275\376"
  55      81AFA220 
  55      95203376 
  55      EE7C739B 
  55      BDFE
  56 0084 6F434743 		.ascii	"oCGC\203@+3\343\177&\240v\306\225\214\365\014\255\314"
  56      83402B33 
  56      E37F26A0 
  56      76C6958C 
  56      F50CADCC 
  57 0098 4C0CAF18 		.ascii	"L\014\257\030\233\016|g\005+\005\201\017 I\240\021\332"
  57      9B0E7C67 
  57      052B0581 
  57      0F2049A0 
ARM GAS  C:\Users\Sava\AppData\Local\Temp\ccKkJycf.s 			page 4


  57      11DA
  58 00aa EEA979A9 		.ascii	"\356\251y\251E\211%\251)\361\301\371\245E\311\2511\001"
  58      458925A9 
  58      29F1C1F9 
  58      A545C9A9 
  58      3101
  59 00bc C1F9CEA6 		.ascii	"\301\371\316\2461\356E\211\005\031\231\311>\316.\236"
  59      31EE4589 
  59      051999C9 
  59      3ECE2E9E 
  60 00cc 792569F1 		.ascii	"y%i\361\001\276z\311\014\000\226\200E\234"
  60      01BE7AC9 
  60      0C009680 
  60      459C
  61              		.text
  62              		.section	.gnu.lto_GraphicLCDIntf_Wakeup.d4c6d85,"",%progbits
  63 0000 789C6361 		.ascii	"x\234ca`d\000\201\245@\254\013\304\242 \0163\003#\023"
  63      60640081 
  63      A540AC0B 
  63      C4A2200E 
  63      33032313 
  64 0014 03103382 		.ascii	"\003\0203\202\344\030\031\352\231\030\353\031\2772\375"
  64      E41819EA 
  64      9918EB19 
  64      BF32FD
  65 0023 65623CD4 		.ascii	"eb<\324\376l'\223\346\362\006 x\360\364\261A\303\212"
  65      FE6C2793 
  65      E6F20620 
  65      78F0F4B1 
  65      41C38A
  66 0036 038CADCC 		.ascii	"\003\214\255\314\014\014\377\231\300f00.g\324d\000*"
  66      0C0CFF99 
  66      C0663030 
  66      2E67D464 
  66      002A
  67 0048 7BB4F1DF 		.ascii	"{\264\361\337T^\266\026\2202\005\210$\343\012F6\220"
  67      545EB616 
  67      90320588 
  67      24E30A46 
  67      3690
  68 005a 61EB830E 		.ascii	"a\353\203\0164\374\377\337\334p`#\333\301-l@\255\037"
  68      34FCFFDF 
  68      DC706023 
  68      DBC12D6C 
  68      40AD1F
  69 006d C05A3F32 		.ascii	"\300Z?2\001)\346\027\214\315\0076\037c\002\251\005\231"
  69      0129E617 
  69      8CCD0736 
  69      1F6302A9 
  69      0599
  70 007f B273E79B 		.ascii	"\262s\347\233\333\354\365\177\033:\032\032\004Z\231"
  70      DBECF57F 
  70      1B3A1A1A 
  70      045A99
  71 008e 19FF3301 		.ascii	"\031\3773\001\015`\\\311X\317\320\312\314\304\360\212"
  71      0D605CC9 
  71      58CFD0CA 
ARM GAS  C:\Users\Sava\AppData\Local\Temp\ccKkJycf.s 			page 5


  71      CCC4F08A 
  72 009e B1E9C056 		.ascii	"\261\351\300V7\260R\020\370\000\222\004\232\241\355"
  72      37B05210 
  72      F8009204 
  72      9AA1ED
  73 00ad 9E9A975A 		.ascii	"\236\232\227Z\224X\222\232\022\037\234_Z\224\234\032"
  73      9458929A 
  73      121F9C5F 
  73      5A949C1A 
  74 00bd 13109CEF 		.ascii	"\023\020\234\357l\032\343^\224X\220\221\231\354\343"
  74      6C1AE35E 
  74      94589091 
  74      99ECE3
  75 00cc ECE29957 		.ascii	"\354\342\231W\222\026\037\340\253\227\314\000\000\316"
  75      92161FE0 
  75      AB97CC00 
  75      00CE
  76 00da 35472A   		.ascii	"5G*"
  77              		.text
  78              		.section	.gnu.lto_.symbol_nodes.d4c6d85,"",%progbits
  79 0000 789C55C8 		.ascii	"x\234U\310;\025\200@\020C\321\314\317\007HYS\264Y\034"
  79      3B158040 
  79      1043D1CC 
  79      CF074859 
  79      53B4591C 
  80 0014 20820A31 		.ascii	" \202\0121h@\311\036\206\255\2304\357\344:\004\033r"
  80      6840C91E 
  80      86AD9834 
  80      EFE43A04 
  80      1B72
  81 0026 0A02C78D 		.ascii	"\012\002\307\215/\327\276&\010\245\202R+\030\255\200"
  81      2FD7BE26 
  81      08A58252 
  81      2B18AD80 
  82 0036 387D02D0 		.ascii	"8}\002\320\373\222?\030\377o\3528\237\321\314b\026/"
  82      FB923F18 
  82      FF6FEA38 
  82      9FD1CC62 
  82      162F
  83 0048 FE401AD8 		.ascii	"\376@\032\330"
  84              		.text
  85              		.section	.gnu.lto_.refs.d4c6d85,"",%progbits
  86 0000 789C6361 		.ascii	"x\234ca`\004B \000\000\0009\000\007"
  86      60044220 
  86      00000039 
  86      0007
  87              		.text
  88              		.section	.gnu.lto_.decls.d4c6d85,"",%progbits
  89 0000 789C8D91 		.ascii	"x\234\215\221Mh\023A\024\307\367\355\2545MC\205\266"
  89      4D681341 
  89      14C7F7ED 
  89      AC354D43 
  89      85B6
  90 0012 4A851C42 		.ascii	"J\205\034BO\202\022\311\301\233\007!j\024T\252\301z"
  90      4F8212C9 
  90      C19B0721 
  90      6A1454AA 
ARM GAS  C:\Users\Sava\AppData\Local\Temp\ccKkJycf.s 			page 6


  90      C17A
  91 0024 2994344E 		.ascii	")\2244Nm\261$!\246\236\2476\010U\221\236\212I\253\004"
  91      6DB12421 
  91      A69EA736 
  91      0855919E 
  91      8A49AB04 
  92 0038 2F89366D 		.ascii	"/\2116m\322|\265\210HT\020\245\250\250 \324\3225\320"
  92      D27CB588 
  92      485410A5 
  92      A8A820D4 
  92      D235D0
  93 004b 43412928 		.ascii	"CA)(\346\342G\321\267\263\233\354\262\215\342\203\267"
  93      E6E247D1 
  93      B7B39BEC 
  93      B28DE283 
  93      B7
  94 005c F3B1FFFF 		.ascii	"\363\261\377\377\357\275\231\221\004\020\224h'\202\360"
  94      EFBD9991 
  94      04109468 
  94      2782F0
  95 006b 19C72AE6 		.ascii	"\031\307*\346o\214m8\366\010z4a\316bf0\3471\363\230"
  95      6F8C6D38 
  95      F6087A34 
  95      61CE6266 
  95      30E731F3 
  96 0080 45CC0561 		.ascii	"E\314\005ak(:0\370A\3333G\246\201.\323@\247\324#\232"
  96      6B283A30 
  96      F841DB33 
  96      47A6812E 
  96      D340A7D4 
  97 0096 6E1133AD 		.ascii	"n\0213\255\355\213\332\277b\003O\376\037\236\374_\372"
  97      ED8BDABF 
  97      62034FFE 
  97      1F9EFC5F 
  97      FA
  98 00a7 DE14E1D7 		.ascii	"\336\024\341\327\317W\217\267\257\300\262\322\012(!"
  98      CF578FB7 
  98      AFC0B2D2 
  98      0A2821
  99 00b6 68F7530F 		.ascii	"h\367S\017P\023\240\216\323\025\000[\305\034\241\357"
  99      5013A08E 
  99      D315005B 
  99      C51CA1EF 
 100 00c6 9B04FCAE 		.ascii	"\233\004\374\256y\350?@-\254\232\214\372Zi,\253NA\250"
 100      79E83F40 
 100      2DAC9A8C 
 100      FA5A692C 
 100      AB4E41A8 
 101 00da 7751D31A 		.ascii	"wQ\323\032xZ\367z\263\246 \265C\027\242\037nY\0102q"
 101      785AF77A 
 101      B3A620B5 
 101      4317A21F 
 101      6E590832 
 102 00ef FEF17BEA 		.ascii	"\376\361{\352\2503\3150&\030\023\017\3527\363&\232\235"
 102      A833CD30 
 102      2618130F 
 102      EA37F326 
ARM GAS  C:\Users\Sava\AppData\Local\Temp\ccKkJycf.s 			page 7


 102      9A9D
 103 0101 265511DA 		.ascii	"&U\021\332\254 \341\362\353\313\370Z+.;\254\340\300"
 103      AC20E1F2 
 103      EBCBF85A 
 103      2B2E3BAC 
 103      E0C0
 104 0113 E5E68BA9 		.ascii	"\345\346\213\251\270\3309\311}c\314!A\317.\230\001;"
 104      B8D839C9 
 104      7D63CC21 
 104      41CF2E98 
 104      013B
 105 0125 DC073B96 		.ascii	"\334\007;\226OC'~\373%\225\224{(O6w%X\"\301*S\033\256"
 105      4F43277E 
 105      FB259594 
 105      7B284F36 
 105      77255822 
 106 013e 182B47D1 		.ascii	"\030+G\321&**H\001\201{\340T\016\203SeH\302\012\236"
 106      262A2A48 
 106      01817BE0 
 106      540E8353 
 106      6548C20A 
 107 0153 6116BAD0 		.ascii	"a\026\272\320)\277}\276J\310i\336\350\217\333\362SP"
 107      29BF7DBE 
 107      4AC869DE 
 107      E88FDBF2 
 107      5350
 108 0165 29E51C65 		.ascii	")\345\034e\343\210\2208bNG\314\031\021\031\216\270\232"
 108      E3889038 
 108      624E47CC 
 108      1911198E 
 108      B89A
 109 0177 5C9A6925 		.ascii	"\\\232i%\001\365\254\357\326\326[4\304\027#\"\253#\262"
 109      01F5ACEF 
 109      D6D65B34 
 109      C4172322 
 109      AB23B2
 110 018a 46C43C47 		.ascii	"F\304<G|K\313Y\211\214\001g\254~\212\355\327\020w\236"
 110      7C4BCB59 
 110      898C0167 
 110      AC7E8AED 
 110      D710779E 
 111 019e D9D8C428 		.ascii	"\331\330\304(c\2078#\2473rFF\2363J\353)\331Jb*CN\336"
 111      63873823 
 111      A7337246 
 111      469E334A 
 111      EB29D94A 
 112 01b7 28ED4048 		.ascii	"(\355@H\205\261\312\203\353\373b\354\211\332FAG\024"
 112      85B1CA83 
 112      EBFB62EC 
 112      89DA4641 
 112      4714
 113 01c9 407D2D28 		.ascii	"@}-(r\373\335G\0337[\310{\325\036\033}=\336\244\332"
 113      72FBDD47 
 113      1B375BC8 
 113      7BD51E1B 
 113      7D3DDEA4 
 114 01de CB551A6D 		.ascii	"\313U\032m\346\336\222\356-\325\274\013\334\033_\236"
ARM GAS  C:\Users\Sava\AppData\Local\Temp\ccKkJycf.s 			page 8


 114      E6DE92EE 
 114      2DD5BC0B 
 114      DC1B5F9E 
 115 01ee 5EB2D8AE 		.ascii	"^\262\330\2561vEy\252\266c\\\256\277\325\"\330jF\234"
 115      31764579 
 115      AAB6635C 
 115      AEBFD522 
 115      D86A469C 
 116 0202 0ABB3D61 		.ascii	"\012\273=a_hp\310\177\302}\370x 2\320\347\365]\246\356"
 116      5F6870C8 
 116      7FC27DF8 
 116      782032D0 
 116      E7F55DA6 
 117 0217 606060E8 		.ascii	"```\350\202\305s\352\254\303\355r\011{=4@\303\276\010"
 117      82C573EA 
 117      ACC3ED72 
 117      097B3D34 
 117      40C3BE08 
 118 022b 3DDFE70D 		.ascii	"=\337\347\015\216\204\375\264\267\333\033t\037\3505"
 118      8E84FDB4 
 118      B7DB1B74 
 118      1FE835
 119 023a 39BB4F3A 		.ascii	"9\273O:\375\202\335\264y\206^\212\004\303\032\261\303"
 119      FD82DDB4 
 119      79865E8A 
 119      04C31AB1 
 119      C3
 120 024b 5C6B98D2 		.ascii	"\\k\230\322\320N\323\3469\337E:\022j7K#\301\320\236"
 120      D04ED3E6 
 120      39DF453A 
 120      126A374B 
 120      23C1D09E 
 121 025f FFEAC339 		.ascii	"\377\352\3039(\230\221G\002\276\376a\372\007\003\237"
 121      28989147 
 121      02BEFE61 
 121      FA07039F 
 122 026f 296A     		.ascii	")j"
 123              		.text
 124              		.section	.gnu.lto_.symtab.d4c6d85,"",%progbits
 125 0000 47726170 		.ascii	"GraphicLCDIntf_SaveConfig\000"
 125      6869634C 
 125      4344496E 
 125      74665F53 
 125      61766543 
 126 001a 00       		.ascii	"\000"
 127 001b 00       		.ascii	"\000"
 128 001c 00       		.ascii	"\000"
 129 001d 00000000 		.ascii	"\000\000\000\000\000\000\000\000"
 129      00000000 
 130 0025 AD000000 		.ascii	"\255\000\000\000"
 131 0029 47726170 		.ascii	"GraphicLCDIntf_RestoreConfig\000"
 131      6869634C 
 131      4344496E 
 131      74665F52 
 131      6573746F 
 132 0046 00       		.ascii	"\000"
 133 0047 00       		.ascii	"\000"
ARM GAS  C:\Users\Sava\AppData\Local\Temp\ccKkJycf.s 			page 9


 134 0048 00       		.ascii	"\000"
 135 0049 00000000 		.ascii	"\000\000\000\000\000\000\000\000"
 135      00000000 
 136 0051 AF000000 		.ascii	"\257\000\000\000"
 137 0055 47726170 		.ascii	"GraphicLCDIntf_Sleep\000"
 137      6869634C 
 137      4344496E 
 137      74665F53 
 137      6C656570 
 138 006a 00       		.ascii	"\000"
 139 006b 00       		.ascii	"\000"
 140 006c 00       		.ascii	"\000"
 141 006d 00000000 		.ascii	"\000\000\000\000\000\000\000\000"
 141      00000000 
 142 0075 B1000000 		.ascii	"\261\000\000\000"
 143 0079 47726170 		.ascii	"GraphicLCDIntf_Wakeup\000"
 143      6869634C 
 143      4344496E 
 143      74665F57 
 143      616B6575 
 144 008f 00       		.ascii	"\000"
 145 0090 00       		.ascii	"\000"
 146 0091 00       		.ascii	"\000"
 147 0092 00000000 		.ascii	"\000\000\000\000\000\000\000\000"
 147      00000000 
 148 009a B3000000 		.ascii	"\263\000\000\000"
 149 009e 47726170 		.ascii	"GraphicLCDIntf_Stop\000"
 149      6869634C 
 149      4344496E 
 149      74665F53 
 149      746F7000 
 150 00b2 00       		.ascii	"\000"
 151 00b3 02       		.ascii	"\002"
 152 00b4 00       		.ascii	"\000"
 153 00b5 00000000 		.ascii	"\000\000\000\000\000\000\000\000"
 153      00000000 
 154 00bd B5000000 		.ascii	"\265\000\000\000"
 155 00c1 47726170 		.ascii	"GraphicLCDIntf_Enable\000"
 155      6869634C 
 155      4344496E 
 155      74665F45 
 155      6E61626C 
 156 00d7 00       		.ascii	"\000"
 157 00d8 02       		.ascii	"\002"
 158 00d9 00       		.ascii	"\000"
 159 00da 00000000 		.ascii	"\000\000\000\000\000\000\000\000"
 159      00000000 
 160 00e2 B7000000 		.ascii	"\267\000\000\000"
 161              		.text
 162              		.section	.gnu.lto_.opts,"",%progbits
 163 0000 272D666D 		.ascii	"'-fmath-errno' '-fsigned-zeros' '-ftrapping-math' '"
 163      6174682D 
 163      6572726E 
 163      6F272027 
 163      2D667369 
 164 0033 2D666E6F 		.ascii	"-fno-trapv' '-fno-strict-overflow' '-fno-openmp' '-"
 164      2D747261 
ARM GAS  C:\Users\Sava\AppData\Local\Temp\ccKkJycf.s 			page 10


 164      70762720 
 164      272D666E 
 164      6F2D7374 
 165 0066 666E6F2D 		.ascii	"fno-openacc' '-mcpu=cortex-m3' '-mthumb' '-g' '-O0'"
 165      6F70656E 
 165      61636327 
 165      20272D6D 
 165      6370753D 
 166 0099 20272D66 		.ascii	" '-ffunction-sections' '-ffat-lto-objects' '-finlin"
 166      66756E63 
 166      74696F6E 
 166      2D736563 
 166      74696F6E 
 167 00cc 652D6675 		.ascii	"e-functions' '-flto'\000"
 167      6E637469 
 167      6F6E7327 
 167      20272D66 
 167      6C746F27 
 168              		.text
 169              		.cfi_sections	.debug_frame
 170              		.section	.text.GraphicLCDIntf_SaveConfig,"ax",%progbits
 171              		.align	2
 172              		.global	GraphicLCDIntf_SaveConfig
 173              		.thumb
 174              		.thumb_func
 175              		.type	GraphicLCDIntf_SaveConfig, %function
 176              	GraphicLCDIntf_SaveConfig:
 177              	.LFB0:
 178              		.file 1 "Generated_Source\\PSoC5\\GraphicLCDIntf_PM.c"
   1:Generated_Source\PSoC5/GraphicLCDIntf_PM.c **** /*******************************************************************************
   2:Generated_Source\PSoC5/GraphicLCDIntf_PM.c **** * File Name: GraphicLCDIntf_PM.c
   3:Generated_Source\PSoC5/GraphicLCDIntf_PM.c **** * Version 1.80
   4:Generated_Source\PSoC5/GraphicLCDIntf_PM.c **** *
   5:Generated_Source\PSoC5/GraphicLCDIntf_PM.c **** * Description:
   6:Generated_Source\PSoC5/GraphicLCDIntf_PM.c **** *  This file contains the setup, control and status commands to support 
   7:Generated_Source\PSoC5/GraphicLCDIntf_PM.c **** *  the component operations in Low-power mode.  
   8:Generated_Source\PSoC5/GraphicLCDIntf_PM.c **** *
   9:Generated_Source\PSoC5/GraphicLCDIntf_PM.c **** ********************************************************************************
  10:Generated_Source\PSoC5/GraphicLCDIntf_PM.c **** * Copyright 2008-2018, Cypress Semiconductor Corporation.  All rights reserved.
  11:Generated_Source\PSoC5/GraphicLCDIntf_PM.c **** * You may use this file only in accordance with the license, terms, conditions,
  12:Generated_Source\PSoC5/GraphicLCDIntf_PM.c **** * disclaimers, and limitations in the end user license agreement accompanying
  13:Generated_Source\PSoC5/GraphicLCDIntf_PM.c **** * the software package with which this file was provided.
  14:Generated_Source\PSoC5/GraphicLCDIntf_PM.c **** *******************************************************************************/
  15:Generated_Source\PSoC5/GraphicLCDIntf_PM.c **** 
  16:Generated_Source\PSoC5/GraphicLCDIntf_PM.c **** #include "GraphicLCDIntf.h" 
  17:Generated_Source\PSoC5/GraphicLCDIntf_PM.c **** 
  18:Generated_Source\PSoC5/GraphicLCDIntf_PM.c **** 
  19:Generated_Source\PSoC5/GraphicLCDIntf_PM.c **** /*******************************************************************************
  20:Generated_Source\PSoC5/GraphicLCDIntf_PM.c **** * Function Name: GraphicLCDIntf_SaveConfig
  21:Generated_Source\PSoC5/GraphicLCDIntf_PM.c **** ********************************************************************************
  22:Generated_Source\PSoC5/GraphicLCDIntf_PM.c **** *
  23:Generated_Source\PSoC5/GraphicLCDIntf_PM.c **** * Summary:
  24:Generated_Source\PSoC5/GraphicLCDIntf_PM.c **** *  All configuration registers are retention. Nothing to save here.
  25:Generated_Source\PSoC5/GraphicLCDIntf_PM.c **** *
  26:Generated_Source\PSoC5/GraphicLCDIntf_PM.c **** *******************************************************************************/
  27:Generated_Source\PSoC5/GraphicLCDIntf_PM.c **** void GraphicLCDIntf_SaveConfig(void) 
  28:Generated_Source\PSoC5/GraphicLCDIntf_PM.c **** {   
ARM GAS  C:\Users\Sava\AppData\Local\Temp\ccKkJycf.s 			page 11


 179              		.loc 1 28 0
 180              		.cfi_startproc
 181              		@ args = 0, pretend = 0, frame = 0
 182              		@ frame_needed = 1, uses_anonymous_args = 0
 183              		@ link register save eliminated.
 184 0000 80B4     		push	{r7}
 185              		.cfi_def_cfa_offset 4
 186              		.cfi_offset 7, -4
 187 0002 00AF     		add	r7, sp, #0
 188              		.cfi_def_cfa_register 7
  29:Generated_Source\PSoC5/GraphicLCDIntf_PM.c ****     
  30:Generated_Source\PSoC5/GraphicLCDIntf_PM.c **** }
 189              		.loc 1 30 0
 190 0004 00BF     		nop
 191 0006 BD46     		mov	sp, r7
 192              		.cfi_def_cfa_register 13
 193              		@ sp needed
 194 0008 80BC     		pop	{r7}
 195              		.cfi_restore 7
 196              		.cfi_def_cfa_offset 0
 197 000a 7047     		bx	lr
 198              		.cfi_endproc
 199              	.LFE0:
 200              		.size	GraphicLCDIntf_SaveConfig, .-GraphicLCDIntf_SaveConfig
 201              		.section	.text.GraphicLCDIntf_RestoreConfig,"ax",%progbits
 202              		.align	2
 203              		.global	GraphicLCDIntf_RestoreConfig
 204              		.thumb
 205              		.thumb_func
 206              		.type	GraphicLCDIntf_RestoreConfig, %function
 207              	GraphicLCDIntf_RestoreConfig:
 208              	.LFB1:
  31:Generated_Source\PSoC5/GraphicLCDIntf_PM.c **** 
  32:Generated_Source\PSoC5/GraphicLCDIntf_PM.c **** 
  33:Generated_Source\PSoC5/GraphicLCDIntf_PM.c **** /*******************************************************************************
  34:Generated_Source\PSoC5/GraphicLCDIntf_PM.c **** * Function Name: GraphicLCDIntf_RestoreConfig
  35:Generated_Source\PSoC5/GraphicLCDIntf_PM.c **** ********************************************************************************
  36:Generated_Source\PSoC5/GraphicLCDIntf_PM.c **** *
  37:Generated_Source\PSoC5/GraphicLCDIntf_PM.c **** * Summary:
  38:Generated_Source\PSoC5/GraphicLCDIntf_PM.c **** *  All configuration registers are retention. Nothing to restore here.
  39:Generated_Source\PSoC5/GraphicLCDIntf_PM.c **** *
  40:Generated_Source\PSoC5/GraphicLCDIntf_PM.c **** *******************************************************************************/
  41:Generated_Source\PSoC5/GraphicLCDIntf_PM.c **** void GraphicLCDIntf_RestoreConfig(void) 
  42:Generated_Source\PSoC5/GraphicLCDIntf_PM.c **** {    
 209              		.loc 1 42 0
 210              		.cfi_startproc
 211              		@ args = 0, pretend = 0, frame = 0
 212              		@ frame_needed = 1, uses_anonymous_args = 0
 213              		@ link register save eliminated.
 214 0000 80B4     		push	{r7}
 215              		.cfi_def_cfa_offset 4
 216              		.cfi_offset 7, -4
 217 0002 00AF     		add	r7, sp, #0
 218              		.cfi_def_cfa_register 7
  43:Generated_Source\PSoC5/GraphicLCDIntf_PM.c ****     
  44:Generated_Source\PSoC5/GraphicLCDIntf_PM.c **** }
 219              		.loc 1 44 0
ARM GAS  C:\Users\Sava\AppData\Local\Temp\ccKkJycf.s 			page 12


 220 0004 00BF     		nop
 221 0006 BD46     		mov	sp, r7
 222              		.cfi_def_cfa_register 13
 223              		@ sp needed
 224 0008 80BC     		pop	{r7}
 225              		.cfi_restore 7
 226              		.cfi_def_cfa_offset 0
 227 000a 7047     		bx	lr
 228              		.cfi_endproc
 229              	.LFE1:
 230              		.size	GraphicLCDIntf_RestoreConfig, .-GraphicLCDIntf_RestoreConfig
 231              		.section	.text.GraphicLCDIntf_Sleep,"ax",%progbits
 232              		.align	2
 233              		.global	GraphicLCDIntf_Sleep
 234              		.thumb
 235              		.thumb_func
 236              		.type	GraphicLCDIntf_Sleep, %function
 237              	GraphicLCDIntf_Sleep:
 238              	.LFB2:
  45:Generated_Source\PSoC5/GraphicLCDIntf_PM.c **** 
  46:Generated_Source\PSoC5/GraphicLCDIntf_PM.c **** 
  47:Generated_Source\PSoC5/GraphicLCDIntf_PM.c **** /*******************************************************************************
  48:Generated_Source\PSoC5/GraphicLCDIntf_PM.c **** * Function Name: GraphicLCDIntf_Sleep
  49:Generated_Source\PSoC5/GraphicLCDIntf_PM.c **** ********************************************************************************
  50:Generated_Source\PSoC5/GraphicLCDIntf_PM.c **** *
  51:Generated_Source\PSoC5/GraphicLCDIntf_PM.c **** * Summary:
  52:Generated_Source\PSoC5/GraphicLCDIntf_PM.c **** *  Disables block's operation and saves its configuration. Should be called 
  53:Generated_Source\PSoC5/GraphicLCDIntf_PM.c **** *  prior to entering Sleep.
  54:Generated_Source\PSoC5/GraphicLCDIntf_PM.c **** *
  55:Generated_Source\PSoC5/GraphicLCDIntf_PM.c **** *******************************************************************************/
  56:Generated_Source\PSoC5/GraphicLCDIntf_PM.c **** void GraphicLCDIntf_Sleep(void) 
  57:Generated_Source\PSoC5/GraphicLCDIntf_PM.c **** {
 239              		.loc 1 57 0
 240              		.cfi_startproc
 241              		@ args = 0, pretend = 0, frame = 0
 242              		@ frame_needed = 1, uses_anonymous_args = 0
 243 0000 80B5     		push	{r7, lr}
 244              		.cfi_def_cfa_offset 8
 245              		.cfi_offset 7, -8
 246              		.cfi_offset 14, -4
 247 0002 00AF     		add	r7, sp, #0
 248              		.cfi_def_cfa_register 7
  58:Generated_Source\PSoC5/GraphicLCDIntf_PM.c ****     GraphicLCDIntf_Stop();
 249              		.loc 1 58 0
 250 0004 FFF7FEFF 		bl	GraphicLCDIntf_Stop
  59:Generated_Source\PSoC5/GraphicLCDIntf_PM.c **** }
 251              		.loc 1 59 0
 252 0008 00BF     		nop
 253 000a 80BD     		pop	{r7, pc}
 254              		.cfi_endproc
 255              	.LFE2:
 256              		.size	GraphicLCDIntf_Sleep, .-GraphicLCDIntf_Sleep
 257              		.section	.text.GraphicLCDIntf_Wakeup,"ax",%progbits
 258              		.align	2
 259              		.global	GraphicLCDIntf_Wakeup
 260              		.thumb
 261              		.thumb_func
ARM GAS  C:\Users\Sava\AppData\Local\Temp\ccKkJycf.s 			page 13


 262              		.type	GraphicLCDIntf_Wakeup, %function
 263              	GraphicLCDIntf_Wakeup:
 264              	.LFB3:
  60:Generated_Source\PSoC5/GraphicLCDIntf_PM.c **** 
  61:Generated_Source\PSoC5/GraphicLCDIntf_PM.c **** 
  62:Generated_Source\PSoC5/GraphicLCDIntf_PM.c **** /*******************************************************************************
  63:Generated_Source\PSoC5/GraphicLCDIntf_PM.c **** * Function Name: GraphicLCDIntf_Wakeup
  64:Generated_Source\PSoC5/GraphicLCDIntf_PM.c **** ********************************************************************************
  65:Generated_Source\PSoC5/GraphicLCDIntf_PM.c **** *
  66:Generated_Source\PSoC5/GraphicLCDIntf_PM.c **** * Summary:
  67:Generated_Source\PSoC5/GraphicLCDIntf_PM.c **** *  Enables block's operation and restores its configuration. Should be called
  68:Generated_Source\PSoC5/GraphicLCDIntf_PM.c **** *  after awaking from Sleep.
  69:Generated_Source\PSoC5/GraphicLCDIntf_PM.c **** *
  70:Generated_Source\PSoC5/GraphicLCDIntf_PM.c **** *******************************************************************************/
  71:Generated_Source\PSoC5/GraphicLCDIntf_PM.c **** void GraphicLCDIntf_Wakeup(void) 
  72:Generated_Source\PSoC5/GraphicLCDIntf_PM.c **** {
 265              		.loc 1 72 0
 266              		.cfi_startproc
 267              		@ args = 0, pretend = 0, frame = 0
 268              		@ frame_needed = 1, uses_anonymous_args = 0
 269 0000 80B5     		push	{r7, lr}
 270              		.cfi_def_cfa_offset 8
 271              		.cfi_offset 7, -8
 272              		.cfi_offset 14, -4
 273 0002 00AF     		add	r7, sp, #0
 274              		.cfi_def_cfa_register 7
  73:Generated_Source\PSoC5/GraphicLCDIntf_PM.c ****     GraphicLCDIntf_Enable();
 275              		.loc 1 73 0
 276 0004 FFF7FEFF 		bl	GraphicLCDIntf_Enable
  74:Generated_Source\PSoC5/GraphicLCDIntf_PM.c **** }
 277              		.loc 1 74 0
 278 0008 00BF     		nop
 279 000a 80BD     		pop	{r7, pc}
 280              		.cfi_endproc
 281              	.LFE3:
 282              		.size	GraphicLCDIntf_Wakeup, .-GraphicLCDIntf_Wakeup
 283              		.text
 284              	.Letext0:
 285              		.section	.debug_info,"",%progbits
 286              	.Ldebug_info0:
 287 0000 C1000000 		.4byte	0xc1
 288 0004 0400     		.2byte	0x4
 289 0006 00000000 		.4byte	.Ldebug_abbrev0
 290 000a 04       		.byte	0x4
 291 000b 01       		.uleb128 0x1
 292 000c 7A010000 		.4byte	.LASF16
 293 0010 0C       		.byte	0xc
 294 0011 08010000 		.4byte	.LASF17
 295 0015 06000000 		.4byte	.LASF18
 296 0019 00000000 		.4byte	.Ldebug_ranges0+0
 297 001d 00000000 		.4byte	0
 298 0021 00000000 		.4byte	.Ldebug_line0
 299 0025 02       		.uleb128 0x2
 300 0026 01       		.byte	0x1
 301 0027 06       		.byte	0x6
 302 0028 51010000 		.4byte	.LASF0
 303 002c 02       		.uleb128 0x2
ARM GAS  C:\Users\Sava\AppData\Local\Temp\ccKkJycf.s 			page 14


 304 002d 01       		.byte	0x1
 305 002e 08       		.byte	0x8
 306 002f 73000000 		.4byte	.LASF1
 307 0033 02       		.uleb128 0x2
 308 0034 02       		.byte	0x2
 309 0035 05       		.byte	0x5
 310 0036 FE000000 		.4byte	.LASF2
 311 003a 02       		.uleb128 0x2
 312 003b 02       		.byte	0x2
 313 003c 07       		.byte	0x7
 314 003d AD000000 		.4byte	.LASF3
 315 0041 02       		.uleb128 0x2
 316 0042 04       		.byte	0x4
 317 0043 05       		.byte	0x5
 318 0044 48010000 		.4byte	.LASF4
 319 0048 02       		.uleb128 0x2
 320 0049 04       		.byte	0x4
 321 004a 07       		.byte	0x7
 322 004b 9B000000 		.4byte	.LASF5
 323 004f 02       		.uleb128 0x2
 324 0050 08       		.byte	0x8
 325 0051 05       		.byte	0x5
 326 0052 EB000000 		.4byte	.LASF6
 327 0056 02       		.uleb128 0x2
 328 0057 08       		.byte	0x8
 329 0058 07       		.byte	0x7
 330 0059 D4000000 		.4byte	.LASF7
 331 005d 03       		.uleb128 0x3
 332 005e 04       		.byte	0x4
 333 005f 05       		.byte	0x5
 334 0060 696E7400 		.ascii	"int\000"
 335 0064 02       		.uleb128 0x2
 336 0065 04       		.byte	0x4
 337 0066 07       		.byte	0x7
 338 0067 C7000000 		.4byte	.LASF8
 339 006b 02       		.uleb128 0x2
 340 006c 04       		.byte	0x4
 341 006d 04       		.byte	0x4
 342 006e 00000000 		.4byte	.LASF9
 343 0072 02       		.uleb128 0x2
 344 0073 08       		.byte	0x8
 345 0074 04       		.byte	0x4
 346 0075 C0000000 		.4byte	.LASF10
 347 0079 02       		.uleb128 0x2
 348 007a 01       		.byte	0x1
 349 007b 08       		.byte	0x8
 350 007c F9000000 		.4byte	.LASF11
 351 0080 04       		.uleb128 0x4
 352 0081 81000000 		.4byte	.LASF12
 353 0085 01       		.byte	0x1
 354 0086 1B       		.byte	0x1b
 355 0087 00000000 		.4byte	.LFB0
 356 008b 0C000000 		.4byte	.LFE0-.LFB0
 357 008f 01       		.uleb128 0x1
 358 0090 9C       		.byte	0x9c
 359 0091 04       		.uleb128 0x4
 360 0092 5D010000 		.4byte	.LASF13
ARM GAS  C:\Users\Sava\AppData\Local\Temp\ccKkJycf.s 			page 15


 361 0096 01       		.byte	0x1
 362 0097 29       		.byte	0x29
 363 0098 00000000 		.4byte	.LFB1
 364 009c 0C000000 		.4byte	.LFE1-.LFB1
 365 00a0 01       		.uleb128 0x1
 366 00a1 9C       		.byte	0x9c
 367 00a2 05       		.uleb128 0x5
 368 00a3 33010000 		.4byte	.LASF14
 369 00a7 01       		.byte	0x1
 370 00a8 38       		.byte	0x38
 371 00a9 00000000 		.4byte	.LFB2
 372 00ad 0C000000 		.4byte	.LFE2-.LFB2
 373 00b1 01       		.uleb128 0x1
 374 00b2 9C       		.byte	0x9c
 375 00b3 05       		.uleb128 0x5
 376 00b4 5D000000 		.4byte	.LASF15
 377 00b8 01       		.byte	0x1
 378 00b9 47       		.byte	0x47
 379 00ba 00000000 		.4byte	.LFB3
 380 00be 0C000000 		.4byte	.LFE3-.LFB3
 381 00c2 01       		.uleb128 0x1
 382 00c3 9C       		.byte	0x9c
 383 00c4 00       		.byte	0
 384              		.section	.debug_abbrev,"",%progbits
 385              	.Ldebug_abbrev0:
 386 0000 01       		.uleb128 0x1
 387 0001 11       		.uleb128 0x11
 388 0002 01       		.byte	0x1
 389 0003 25       		.uleb128 0x25
 390 0004 0E       		.uleb128 0xe
 391 0005 13       		.uleb128 0x13
 392 0006 0B       		.uleb128 0xb
 393 0007 03       		.uleb128 0x3
 394 0008 0E       		.uleb128 0xe
 395 0009 1B       		.uleb128 0x1b
 396 000a 0E       		.uleb128 0xe
 397 000b 55       		.uleb128 0x55
 398 000c 17       		.uleb128 0x17
 399 000d 11       		.uleb128 0x11
 400 000e 01       		.uleb128 0x1
 401 000f 10       		.uleb128 0x10
 402 0010 17       		.uleb128 0x17
 403 0011 00       		.byte	0
 404 0012 00       		.byte	0
 405 0013 02       		.uleb128 0x2
 406 0014 24       		.uleb128 0x24
 407 0015 00       		.byte	0
 408 0016 0B       		.uleb128 0xb
 409 0017 0B       		.uleb128 0xb
 410 0018 3E       		.uleb128 0x3e
 411 0019 0B       		.uleb128 0xb
 412 001a 03       		.uleb128 0x3
 413 001b 0E       		.uleb128 0xe
 414 001c 00       		.byte	0
 415 001d 00       		.byte	0
 416 001e 03       		.uleb128 0x3
 417 001f 24       		.uleb128 0x24
ARM GAS  C:\Users\Sava\AppData\Local\Temp\ccKkJycf.s 			page 16


 418 0020 00       		.byte	0
 419 0021 0B       		.uleb128 0xb
 420 0022 0B       		.uleb128 0xb
 421 0023 3E       		.uleb128 0x3e
 422 0024 0B       		.uleb128 0xb
 423 0025 03       		.uleb128 0x3
 424 0026 08       		.uleb128 0x8
 425 0027 00       		.byte	0
 426 0028 00       		.byte	0
 427 0029 04       		.uleb128 0x4
 428 002a 2E       		.uleb128 0x2e
 429 002b 00       		.byte	0
 430 002c 3F       		.uleb128 0x3f
 431 002d 19       		.uleb128 0x19
 432 002e 03       		.uleb128 0x3
 433 002f 0E       		.uleb128 0xe
 434 0030 3A       		.uleb128 0x3a
 435 0031 0B       		.uleb128 0xb
 436 0032 3B       		.uleb128 0x3b
 437 0033 0B       		.uleb128 0xb
 438 0034 27       		.uleb128 0x27
 439 0035 19       		.uleb128 0x19
 440 0036 11       		.uleb128 0x11
 441 0037 01       		.uleb128 0x1
 442 0038 12       		.uleb128 0x12
 443 0039 06       		.uleb128 0x6
 444 003a 40       		.uleb128 0x40
 445 003b 18       		.uleb128 0x18
 446 003c 9742     		.uleb128 0x2117
 447 003e 19       		.uleb128 0x19
 448 003f 00       		.byte	0
 449 0040 00       		.byte	0
 450 0041 05       		.uleb128 0x5
 451 0042 2E       		.uleb128 0x2e
 452 0043 00       		.byte	0
 453 0044 3F       		.uleb128 0x3f
 454 0045 19       		.uleb128 0x19
 455 0046 03       		.uleb128 0x3
 456 0047 0E       		.uleb128 0xe
 457 0048 3A       		.uleb128 0x3a
 458 0049 0B       		.uleb128 0xb
 459 004a 3B       		.uleb128 0x3b
 460 004b 0B       		.uleb128 0xb
 461 004c 27       		.uleb128 0x27
 462 004d 19       		.uleb128 0x19
 463 004e 11       		.uleb128 0x11
 464 004f 01       		.uleb128 0x1
 465 0050 12       		.uleb128 0x12
 466 0051 06       		.uleb128 0x6
 467 0052 40       		.uleb128 0x40
 468 0053 18       		.uleb128 0x18
 469 0054 9642     		.uleb128 0x2116
 470 0056 19       		.uleb128 0x19
 471 0057 00       		.byte	0
 472 0058 00       		.byte	0
 473 0059 00       		.byte	0
 474              		.section	.debug_aranges,"",%progbits
ARM GAS  C:\Users\Sava\AppData\Local\Temp\ccKkJycf.s 			page 17


 475 0000 34000000 		.4byte	0x34
 476 0004 0200     		.2byte	0x2
 477 0006 00000000 		.4byte	.Ldebug_info0
 478 000a 04       		.byte	0x4
 479 000b 00       		.byte	0
 480 000c 0000     		.2byte	0
 481 000e 0000     		.2byte	0
 482 0010 00000000 		.4byte	.LFB0
 483 0014 0C000000 		.4byte	.LFE0-.LFB0
 484 0018 00000000 		.4byte	.LFB1
 485 001c 0C000000 		.4byte	.LFE1-.LFB1
 486 0020 00000000 		.4byte	.LFB2
 487 0024 0C000000 		.4byte	.LFE2-.LFB2
 488 0028 00000000 		.4byte	.LFB3
 489 002c 0C000000 		.4byte	.LFE3-.LFB3
 490 0030 00000000 		.4byte	0
 491 0034 00000000 		.4byte	0
 492              		.section	.debug_ranges,"",%progbits
 493              	.Ldebug_ranges0:
 494 0000 00000000 		.4byte	.LFB0
 495 0004 0C000000 		.4byte	.LFE0
 496 0008 00000000 		.4byte	.LFB1
 497 000c 0C000000 		.4byte	.LFE1
 498 0010 00000000 		.4byte	.LFB2
 499 0014 0C000000 		.4byte	.LFE2
 500 0018 00000000 		.4byte	.LFB3
 501 001c 0C000000 		.4byte	.LFE3
 502 0020 00000000 		.4byte	0
 503 0024 00000000 		.4byte	0
 504              		.section	.debug_line,"",%progbits
 505              	.Ldebug_line0:
 506 0000 8A000000 		.section	.debug_str,"MS",%progbits,1
 506      02004100 
 506      00000201 
 506      FB0E0D00 
 506      01010101 
 507              	.LASF9:
 508 0000 666C6F61 		.ascii	"float\000"
 508      7400
 509              	.LASF18:
 510 0006 433A5C55 		.ascii	"C:\\Users\\Sava\\Documents\\PSoC Creator\\GUI_and_d"
 510      73657273 
 510      5C536176 
 510      615C446F 
 510      63756D65 
 511 0034 6973706C 		.ascii	"isplay\\LittlevGL(5v3)_demo_ILI9341.cydsn\000"
 511      61795C4C 
 511      6974746C 
 511      6576474C 
 511      28357633 
 512              	.LASF15:
 513 005d 47726170 		.ascii	"GraphicLCDIntf_Wakeup\000"
 513      6869634C 
 513      4344496E 
 513      74665F57 
 513      616B6575 
 514              	.LASF1:
ARM GAS  C:\Users\Sava\AppData\Local\Temp\ccKkJycf.s 			page 18


 515 0073 756E7369 		.ascii	"unsigned char\000"
 515      676E6564 
 515      20636861 
 515      7200
 516              	.LASF12:
 517 0081 47726170 		.ascii	"GraphicLCDIntf_SaveConfig\000"
 517      6869634C 
 517      4344496E 
 517      74665F53 
 517      61766543 
 518              	.LASF5:
 519 009b 6C6F6E67 		.ascii	"long unsigned int\000"
 519      20756E73 
 519      69676E65 
 519      6420696E 
 519      7400
 520              	.LASF3:
 521 00ad 73686F72 		.ascii	"short unsigned int\000"
 521      7420756E 
 521      7369676E 
 521      65642069 
 521      6E7400
 522              	.LASF10:
 523 00c0 646F7562 		.ascii	"double\000"
 523      6C6500
 524              	.LASF8:
 525 00c7 756E7369 		.ascii	"unsigned int\000"
 525      676E6564 
 525      20696E74 
 525      00
 526              	.LASF7:
 527 00d4 6C6F6E67 		.ascii	"long long unsigned int\000"
 527      206C6F6E 
 527      6720756E 
 527      7369676E 
 527      65642069 
 528              	.LASF6:
 529 00eb 6C6F6E67 		.ascii	"long long int\000"
 529      206C6F6E 
 529      6720696E 
 529      7400
 530              	.LASF11:
 531 00f9 63686172 		.ascii	"char\000"
 531      00
 532              	.LASF2:
 533 00fe 73686F72 		.ascii	"short int\000"
 533      7420696E 
 533      7400
 534              	.LASF17:
 535 0108 47656E65 		.ascii	"Generated_Source\\PSoC5\\GraphicLCDIntf_PM.c\000"
 535      72617465 
 535      645F536F 
 535      75726365 
 535      5C50536F 
 536              	.LASF14:
 537 0133 47726170 		.ascii	"GraphicLCDIntf_Sleep\000"
 537      6869634C 
ARM GAS  C:\Users\Sava\AppData\Local\Temp\ccKkJycf.s 			page 19


 537      4344496E 
 537      74665F53 
 537      6C656570 
 538              	.LASF4:
 539 0148 6C6F6E67 		.ascii	"long int\000"
 539      20696E74 
 539      00
 540              	.LASF0:
 541 0151 7369676E 		.ascii	"signed char\000"
 541      65642063 
 541      68617200 
 542              	.LASF13:
 543 015d 47726170 		.ascii	"GraphicLCDIntf_RestoreConfig\000"
 543      6869634C 
 543      4344496E 
 543      74665F52 
 543      6573746F 
 544              	.LASF16:
 545 017a 474E5520 		.ascii	"GNU C11 5.4.1 20160609 (release) [ARM/embedded-5-br"
 545      43313120 
 545      352E342E 
 545      31203230 
 545      31363036 
 546 01ad 616E6368 		.ascii	"anch revision 237715] -mcpu=cortex-m3 -mthumb -g -O"
 546      20726576 
 546      6973696F 
 546      6E203233 
 546      37373135 
 547 01e0 30202D66 		.ascii	"0 -ffunction-sections -ffat-lto-objects -finline-fu"
 547      66756E63 
 547      74696F6E 
 547      2D736563 
 547      74696F6E 
 548 0213 6E637469 		.ascii	"nctions -flto\000"
 548      6F6E7320 
 548      2D666C74 
 548      6F00
 549              		.comm	__gnu_lto_v1,1,1
 550              		.ident	"GCC: (GNU Tools for ARM Embedded Processors) 5.4.1 20160609 (release) [ARM/embedded-5-bran
