ARM GAS  C:\Users\Sava\AppData\Local\Temp\ccO4uAxQ.s 			page 1


   1              		.syntax unified
   2              		.cpu cortex-m3
   3              		.fpu softvfp
   4              		.eabi_attribute 20, 1
   5              		.eabi_attribute 21, 1
   6              		.eabi_attribute 23, 3
   7              		.eabi_attribute 24, 1
   8              		.eabi_attribute 25, 1
   9              		.eabi_attribute 26, 1
  10              		.eabi_attribute 30, 6
  11              		.eabi_attribute 34, 1
  12              		.eabi_attribute 18, 4
  13              		.thumb
  14              		.syntax unified
  15              		.file	"lv_circ.c"
  16              		.text
  17              	.Ltext0:
  18              		.section	.gnu.lto_.inline.d4bbd77,"",%progbits
  19 0000 789C6361 		.ascii	"x\234ca`d\000\001K\006\004`f``gc``\342z\020\313\300"
  19      60640001 
  19      4B060460 
  19      66606067 
  19      636060E2 
  20 0018 C2C00412 		.ascii	"\302\300\004\022bd`c\005\212pL\360\203\21101HI\002I"
  20      62646063 
  20      058A704C 
  20      F0838930 
  20      31484902 
  21 002d 830B6DCC 		.ascii	"\203\013m\3140!\006\000\206-\004^"
  21      30210600 
  21      862D045E 
  22              		.text
  23              		.section	.gnu.lto_lv_circ_init.d4bbd77,"",%progbits
  24 0000 789C8D92 		.ascii	"x\234\215\222\313k\023Q\024\306\35777\231I\232\246\272"
  24      CB6B1351 
  24      14C6EF37 
  24      3799499A 
  24      A6BA
  25 0012 11A16491 		.ascii	"\021\241d\221M\010]\330\370\227\210\270\026D\242H\240"
  25      4D085DD8 
  25      F89788B8 
  25      1644A248 
  25      A0
  26 0023 0569B5DB 		.ascii	"\005i\265\333^3\035\343Jh\321PJk\025\011\211U\323\244"
  26      5E331DE3 
  26      4A68D150 
  26      4A6B1509 
  26      8955D3A4 
  27 0037 DAB4F1D5 		.ascii	"\332\264\361\325\241(\202\324GD7\025\244\276\272(\""
  27      A12882D4 
  27      47443715 
  27      A4BEBA28 
  27      22
  28 0048 8944BB32 		.ascii	"\211D\2732\361\234;\212\332l\2740s9s\277\357w\036w|"
  28      F19C3B8A 
  28      DA6CBC30 
  28      733973BF 
ARM GAS  C:\Users\Sava\AppData\Local\Temp\ccO4uAxQ.s 			page 2


  28      EF771E77 
  29 005d 0282D701 		.ascii	"\002\202\327\001)D\202\366=\034H\001C\320\003>\203\030"
  29      294482F6 
  29      3D1C4801 
  29      43D0033E 
  29      8318
  30 006f 35308A6F 		.ascii	"50\212o\306\017\003\253\231\315\252\321\227W\2646>e"
  30      C60F03AB 
  30      99CDAAD1 
  30      9757B436 
  30      3E65
  31 0081 A52AB870 		.ascii	"\245*\270p\310\33064C \217>R\325\306J\323\262i8\022"
  31      C8D83634 
  31      43208F3E 
  31      52D5C64A 
  31      D3B26938 
  32 0096 F051D878 		.ascii	"\360Q\330x:\365\241\207C\003Q\012\237\345s\027\272d"
  32      3AF5A187 
  32      4303510A 
  32      9FE57317 
  32      BA64
  33 00a8 2F041F7D 		.ascii	"/\004\037}\177\330\010\304sJ\245\225\032?\256\202\216"
  33      7FD808C4 
  33      734AA595 
  33      1A3FAE82 
  33      8E
  34 00b9 94988324 		.ascii	"\224\230\203$\036\256!\202\002\"\202>\011\\G\234\324"
  34      1EAE2182 
  34      0222823E 
  34      095C479C 
  34      D4
  35 00ca 5BEB6F2A 		.ascii	"[\353o*!\031\321\316\352\227\215\317\341_\316\232v\372"
  35      2119D1CE 
  35      EA978DCF 
  35      E15FCE9A 
  35      76FA
  36 00dc 7063A7D3 		.ascii	"pc\247\323'pS;\037\265\267\335]^E\334\306\313\372\332"
  36      2770533B 
  36      1FB5B7DD 
  36      5D5E45DC 
  36      C6CBFADA 
  37 00f0 4CC8AB68 		.ascii	"L\310\253h7\205\323\315\211\271\240\214j\356\353w\353"
  37      3785D3CD 
  37      89B9A08C 
  37      6AEEEB77 
  37      EB
  38 0101 4B21E6D2 		.ascii	"K!\346\322\032?\333\255\016:\322\217\222\007\236'pQ"
  38      1A3FDBAD 
  38      0E3AD28F 
  38      92079E27 
  38      7051
  39 0113 83FD0265 		.ascii	"\203\375\002e\304Y\377\276\334\272\0306\307X\036\365"
  39      C459FFBE 
  39      DCBA1836 
  39      C7581EF5 
  40 0123 E6800598 		.ascii	"\346\200\005\23047I\207\316\333\345\026d\\\203\363\257"
  40      34374987 
ARM GAS  C:\Users\Sava\AppData\Local\Temp\ccO4uAxQ.s 			page 3


  40      CEDBE516 
  40      645C83F3 
  40      AF
  41 0134 2E657A62 		.ascii	".ezbW\271`w%5Yp\323QG\232\270\365/ZO\3616bL\266+\347"
  41      57B96077 
  41      25355970 
  41      D351479A 
  41      B8F52F5A 
  42 0150 4DCFA04A 		.ascii	"M\317\240J/\024\264^t\210\027\265x\341rq\"\304b\365"
  42      2F14B45E 
  42      748817B5 
  42      78E17271 
  42      22C462F5 
  43 0164 476C758A 		.ascii	"Glu\212+\210\315\037rU\273m+\267\352\277\"Ct\3054[\032"
  43      2B88CD1F 
  43      7255BB6D 
  43      2BB7EABF 
  43      224374C5 
  44 017b 0BB56352 		.ascii	"\013\265cRc\246\305\257\000\275\254 xxB\324\365\345"
  44      63A6C5AF 
  44      00BDAC20 
  44      787842D4 
  44      F5E5
  45 018d 360CDAE4 		.ascii	"6\014\332\344&\322S\215b/\267HI\263\316\352s\213\307"
  45      26D2538D 
  45      622FB748 
  45      49B3CEEA 
  45      738BC7
  46 01a0 287587DB 		.ascii	"(u\207\333\217\237\234\353\236\305\314\031.\"\354\310"
  46      8F9F9CEB 
  46      9EC5CC19 
  46      2E22ECC8 
  47 01b0 804DF35D 		.ascii	"\200M\363]\342\324t\230\373\230.Z\211}<\315e\314\242"
  47      E2D47498 
  47      FB982E5A 
  47      897D3CCD 
  47      65CCA2
  48 01c3 A5A1A822 		.ascii	"\245\241\250\"a\323\375\022\266Y\232\377\215\375_\316"
  48      61D3FD12 
  48      B6599AFF 
  48      8DFD5FCE 
  49 01d3 1DCDD1BF 		.ascii	"\035\315\321\277\350]$\376\256\307\017\201{d \356\327"
  49      E85D24FE 
  49      AEC70F81 
  49      7B6420EE 
  49      D7
  50 01e4 4C2B2719 		.ascii	"L+'\031lK\323KeO\232^l\221e1\263V\356b\213\011\340>"
  50      6C4BD34B 
  50      654F9A5E 
  50      6C916531 
  50      B356EE62 
  51 01fc 22A4D22E 		.ascii	"\"\244\322.\313\223Pj\213\343,v\266\354\353l9D\211m"
  51      CB93506A 
  51      8BE32C76 
  51      B6ECEB6C 
  51      3944896D 
  52 0210 19C4032E 		.ascii	"\031\304\003.\025+T\035\001\304\026\322n\315\317v}\005"
ARM GAS  C:\Users\Sava\AppData\Local\Temp\ccO4uAxQ.s 			page 4


  52      152B541D 
  52      01C416D2 
  52      6ECDCF76 
  52      7D05
  53 0222 752E989A 		.ascii	"u.\230\232\337;0rb\340\360\300\310\221\301\324p\222"
  53      DF3B3072 
  53      62E0F0C0 
  53      C891C1D4 
  53      7092
  54 0234 F7646A28 		.ascii	"\367dj(\331\237\024H\312S\203'\315\241\243\307R\247"
  54      D99F1448 
  54      CA538327 
  54      CDA1A3C7 
  54      52A7
  55 0246 8703DED6 		.ascii	"\207\003\336\326\277\377'\007~\032N"
  55      BFFF2707 
  55      7E1A4E
  56              		.text
  57              		.section	.gnu.lto_lv_circ_cont.d4bbd77,"",%progbits
  58 0000 789C8D92 		.ascii	"x\234\215\222\275OTA\024\305\357\231\373vA\020\331J"
  58      BD4F5441 
  58      14C5EF99 
  58      FB764110 
  58      D94A
  59 0012 135D936D 		.ascii	"\023]\223m6\204\0020\361\037\240\264\2666\261x1\206"
  59      36840230 
  59      F11FA0B4 
  59      B636B178 
  59      3186
  60 0024 642DD484 		.ascii	"d-\324\204\226a\227\027\015\261\201\240$*\354&f\263"
  60      96619717 
  60      0DB181A0 
  60      242AEC26 
  60      66B3
  61 0036 EBD7F2A5 		.ascii	"\353\327\362\245\026`\361b$\020@\2156\0266\250\213\011"
  61      1660F162 
  61      2410408D 
  61      361636A8 
  61      8B09
  62 0048 54BC806E 		.ascii	"T\274\200n%\353\275\363(\214\205a\212\231\2713g~s\316"
  62      25EBBDF3 
  62      288C8561 
  62      8A99B933 
  62      677E73CE 
  63 005c 7BE31148 		.ascii	"{\343\021H\333\005CtF\306\264\026\036AJ\030\260\364"
  63      DB054374 
  63      46C6B416 
  63      1E414A18 
  63      B0F4
  64 006e 0C558086 		.ascii	"\014U\200\206\014c\010?\315o\203\365\306\352\235\266"
  64      0C63083F 
  64      CD6F83F5 
  64      C6EA9DB6 
  65 007e EE8AB579 		.ascii	"\356\212\265y\273\271\365\200'\253!\002\2216\015\341"
  65      BBB9F580 
  65      27AB2102 
  65      91360DE1 
ARM GAS  C:\Users\Sava\AppData\Local\Temp\ccO4uAxQ.s 			page 5


  66 008e 7C1AE794 		.ascii	"|\032\347\224\201\012\272E\371qd\366!\357\233@ \236"
  66      810ABA45 
  66      F97164F6 
  66      21EF9B40 
  66      209E
  67 00a0 94D1BBFB 		.ascii	"\224\321\273\373\337Ohi\220\221\362}\245<\321\306\247"
  67      DF4F6869 
  67      9091F27D 
  67      A53CD1C6 
  67      A7
  68 00b1 41BAF5EB 		.ascii	"A\272\365\353m\324\332UV\246\035\273b\217\005\314x\002"
  68      6DD4DA55 
  68      56A61DBB 
  68      628F05CC 
  68      7802
  69 00c3 56E663A4 		.ascii	"V\346c\244QE\232d\211\360\024]*\3776wp\267#9b\245e\364"
  69      51459A64 
  69      89F0145D 
  69      2AFF3677 
  69      70B72339 
  70 00db 62B9F119 		.ascii	"b\271\361\031\222\342\224es+\370\274\320\232}d\355\250"
  70      92E29465 
  70      732BF8BC 
  70      D09A7D64 
  70      EDA8
  71 00ed 0DF7AE8B 		.ascii	"\015\367\256\213\275\341\314\277\376D\377\034Y\321."
  71      BDE1CCBF 
  71      FE44FF1C 
  71      59D12E
  72 00fc 371B6167 		.ascii	"7\033ag\354P\243}\332\335\230j\217\035\246\244\234/"
  72      EC50A37D 
  72      DADD986A 
  72      8F1DA6A4 
  72      9C2F
  73 010e D5C6DB95 		.ascii	"\325\306\333\225$mi\263\004\033\364\007\3549\322\214"
  73      246D69B3 
  73      041BF407 
  73      EC39D28C 
  74 011e B8AAE190 		.ascii	"\270\252\341\2205\353X\177\253\277\374G=\207\354\314"
  74      35EB587F 
  74      ABBFFC47 
  74      3D87ECCC 
  75 012e C5D0369B 		.ascii	"\305\3206\233\005\033F\211mN\032h.\226\204\236\247]"
  75      051B4689 
  75      6D4E1A68 
  75      2E96849E 
  75      A75D
  76 0140 82D42FED 		.ascii	"\202\324/\355j.\212\214\014\374\003\371\305\350\365"
  76      6A2E8A8C 
  76      0CFC03F9 
  76      C5E8F5
  77 014f 594D5960 		.ascii	"YMY`\015y/x\363\241E\235\262\373~\215\225\265\333\307"
  77      0D792F78 
  77      F3A1459D 
  77      B2FB7E8D 
  77      95B5DBC7 
  78 0163 8B98923F 		.ascii	"\213\230\222?\221(\210\373y\275L\326\313\365|\255\245"
ARM GAS  C:\Users\Sava\AppData\Local\Temp\ccO4uAxQ.s 			page 6


  78      912888FB 
  78      79BD4CD6 
  78      CBF57CAD 
  78      A5
  79 0174 AF27E024 		.ascii	"\257'\340$\026P\304\201C\342\005\372H\211_O\306@\357"
  79      1650C481 
  79      43E205FA 
  79      48895F4F 
  79      C640EF
  80 0187 6884978E 		.ascii	"h\204\227\216\340\336\303+G(L\337\252#F\310\031\026"
  80      E0DEC32B 
  80      47284CDF 
  80      AA2346C8 
  80      1916
  81 0199 90332CE6 		.ascii	"\2203,\346\271\216\341\024Y\231\355\310C\212\025\344"
  81      B98EE114 
  81      5999EDC8 
  81      438A15E4 
  82 01a9 32C97131 		.ascii	"2\311q1q*7x5w)7x\371\332\300M_G\177\340\206\337\353"
  82      712A3778 
  82      35772937 
  82      78F9DAC0 
  82      4D5F477F 
  83 01c1 13FC3FAE 		.ascii	"\023\374?\256\302\274\273"
  83      C2BCBB
  84              		.text
  85              		.section	.gnu.lto_lv_circ_next.d4bbd77,"",%progbits
  86 0000 789C9556 		.ascii	"x\234\225V]L\024W\024\276g\356\354,\260\273\200ZEt\205"
  86      5D4C1457 
  86      14BE67EE 
  86      EC2CB0BB 
  86      805A4574 
  87 0015 5558D007 		.ascii	"UX\320\007\205\027\343k\237\372\334\364\271Ic6\306\230"
  87      8517E36B 
  87      9FFADCF4 
  87      B9496336 
  87      C698
  88 0027 60D2B4C6 		.ascii	"`\322\264\306W\247\273,\264\306\230\330(R-Ac\010\330"
  88      57A7BB2C 
  88      B4C698D8 
  88      28522D41 
  88      6308D8
  89 003a 1F604151 		.ascii	"\037`AQ\320\266\003\205j-\202\330\332Z\355\017\213H"
  89      D0B60385 
  89      6A2D82D8 
  89      DA5AED0F 
  89      8B48
  90 004c 1B430D6B 		.ascii	"\033C\015k\253\2465\272=\347\336\301\035vv\310\316&"
  90      ABA635BA 
  90      3DE7DEC1 
  90      1D7676C8 
  90      CE26
  91 005e 7BE69E73 		.ascii	"{\346\236s\277\363\335\363\267sWe\300\350\263\325\317"
  91      BFF3DDF3 
  91      B7735765 
  91      C0E8B3D5 
  91      CF
ARM GAS  C:\Users\Sava\AppData\Local\Temp\ccO4uAxQ.s 			page 7


  92 006f 58253EEB 		.ascii	"X%>\353I\321\030(\014\277\012gLWT\024*\007\017ZT!=@"
  92      49D11828 
  92      0CBF0A67 
  92      4C575414 
  92      2A070F5A 
  93 0087 3EC00E28 		.ascii	">\300\016(\\\365\300\001x\254<W`\244ynP\331\322\251"
  93      5CF5C001 
  93      78AC3C57 
  93      60A4796E 
  93      50D9D2A9 
  94 009b E367BA63 		.ascii	"\343g\272c\246^\3572 \216\356iE\3203\350\204-\210\232"
  94      A65EEF32 
  94      208EEE69 
  94      45D033E8 
  94      842D889A 
  95 00af 6AECFD98 		.ascii	"j\354\375\230\377\243\3049\200\212j\352\372\211{\305"
  95      FFA3C439 
  95      808A6AEA 
  95      FA897BC5 
  96 00bf A42A1042 		.ascii	"\244*\020Bu\242\263\343h\021_\007\214\266\236\214\246"
  96      75A2B3E3 
  96      68115F07 
  96      8CB69E8C 
  96      A6
  97 00d0 0A6A3B74 		.ascii	"\012j;t=\252\353Gv\351\205q\316\341\023\340\310\007"
  97      3DAAEB47 
  97      76E98571 
  97      CEE113E0 
  97      C807
  98 00e2 6721085D 		.ascii	"g!\010]\020dhb\360)\324\"\372\301\235\273\003>\036\024"
  98      10646862 
  98      F029D422 
  98      FAC19DBB 
  98      033E1E14 
  99 00f6 9E830FA7 		.ascii	"\236\203\017\247\347\003\246\347\224\360T\341\263lO"
  99      E703A6E7 
  99      94F054E1 
  99      B36C4F
 100 0105 95C1E750 		.ascii	"\225\301\347PK\360\231\304\213c\001\255\221\002\017"
 100      4BF099C4 
 100      8B6301AD 
 100      91020F
 101 0114 C970A11B 		.ascii	"\311p\241\0334\314\260\0227\307\322O\215\022\031/%y"
 101      34CCB012 
 101      37C7D24F 
 101      8D12192F 
 101      2579
 102 0126 7361BCCD 		.ascii	"sa\274\315'\343-E\265\357T\367\207\276\360\031r5\216"
 102      27E32D45 
 102      B5EF54F7 
 102      87BEF019 
 102      72358E
 103 0139 37F1D62E 		.ascii	"7\361\326.#\032\212s\017\261@/\036\325\203G\211\344"
 103      231A8A73 
 103      0FB1402F 
 103      1ED58347 
 103      89E4
ARM GAS  C:\Users\Sava\AppData\Local\Temp\ccO4uAxQ.s 			page 8


 104 014b 13105E0A 		.ascii	"\023\020^\012\327\373\247O\201\036\1775'\272O\240gb"
 104      D7FBA74F 
 104      811E7F35 
 104      27BA4FA0 
 104      6762
 105 015d 03873542 		.ascii	"\003\2075Bc\032\2757t j\315\016\356w\003>g\213c\021"
 105      631ABD37 
 105      74206ACD 
 105      0EEE7703 
 105      3E678B63 
 106 0172 9C238CF3 		.ascii	"\234#\214\363\331`\343d\223\3379\307\001\033\274\255"
 106      D960E364 
 106      93DF39C7 
 106      011BBCAD 
 107 0182 E91567F8 		.ascii	"\351\025g\370\0057q_\264\305\235Z\246~\2036\352\251"
 107      0537715F 
 107      B4C59D5A 
 107      A67E8336 
 107      EAA9
 108 0194 45740EEE 		.ascii	"Et\016\356!7\201\\r\003\276\354\006\374\205\233\326"
 108      2137815C 
 108      7203BEEC 
 108      06FC859B 
 108      D6
 109 01a5 7C69AB75 		.ascii	"|i\253u\242)\340\\\353\257l\334\227\226)\237\341&\354"
 109      A229E05C 
 109      EBAF6CDC 
 109      9796299F 
 109      E126EC
 110 01b8 6137E011 		.ascii	"a7\340\02179~m\313\261\177\271y\032u\023\310\230-\220"
 110      37397E6D 
 110      CBB17FB9 
 110      791A7513 
 110      C8982D90 
 111 01cc BF9729C8 		.ascii	"\277\227)\3107\002\375Wb\270-`\242\237\315\"\372\003"
 111      3702FD57 
 111      62B82D60 
 111      A29FCD22 
 111      FA03
 112 01de 447B99F5 		.ascii	"D{\231\365\265\"\320Wl\334G\222\316\334W]q\177kC\367"
 112      B522D057 
 112      6CDC4792 
 112      CEDC575D 
 112      717F6B43 
 113 01f3 61928DA1 		.ascii	"a\222\215\241\234\340k\256~\006\337\271\251\337\270"
 113      9CE06BAE 
 113      7E06DFB9 
 113      A9DFB8
 114 0202 1BF07537 		.ascii	"\033\360u7\340\0117#2\011\341\2367\014=\235\216\351"
 114      E0093723 
 114      3209E19E 
 114      370C3D9D 
 114      8EE9
 115 0214 C6316D78 		.ascii	"\3061mx@\333\214\357i\274\020T|\301{<$4\024\232\227"
 115      40DB8CEF 
 115      69BC1054 
 115      7CC17B3C 
ARM GAS  C:\Users\Sava\AppData\Local\Temp\ccO4uAxQ.s 			page 9


 115      2434149A 
 116 0229 4401A945 		.ascii	"D\001\251E@o}\037-\375$\002\264SL\253\022Z\225\222X"
 116      406F7D1F 
 116      2DFD2402 
 116      B4534CAB 
 116      125A9592 
 117 023e 41622589 		.ascii	"Ab%\211U\264\261\232\304\032\022ed[K\242\234\324\365"
 117      55B4B19A 
 117      C41A1265 
 117      645B4BA2 
 117      9CD4F5
 118 0251 24E82AD1 		.ascii	"$\350*\3216\320\252\002\205\267\222V!Zm$\261\211v\253"
 118      36D0AA02 
 118      85B79256 
 118      215A6D24 
 118      B18976AB 
 119 0265 48549308 		.ascii	"HT\223\010\223\250!\010c\013\342^L)\370\340s\020\035"
 119      93A82108 
 119      630BE25E 
 119      4C29F8E0 
 119      73101D
 120 0278 4A8DEDA4 		.ascii	"J\215\355\244k'\306\351Zl\211\217Lz\351\232\341\342"
 120      6B27C6E9 
 120      5A6C898F 
 120      4C7AE99A 
 120      E1E2
 121 028a 427B7AE5 		.ascii	"B{z\345\332\373\376vh\303\013\265 \206\266\033\224?"
 121      DAFBFE76 
 121      68C30BB5 
 121      2086B61B 
 121      943F
 122 029c DA3B66A3 		.ascii	"\332;f\243\335\336\272\255q^\010S\320\016/\004%\334"
 122      DDDEBAAD 
 122      715E0853 
 122      D00E2F04 
 122      25DC
 123 02ae 843A868C 		.ascii	"\204:\206\214-I\277$\364 '\031\036y\245N&\324c-\232"
 123      2D49BF24 
 123      F4202719 
 123      1E79A54E 
 123      26D4632D 
 124 02c3 D4BD6842 		.ascii	"\324\275hB\262\363\315\343\211\":S\003\200\357\361\004"
 124      B2F3CDE3 
 124      89223A53 
 124      0380EFF1 
 124      04
 125 02d4 8B0B9EEA 		.ascii	"\213\013\236\352\025\234@\272%\242\367\250A\001\347"
 125      159C40BA 
 125      25A2F7A8 
 125      4101E7
 126 02e3 B07EC884 		.ascii	"\260~\310\204u\013\352\220\210X\376;\370\260\265^\022"
 126      750BEA90 
 126      8858FE3B 
 126      F8B0B55E 
 126      12
 127 02f4 FBACC9AA 		.ascii	"\373\254\311\252\331\311\026\306x\021\374H\254\360\023"
 127      D9C916C6 
ARM GAS  C:\Users\Sava\AppData\Local\Temp\ccO4uAxQ.s 			page 10


 127      7811FC48 
 127      ACF013
 128 0303 12B12434 		.ascii	"\022\261$4N\306*2\236=\363\203\377\006\310\323\003\014"
 128      4EC62A32 
 128      9E3DF383 
 128      FF06C8D3 
 128      030C
 129 0315 6E9B4391 		.ascii	"n\233C\221\242?-\\\034\363\244\365u\011\366;\362\376"
 129      A23F2D5C 
 129      1CF3A4F5 
 129      7509F63B 
 129      F2FE
 130 0327 4CBC964C 		.ascii	"L\274\226L\003\010&}\350tP\032\212\363\253\377\235L"
 130      0308267D 
 130      E874501A 
 130      8AF3ABFF 
 130      9D4C
 131 0339 A27765FD 		.ascii	"\242we\375\0375\217*\222\242\004Y\250\340'\314\202\227"
 131      1F358F2A 
 131      92A20459 
 131      A8E027CC 
 131      8297
 132 034b A209BD2F 		.ascii	"\242\011\275/\267\037:k\026\\\201_D\301_\366d\205\210"
 132      B71F3A6B 
 132      165C815F 
 132      44C15FF6 
 132      648588
 133 035e A4D46A5A 		.ascii	"\244\324jZ\211\326\354\276\254Bs\316\276,M\362W\014"
 133      89D6ECBE 
 133      AC4273CE 
 133      BE2C4DF2 
 133      570C
 134 0370 0EC1A238 		.ascii	"\016\301\2428\2529o\211\361\323\\\222\254\316/\303\337"
 134      AA396F89 
 134      F1D35C92 
 134      ACCE2FC3 
 134      DF
 135 0381 4486E28F 		.ascii	"D\206\342\217\337\357\213\023V,\031\326 \2115\25424"
 135      DFEF8B13 
 135      562C19D6 
 135      208935AC 
 135      3234
 136 0393 59435F8B 		.ascii	"YC_\213&$\033\272}k\207\3147\235\3460\2754\225r\204"
 136      26241BBA 
 136      7D6B87CC 
 136      379DE630 
 136      BD349572 
 137 03a8 398FD876 		.ascii	"9\217\330v\346\034X2\023\330\014\315X\271\234\261\211"
 137      E61C5832 
 137      13D80CCD 
 137      58B99CB1 
 137      89
 138 03b9 8FCCE6AF 		.ascii	"\217\314\346\257w\254\313\275\254\346\007\021,\232\237"
 138      77ACCBBD 
 138      ACE60711 
 138      2C9A9F
 139 03c8 349BBF21 		.ascii	"4\233\277!\277\322\314f\232\177\177\261\371\363fu+\220"
ARM GAS  C:\Users\Sava\AppData\Local\Temp\ccO4uAxQ.s 			page 11


 139      BFD2CC66 
 139      9A7F7FB1 
 139      F9F36675 
 139      2B90
 140 03da 450E54B5 		.ascii	"E\016T\2654T\346\3079\227\311\352\217l\316\020\262P"
 140      3454E6C7 
 140      3997C9EA 
 140      8F6CCE10 
 140      B250
 141 03ec 7D5BCDFA 		.ascii	"}[\315\372n\024\307\204\226N\335&\264[\247\256\012M"
 141      6E14C784 
 141      964EDD26 
 141      B45BA7AE 
 141      0A4D
 142 03fe D963562D 		.ascii	"\331cV-r\256\262\232\302h\315\036\263\0324\3471f\177"
 142      72AEB29A 
 142      C268CD1E 
 142      B31A34E7 
 142      31667F
 143 0411 8A31AB11 		.ascii	"\2121\253\021c\206o8\376\000\242\306\205\327\310E\374"
 143      63866F38 
 143      FE00A2C6 
 143      85D7C845 
 143      FC
 144 0422 3017281B 		.ascii	"0\027(\033\254RY\303\376\335\015o6\354\177k\357\236"
 144      AC5259C3 
 144      FEDD0D6F 
 144      36EC7F6B 
 144      EF9E
 145 0434 7723F48C 		.ascii	"w#\364\214\354y'\262-\302 \302\367\355}\373\177\014"
 145      EC7927B2 
 145      2DC220C2 
 145      F7ED7DFB 
 145      7F0C
 146 0446 47AC14   		.ascii	"G\254\024"
 147              		.text
 148              		.section	.gnu.lto_.symbol_nodes.d4bbd77,"",%progbits
 149 0000 789C6361 		.ascii	"x\234ca`d0e\000\002&\346z\006\206\011\347\030\030\200"
 149      60643065 
 149      000226E6 
 149      7A068609 
 149      E7181880 
 150 0014 D4AA4645 		.ascii	"\324\252FE\240\000K=#\252\000k=\023\212\000\003\000"
 150      A0004B3D 
 150      23AA006B 
 150      3D138A00 
 150      0300
 151 0026 37720B48 		.ascii	"7r\013H"
 152              		.text
 153              		.section	.gnu.lto_.refs.d4bbd77,"",%progbits
 154 0000 789C6361 		.ascii	"x\234ca`\004B \000\000\0009\000\007"
 154      60044220 
 154      00000039 
 154      0007
 155              		.text
 156              		.section	.gnu.lto_.decls.d4bbd77,"",%progbits
 157 0000 789CBD55 		.ascii	"x\234\275UmLSW\030\276\357\275\245\205k\021\003f\353"
ARM GAS  C:\Users\Sava\AppData\Local\Temp\ccO4uAxQ.s 			page 12


 157      6D4C5357 
 157      18BEEFBD 
 157      A5856B11 
 157      0366EB
 158 0013 0F121BE5 		.ascii	"\017\022\033\345G\367\203nl\316,\373\265\270d\333\257"
 158      47F7836E 
 158      6CCE2CFB 
 158      B5B864DB 
 158      AF
 159 0024 657FE6AF 		.ascii	"e\177\346\257.M-WlR\332\246-\004\376,\007\330\"\303"
 159      2E4D2D57 
 159      6C52DAA6 
 159      2D04FE2C 
 159      07D822C3 
 160 0038 285503C1 		.ascii	"(U\003\3012\027\220\311\207\370\255\370\201\014\212"
 160      321790C9 
 160      87F8ADF8 
 160      810C8A
 161 0047 88827CC8 		.ascii	"\210\202|\310\307\004\371\3324\272D\226ma\011\004\035"
 161      C704F9DA 
 161      34BA4496 
 161      6D610904 
 161      1D
 162 0058 38F69E73 		.ascii	"8\366\236sn{;\244\373\271\223\274\275\347\274\347=\357"
 162      6E7B3BA4 
 162      FBB993BC 
 162      BDE7BCE7 
 162      3DEF
 163 006a F3BCCF7B 		.ascii	"\363\274\317{z\257N\000\201\216\021\275 \034\302\251"
 163      7AAF4E00 
 163      818E11BD 
 163      201CC2A9 
 164 007a 196D0D87 		.ascii	"\031m\015\207\016}{\004mHh}h\243h\023\302\253\203\356"
 164      0E7D7B04 
 164      6D48687D 
 164      68A36813 
 164      C2AB83EE 
 165 008e A5A867D2 		.ascii	"\245\250g\322\321\266\242\365\242\265\243\265\241=D"
 165      D1B6A2F5 
 165      A2B5A3B5 
 165      A13D44
 166 009d 33A1F5A0 		.ascii	"3\241\365\240\211h\235h\0214P\317\256\037\024\307\200"
 166      89689D68 
 166      113450CF 
 166      AE1F14C7 
 166      80
 167 00ae 36B82E5F 		.ascii	"6\270._4G\233\232'\242\346\002\365\014}N\257\313E\371"
 167      34479B9A 
 167      27A2E602 
 167      F50C7D4E 
 167      AFCB45F9 
 168 00c2 CA09B899 		.ascii	"\312\011\270\231Tn\237\375G\336\215\352})\302\352\312"
 168      546E9FFD 
 168      47DE8DEA 
 168      7D29C2EA 
 168      CA
 169 00d3 70B76106 		.ascii	"p\267a\006\246h\010\320!\250Z\306\006p\003\356\026\243"
ARM GAS  C:\Users\Sava\AppData\Local\Temp\ccO4uAxQ.s 			page 13


 169      A66808D0 
 169      21A85AC6 
 169      067003EE 
 169      16A3
 170 00e5 2EBE07AF 		.ascii	".\276\007\257\006\263\024\232\177]\000\353\013\033\332"
 170      06B3149A 
 170      7F5D00EB 
 170      0B1BDA
 171 00f4 0670607E 		.ascii	"\006p`~(>>\012\215\260|\012B\214E46.\237\312^#\273n"
 171      283E3E0A 
 171      8DB07C0A 
 171      428C4534 
 171      362E9FCA 
 172 010c 48D1A2BB 		.ascii	"H\321\242\273N\037<\233&aN\234\377\374\242\371#\353"
 172      4E1F3C9B 
 172      26614E9C 
 172      FFFCA2F9 
 172      23EB
 173 011e 19822344 		.ascii	"\031\202#D\210\270MS\346\311\311\341\006qQ\004\223\014"
 173      88B84D53 
 173      E6C9C9E1 
 173      06715104 
 173      930C
 174 0130 981C1DE1 		.ascii	"\230\034\035\341\310\310\027|M\310\227\270\276<\263"
 174      C8C8177C 
 174      4DC897B8 
 174      BE3CB3
 175 013f D8224A26 		.ascii	"\330\"J&\226\245wm9\222\206\233\3512\210\270\034[\030"
 175      96A5776D 
 175      3992869B 
 175      E93288B8 
 175      1C5B18
 176 0152 3CB10997 		.ascii	"<\261\011\227[e\330\362R\024\347\252Z\226\365 [\312"
 176      5B65D8F2 
 176      5214E7AA 
 176      5A96F520 
 176      5BCA
 177 0164 290C2923 		.ascii	")\014)#\262E\200s\220\011g!S\200\013`\2419[\300*@+:"
 177      B2458073 
 177      90096721 
 177      53800B60 
 177      A1395BC0 
 178 017c 4FA3B391 		.ascii	"O\243\263\221\306=\252\372ew\031!\000\347A\2063 \261"
 178      C63DAAFA 
 178      65771921 
 178      00E74186 
 178      3320B1
 179 018f 10ACCD24 		.ascii	"\020\254\315$s\202m5C\3076K\247\200\022\020\017\207"
 179      73826D35 
 179      43C7364B 
 179      A7801210 
 179      0F87
 180 01a1 A71A8C89 		.ascii	"\247\032\214\211 .'\204\270y0\253\225\220-p\011!.j\020"
 180      202E2784 
 180      B87930AB 
 180      95902D70 
 180      09212E6A 
ARM GAS  C:\Users\Sava\AppData\Local\Temp\ccO4uAxQ.s 			page 14


 181 01b6 88C8312A 		.ascii	"\210\3101*Wg\253\323\244\357\231T\342\337\3375u\310"
 181      5767ABD3 
 181      A4EF9954 
 181      E2DFDF35 
 181      75C8
 182 01c8 8930AE26 		.ascii	"\2110\256&\304\350:\266\255\205b\264!\306\025\015\343"
 182      C4E83AB6 
 182      AD8562B4 
 182      21C6150D 
 182      E3
 183 01d9 5214A3BD 		.ascii	"R\024\243\275\266\374y\232\216\266\224F\354\325Q\337"
 183      B6FC799A 
 183      8EB69446 
 183      ECD551DF 
 184 01e9 E85717BE 		.ascii	"\350W\027\276\225\270\236:\\\3769\024~\262\231\353i"
 184      95B89E3A 
 184      5CFE3914 
 184      7EB299EB 
 184      69
 185 01fa C6E59553 		.ascii	"\306\345\225S\327\257m2V\020RJBe$\375\023v\360\006\202"
 185      D7AF6D32 
 185      5610524A 
 185      426524FD 
 185      1376F006 
 186 020f 5E475001 		.ascii	"^GP\001\332\301\250\366p\370h\333\200\310R\243\017\256"
 186      DAC1A8F6 
 186      70F868DB 
 186      80C852A3 
 186      0FAE
 187 0221 01CB1D6E 		.ascii	"\001\313\035n?P*Kwy\373;*\006V\223\245~\266\320E\346"
 187      3F502A4B 
 187      7779FB3B 
 187      2A065693 
 187      A57EB6D0 
 188 0237 26468C90 		.ascii	"&F\214\220\225\221e9I\231G\252\352\241\206DJ%\226\277"
 188      95916539 
 188      499947AA 
 188      EAA18644 
 188      4A2596BF 
 189 024b 03A97741 		.ascii	"\003\251wA\206V\361\233\024+\007\177\204#\354\372D\260"
 189      8656F19B 
 189      142B077F 
 189      8423ECFA 
 189      44B0
 190 025d 57A210C7 		.ascii	"W\242\020\307\203Fc\261\320\215\322tB\026D \213].\236"
 190      834663B1 
 190      D08DD274 
 190      42164420 
 190      8B5D2E9E 
 191 0271 BCDA41BE 		.ascii	"\274\332A\276\326\263\314?l\230\371\034\315\301%\214"
 191      D6B3CC3F 
 191      6C98F91C 
 191      CDC1258C 
 192 0281 1C510849 		.ascii	"\034Q\010I\2461\202\252\236Z_\373\203\351yQ\032\340"
 192      A63182AA 
 192      9E5A5FFB 
 192      83E97951 
ARM GAS  C:\Users\Sava\AppData\Local\Temp\ccO4uAxQ.s 			page 15


 192      1AE0
 193 0293 EDA91D0B 		.ascii	"\355\251\035\013\335\006\310\260l\310\006n#\211D\204"
 193      DD06C8B0 
 193      6CC8066E 
 193      23894484 
 194 02a3 38C8F154 		.ascii	"8\310\361T\"B\017\206\334\322\232D!\031R\177\250i*9"
 194      22420F86 
 194      DCD29A44 
 194      2119527F 
 194      A8692A39 
 195 02b7 5E721AA8 		.ascii	"^r\032\250\225\332\033\223\274a\245\346\0040\311\321"
 195      95DA1B93 
 195      BC61A5E6 
 195      0430C9D1 
 196 02c7 0737B9E4 		.ascii	"\0077\271\344\225\241gs\251\246jF\254\214\230u\260\347"
 196      95A16773 
 196      A9A66A46 
 196      AC8C9875 
 196      B0E7
 197 02d9 B5B8C377 		.ascii	"\265\270\303w\001_`p\007t<C\347\312\257\025\233\267"
 197      015F6070 
 197      07743C43 
 197      E7CAAF15 
 197      9BB7
 198 02eb D791BA3A 		.ascii	"\327\221\272:\362hn\"\273\272\214\364\34193\015\203"
 198      F2686E22 
 198      BBBA8CF4 
 198      E139330D 
 198      83
 199 02fc 668D1A4E 		.ascii	"f\215\032N\351\243\011f\360/\337\007\333\361\344\263"
 199      E9A30966 
 199      F02FDF07 
 199      DBF1E4B3 
 200 030c 89C63E83 		.ascii	"\211\306>\203\364\007\357\354\375\345\361\301\244\030"
 200      F407EFEC 
 200      FDE5F1C1 
 200      A418
 201 031a 117EAD86 		.ascii	"\021~\255\206z\307k\014\322\012\357\366\374\371\372"
 201      7AC76B0C 
 201      D20AEFF6 
 201      FCF9FA
 202 0329 6A195232 		.ascii	"j\031R2\001\211\200\345\000-m\241\264\016\277\035\360"
 202      018980E5 
 202      002D6DA1 
 202      B40EBF1D 
 202      F0
 203 033a 4E26BC85 		.ascii	"N&\274\205\222\335G\231\006\001?\0100\204!\303\3105"
 203      92DD4799 
 203      06013F08 
 203      308421C3 
 203      C835
 204 034c 8C5DA09E 		.ascii	"\214]\240\2360)\2477\232N\033\243\257\016\201.a\000"
 204      3029A737 
 204      9A4E1BA3 
 204      AF0E812E 
 204      6100
 205 035e 2441EBCF 		.ascii	"$A\353\317\343\331\261\337\344\370\272i\210V\370\010"
ARM GAS  C:\Users\Sava\AppData\Local\Temp\ccO4uAxQ.s 			page 16


 205      E3D9B1DF 
 205      E4F8BA69 
 205      8856F808 
 206 036e 2BFC5EB4 		.ascii	"+\374^\264\360\345\201\305[F^x\344'\205|\203\247t4\006"
 206      F0E581C5 
 206      5B465E78 
 206      E427857C 
 206      83A77434 
 207 0383 FAB5AAFB 		.ascii	"\372\265\252\373\343\253\036eU\037\236\234\177l\220"
 207      E3AB1E65 
 207      551F9E9C 
 207      7F6C90
 208 0392 4A2456F5 		.ascii	"J$V\365\361\205\312\346\324\330\215\347U?o\255]\322"
 208      F185CAE6 
 208      D4D88DE7 
 208      553F6FAD 
 208      5DD2
 209 03a4 5A32CE5B 		.ascii	"Z2\316[r\357P\367S}\302\226<`\314~\2142\233}z\343\242"
 209      72EF50F7 
 209      537DC296 
 209      3C60CC7E 
 209      8C329B7D 
 210 03bb 4E6576F4 		.ascii	"Nev\364\216\221\204J\010\371\200\006\301\230Fm,\236"
 210      8E91844A 
 210      08F98006 
 210      C198466D 
 210      2C9E
 211 03cd DA04A526 		.ascii	"\332\004\245&\275\350\371\375/=\225WFc\242-\254\255"
 211      BDE8F9FD 
 211      2F3D9557 
 211      4663A22D 
 211      ACAD
 212 03df A5C143FC 		.ascii	"\245\301C\374\353\227S\275\327\275D\004\266#\340\327"
 212      EB9753BD 
 212      D7BD4404 
 212      B623E0D7 
 213 03ef 28132655 		.ascii	"(\023&U\271\251\207\376 \213\245\3119\242\337Q\317."
 213      B9A987FE 
 213      208BA5C9 
 213      39A2DF51 
 213      CF2E
 214 0401 EB5252A9 		.ascii	"\353RR\251\210\224\231\006\374[1\015;\004\243\273\320"
 214      88949906 
 214      FC5B310D 
 214      3B04A3BB 
 214      D0
 215 0412 EE74F99D 		.ascii	"\356t\371\235v\227\307\025L\376\370\323\317\315\037"
 215      7697C715 
 215      4CFEF8D3 
 215      CFCD1F
 216 0421 E6E40829 		.ascii	"\346\344\010)v\\\007sv\331\203%\340|\337\346\363{\363"
 216      765C0773 
 216      76D98325 
 216      E07CDFE6 
 216      F37BF3
 217 0434 FC8E7CF3 		.ascii	"\374\216|\363>\227[\011\230-E\357\355z\303\346,\366"
 217      3E975B09 
ARM GAS  C:\Users\Sava\AppData\Local\Temp\ccO4uAxQ.s 			page 17


 217      982D45EF 
 217      ED7AC3E6 
 217      2CF6
 218 0446 F99540C0 		.ascii	"\371\225@\300\346\013x\235f\247_q\004\275~\333N\353"
 218      E60B789D 
 218      66A75F71 
 218      04BD7EDB 
 218      4EEB
 219 0458 DBFF76B8 		.ascii	"\333\377v\270\362}^\177\320\226\347)\2609\374\371\266"
 219      F27D5E7F 
 219      D096E729 
 219      B039FCF9 
 219      B6
 220 0469 77AD3BAD 		.ascii	"w\255;\2559t\226\355\361z\224l\305\261\327esy\234\356"
 220      397496ED 
 220      F17A946C 
 220      C5B1D765 
 220      73799CEE 
 221 047d 825CC596 		.ascii	"\202\\\305\226\357p\356wy\024\233=W\331\347(p\007\355"
 221      EF70EE77 
 221      79149B3D 
 221      57D9E728 
 221      7007ED
 222 0490 C1629F12 		.ascii	"\301b\237\022\260\356\027\014*\225\302\377\213I\240"
 222      B0EE170C 
 222      2A95C2FF 
 222      8B49A0
 223 049f 3860B307 		.ascii	"8`\263\007\202\271\210\213\3602U\310\353\365\347\332"
 223      82B9888B 
 223      F03255C8 
 223      EBF5E7DA 
 224 04af 83AFBB0B 		.ascii	"\203\257\273\013\363\3346\\\347\273\002N\372t`r\014"
 224      F3DC365C 
 224      E7BB024E 
 224      FA746072 
 224      0C
 225 04c0 812228A6 		.ascii	"\201\"(\246a>/\036\331 \214\012lujZ;\275\236`\222}\267"
 225      613E2F1E 
 225      D9208C0A 
 225      6C756A5A 
 225      3BBD9E60 
 226 04d7 D7EB8EB9 		.ascii	"\327\353\216\271<JQ\360\037\0327zs"
 226      3C4A51F0 
 226      1F1A377A 
 226      73
 227              		.text
 228              		.section	.gnu.lto_.symtab.d4bbd77,"",%progbits
 229 0000 6C765F63 		.ascii	"lv_circ_init\000"
 229      6972635F 
 229      696E6974 
 229      00
 230 000d 00       		.ascii	"\000"
 231 000e 00       		.ascii	"\000"
 232 000f 00       		.ascii	"\000"
 233 0010 00000000 		.ascii	"\000\000\000\000\000\000\000\000"
 233      00000000 
 234 0018 C8000000 		.ascii	"\310\000\000\000"
ARM GAS  C:\Users\Sava\AppData\Local\Temp\ccO4uAxQ.s 			page 18


 235 001c 6C765F63 		.ascii	"lv_circ_cont\000"
 235      6972635F 
 235      636F6E74 
 235      00
 236 0029 00       		.ascii	"\000"
 237 002a 00       		.ascii	"\000"
 238 002b 00       		.ascii	"\000"
 239 002c 00000000 		.ascii	"\000\000\000\000\000\000\000\000"
 239      00000000 
 240 0034 D1000000 		.ascii	"\321\000\000\000"
 241 0038 6C765F63 		.ascii	"lv_circ_next\000"
 241      6972635F 
 241      6E657874 
 241      00
 242 0045 00       		.ascii	"\000"
 243 0046 00       		.ascii	"\000"
 244 0047 00       		.ascii	"\000"
 245 0048 00000000 		.ascii	"\000\000\000\000\000\000\000\000"
 245      00000000 
 246 0050 D6000000 		.ascii	"\326\000\000\000"
 247              		.text
 248              		.section	.gnu.lto_.opts,"",%progbits
 249 0000 272D666D 		.ascii	"'-fmath-errno' '-fsigned-zeros' '-ftrapping-math' '"
 249      6174682D 
 249      6572726E 
 249      6F272027 
 249      2D667369 
 250 0033 2D666E6F 		.ascii	"-fno-trapv' '-fno-strict-overflow' '-fno-openmp' '-"
 250      2D747261 
 250      70762720 
 250      272D666E 
 250      6F2D7374 
 251 0066 666E6F2D 		.ascii	"fno-openacc' '-mcpu=cortex-m3' '-mthumb' '-g' '-O0'"
 251      6F70656E 
 251      61636327 
 251      20272D6D 
 251      6370753D 
 252 0099 20272D66 		.ascii	" '-ffunction-sections' '-ffat-lto-objects' '-finlin"
 252      66756E63 
 252      74696F6E 
 252      2D736563 
 252      74696F6E 
 253 00cc 652D6675 		.ascii	"e-functions' '-flto'\000"
 253      6E637469 
 253      6F6E7327 
 253      20272D66 
 253      6C746F27 
 254              		.text
 255              		.cfi_sections	.debug_frame
 256              		.section	.text.lv_circ_init,"ax",%progbits
 257              		.align	2
 258              		.global	lv_circ_init
 259              		.thumb
 260              		.thumb_func
 261              		.type	lv_circ_init, %function
 262              	lv_circ_init:
 263              	.LFB3:
ARM GAS  C:\Users\Sava\AppData\Local\Temp\ccO4uAxQ.s 			page 19


 264              		.file 1 "lvgl\\lv_misc\\lv_circ.c"
   1:lvgl\lv_misc/lv_circ.c **** /**
   2:lvgl\lv_misc/lv_circ.c ****  * @file lv_circ.c
   3:lvgl\lv_misc/lv_circ.c ****  * Circle drawing algorithm (with Bresenham)
   4:lvgl\lv_misc/lv_circ.c ****  * Only a 1/8 circle is calculated. Use CIRC_OCT1_X, CIRC_OCT1_Y macros to get
   5:lvgl\lv_misc/lv_circ.c ****  * the other octets.
   6:lvgl\lv_misc/lv_circ.c ****  */
   7:lvgl\lv_misc/lv_circ.c **** 
   8:lvgl\lv_misc/lv_circ.c **** /*********************
   9:lvgl\lv_misc/lv_circ.c ****  *      INCLUDES
  10:lvgl\lv_misc/lv_circ.c ****  *********************/
  11:lvgl\lv_misc/lv_circ.c **** #include "lv_circ.h"
  12:lvgl\lv_misc/lv_circ.c **** 
  13:lvgl\lv_misc/lv_circ.c **** /*********************
  14:lvgl\lv_misc/lv_circ.c ****  *      DEFINES
  15:lvgl\lv_misc/lv_circ.c ****  *********************/
  16:lvgl\lv_misc/lv_circ.c **** 
  17:lvgl\lv_misc/lv_circ.c **** /**********************
  18:lvgl\lv_misc/lv_circ.c ****  *      TYPEDEFS
  19:lvgl\lv_misc/lv_circ.c ****  **********************/
  20:lvgl\lv_misc/lv_circ.c **** 
  21:lvgl\lv_misc/lv_circ.c **** /**********************
  22:lvgl\lv_misc/lv_circ.c ****  *  STATIC PROTOTYPES
  23:lvgl\lv_misc/lv_circ.c ****  **********************/
  24:lvgl\lv_misc/lv_circ.c **** 
  25:lvgl\lv_misc/lv_circ.c **** /**********************
  26:lvgl\lv_misc/lv_circ.c ****  *  STATIC VARIABLES
  27:lvgl\lv_misc/lv_circ.c ****  **********************/
  28:lvgl\lv_misc/lv_circ.c **** 
  29:lvgl\lv_misc/lv_circ.c **** /**********************
  30:lvgl\lv_misc/lv_circ.c ****  *      MACROS
  31:lvgl\lv_misc/lv_circ.c ****  **********************/
  32:lvgl\lv_misc/lv_circ.c **** 
  33:lvgl\lv_misc/lv_circ.c **** /**********************
  34:lvgl\lv_misc/lv_circ.c ****  *   GLOBAL FUNCTIONS
  35:lvgl\lv_misc/lv_circ.c ****  **********************/
  36:lvgl\lv_misc/lv_circ.c **** 
  37:lvgl\lv_misc/lv_circ.c **** /**
  38:lvgl\lv_misc/lv_circ.c ****  * Initialize the circle drawing
  39:lvgl\lv_misc/lv_circ.c ****  * @param c pointer to a point. The coordinates will be calculated here
  40:lvgl\lv_misc/lv_circ.c ****  * @param tmp point to a variable. It will store temporary data
  41:lvgl\lv_misc/lv_circ.c ****  * @param radius radius of the circle
  42:lvgl\lv_misc/lv_circ.c ****  */
  43:lvgl\lv_misc/lv_circ.c **** void lv_circ_init(lv_point_t * c, lv_coord_t * tmp, lv_coord_t radius)
  44:lvgl\lv_misc/lv_circ.c **** {
 265              		.loc 1 44 0
 266              		.cfi_startproc
 267              		@ args = 0, pretend = 0, frame = 16
 268              		@ frame_needed = 1, uses_anonymous_args = 0
 269              		@ link register save eliminated.
 270 0000 80B4     		push	{r7}
 271              		.cfi_def_cfa_offset 4
 272              		.cfi_offset 7, -4
 273 0002 85B0     		sub	sp, sp, #20
 274              		.cfi_def_cfa_offset 24
 275 0004 00AF     		add	r7, sp, #0
 276              		.cfi_def_cfa_register 7
ARM GAS  C:\Users\Sava\AppData\Local\Temp\ccO4uAxQ.s 			page 20


 277 0006 F860     		str	r0, [r7, #12]
 278 0008 B960     		str	r1, [r7, #8]
 279 000a 1346     		mov	r3, r2
 280 000c FB80     		strh	r3, [r7, #6]	@ movhi
  45:lvgl\lv_misc/lv_circ.c ****     c->x = radius;
 281              		.loc 1 45 0
 282 000e FB68     		ldr	r3, [r7, #12]
 283 0010 FA88     		ldrh	r2, [r7, #6]	@ movhi
 284 0012 1A80     		strh	r2, [r3]	@ movhi
  46:lvgl\lv_misc/lv_circ.c ****     c->y = 0;
 285              		.loc 1 46 0
 286 0014 FB68     		ldr	r3, [r7, #12]
 287 0016 0022     		movs	r2, #0
 288 0018 5A80     		strh	r2, [r3, #2]	@ movhi
  47:lvgl\lv_misc/lv_circ.c ****     *tmp = 1 - radius;
 289              		.loc 1 47 0
 290 001a FB88     		ldrh	r3, [r7, #6]
 291 001c C3F10103 		rsb	r3, r3, #1
 292 0020 9BB2     		uxth	r3, r3
 293 0022 1AB2     		sxth	r2, r3
 294 0024 BB68     		ldr	r3, [r7, #8]
 295 0026 1A80     		strh	r2, [r3]	@ movhi
  48:lvgl\lv_misc/lv_circ.c **** }
 296              		.loc 1 48 0
 297 0028 00BF     		nop
 298 002a 1437     		adds	r7, r7, #20
 299              		.cfi_def_cfa_offset 4
 300 002c BD46     		mov	sp, r7
 301              		.cfi_def_cfa_register 13
 302              		@ sp needed
 303 002e 80BC     		pop	{r7}
 304              		.cfi_restore 7
 305              		.cfi_def_cfa_offset 0
 306 0030 7047     		bx	lr
 307              		.cfi_endproc
 308              	.LFE3:
 309              		.size	lv_circ_init, .-lv_circ_init
 310 0032 00BF     		.section	.text.lv_circ_cont,"ax",%progbits
 311              		.align	2
 312              		.global	lv_circ_cont
 313              		.thumb
 314              		.thumb_func
 315              		.type	lv_circ_cont, %function
 316              	lv_circ_cont:
 317              	.LFB4:
  49:lvgl\lv_misc/lv_circ.c **** 
  50:lvgl\lv_misc/lv_circ.c **** /**
  51:lvgl\lv_misc/lv_circ.c ****  * Test the circle drawing is ready or not
  52:lvgl\lv_misc/lv_circ.c ****  * @param c same as in circ_init
  53:lvgl\lv_misc/lv_circ.c ****  * @return true if the circle is not ready yet
  54:lvgl\lv_misc/lv_circ.c ****  */
  55:lvgl\lv_misc/lv_circ.c **** bool lv_circ_cont(lv_point_t * c)
  56:lvgl\lv_misc/lv_circ.c **** {
 318              		.loc 1 56 0
 319              		.cfi_startproc
 320              		@ args = 0, pretend = 0, frame = 8
 321              		@ frame_needed = 1, uses_anonymous_args = 0
ARM GAS  C:\Users\Sava\AppData\Local\Temp\ccO4uAxQ.s 			page 21


 322              		@ link register save eliminated.
 323 0000 80B4     		push	{r7}
 324              		.cfi_def_cfa_offset 4
 325              		.cfi_offset 7, -4
 326 0002 83B0     		sub	sp, sp, #12
 327              		.cfi_def_cfa_offset 16
 328 0004 00AF     		add	r7, sp, #0
 329              		.cfi_def_cfa_register 7
 330 0006 7860     		str	r0, [r7, #4]
  57:lvgl\lv_misc/lv_circ.c ****     return c->y <= c->x ? true : false;
 331              		.loc 1 57 0
 332 0008 7B68     		ldr	r3, [r7, #4]
 333 000a B3F90220 		ldrsh	r2, [r3, #2]
 334 000e 7B68     		ldr	r3, [r7, #4]
 335 0010 B3F90030 		ldrsh	r3, [r3]
 336 0014 9A42     		cmp	r2, r3
 337 0016 D4BF     		ite	le
 338 0018 0123     		movle	r3, #1
 339 001a 0023     		movgt	r3, #0
 340 001c DBB2     		uxtb	r3, r3
  58:lvgl\lv_misc/lv_circ.c **** }
 341              		.loc 1 58 0
 342 001e 1846     		mov	r0, r3
 343 0020 0C37     		adds	r7, r7, #12
 344              		.cfi_def_cfa_offset 4
 345 0022 BD46     		mov	sp, r7
 346              		.cfi_def_cfa_register 13
 347              		@ sp needed
 348 0024 80BC     		pop	{r7}
 349              		.cfi_restore 7
 350              		.cfi_def_cfa_offset 0
 351 0026 7047     		bx	lr
 352              		.cfi_endproc
 353              	.LFE4:
 354              		.size	lv_circ_cont, .-lv_circ_cont
 355              		.section	.text.lv_circ_next,"ax",%progbits
 356              		.align	2
 357              		.global	lv_circ_next
 358              		.thumb
 359              		.thumb_func
 360              		.type	lv_circ_next, %function
 361              	lv_circ_next:
 362              	.LFB5:
  59:lvgl\lv_misc/lv_circ.c **** 
  60:lvgl\lv_misc/lv_circ.c **** /**
  61:lvgl\lv_misc/lv_circ.c ****  * Get the next point from the circle
  62:lvgl\lv_misc/lv_circ.c ****  * @param c same as in circ_init. The next point stored here.
  63:lvgl\lv_misc/lv_circ.c ****  * @param tmp same as in circ_init.
  64:lvgl\lv_misc/lv_circ.c ****  */
  65:lvgl\lv_misc/lv_circ.c **** void lv_circ_next(lv_point_t * c, lv_coord_t * tmp)
  66:lvgl\lv_misc/lv_circ.c **** {
 363              		.loc 1 66 0
 364              		.cfi_startproc
 365              		@ args = 0, pretend = 0, frame = 8
 366              		@ frame_needed = 1, uses_anonymous_args = 0
 367              		@ link register save eliminated.
 368 0000 80B4     		push	{r7}
ARM GAS  C:\Users\Sava\AppData\Local\Temp\ccO4uAxQ.s 			page 22


 369              		.cfi_def_cfa_offset 4
 370              		.cfi_offset 7, -4
 371 0002 83B0     		sub	sp, sp, #12
 372              		.cfi_def_cfa_offset 16
 373 0004 00AF     		add	r7, sp, #0
 374              		.cfi_def_cfa_register 7
 375 0006 7860     		str	r0, [r7, #4]
 376 0008 3960     		str	r1, [r7]
  67:lvgl\lv_misc/lv_circ.c ****     c->y++;
 377              		.loc 1 67 0
 378 000a 7B68     		ldr	r3, [r7, #4]
 379 000c B3F90230 		ldrsh	r3, [r3, #2]
 380 0010 9BB2     		uxth	r3, r3
 381 0012 0133     		adds	r3, r3, #1
 382 0014 9BB2     		uxth	r3, r3
 383 0016 1AB2     		sxth	r2, r3
 384 0018 7B68     		ldr	r3, [r7, #4]
 385 001a 5A80     		strh	r2, [r3, #2]	@ movhi
  68:lvgl\lv_misc/lv_circ.c **** 
  69:lvgl\lv_misc/lv_circ.c ****     if(*tmp <= 0) {
 386              		.loc 1 69 0
 387 001c 3B68     		ldr	r3, [r7]
 388 001e B3F90030 		ldrsh	r3, [r3]
 389 0022 002B     		cmp	r3, #0
 390 0024 11DC     		bgt	.L5
  70:lvgl\lv_misc/lv_circ.c ****         (*tmp) += 2 * c->y + 1;   // Change in decision criterion for y -> y+1
 391              		.loc 1 70 0
 392 0026 3B68     		ldr	r3, [r7]
 393 0028 B3F90030 		ldrsh	r3, [r3]
 394 002c 9AB2     		uxth	r2, r3
 395 002e 7B68     		ldr	r3, [r7, #4]
 396 0030 B3F90230 		ldrsh	r3, [r3, #2]
 397 0034 9BB2     		uxth	r3, r3
 398 0036 5B00     		lsls	r3, r3, #1
 399 0038 9BB2     		uxth	r3, r3
 400 003a 1344     		add	r3, r3, r2
 401 003c 9BB2     		uxth	r3, r3
 402 003e 0133     		adds	r3, r3, #1
 403 0040 9BB2     		uxth	r3, r3
 404 0042 1AB2     		sxth	r2, r3
 405 0044 3B68     		ldr	r3, [r7]
 406 0046 1A80     		strh	r2, [r3]	@ movhi
  71:lvgl\lv_misc/lv_circ.c ****     } else {
  72:lvgl\lv_misc/lv_circ.c ****         c->x--;
  73:lvgl\lv_misc/lv_circ.c ****         (*tmp) += 2 * (c->y - c->x) + 1;   // Change for y -> y+1, x -> x-1
  74:lvgl\lv_misc/lv_circ.c ****     }
  75:lvgl\lv_misc/lv_circ.c **** }
 407              		.loc 1 75 0
 408 0048 1EE0     		b	.L7
 409              	.L5:
  72:lvgl\lv_misc/lv_circ.c ****         (*tmp) += 2 * (c->y - c->x) + 1;   // Change for y -> y+1, x -> x-1
 410              		.loc 1 72 0
 411 004a 7B68     		ldr	r3, [r7, #4]
 412 004c B3F90030 		ldrsh	r3, [r3]
 413 0050 9BB2     		uxth	r3, r3
 414 0052 013B     		subs	r3, r3, #1
 415 0054 9BB2     		uxth	r3, r3
ARM GAS  C:\Users\Sava\AppData\Local\Temp\ccO4uAxQ.s 			page 23


 416 0056 1AB2     		sxth	r2, r3
 417 0058 7B68     		ldr	r3, [r7, #4]
 418 005a 1A80     		strh	r2, [r3]	@ movhi
  73:lvgl\lv_misc/lv_circ.c ****     }
 419              		.loc 1 73 0
 420 005c 3B68     		ldr	r3, [r7]
 421 005e B3F90030 		ldrsh	r3, [r3]
 422 0062 9AB2     		uxth	r2, r3
 423 0064 7B68     		ldr	r3, [r7, #4]
 424 0066 B3F90230 		ldrsh	r3, [r3, #2]
 425 006a 1946     		mov	r1, r3
 426 006c 7B68     		ldr	r3, [r7, #4]
 427 006e B3F90030 		ldrsh	r3, [r3]
 428 0072 CB1A     		subs	r3, r1, r3
 429 0074 9BB2     		uxth	r3, r3
 430 0076 5B00     		lsls	r3, r3, #1
 431 0078 9BB2     		uxth	r3, r3
 432 007a 1344     		add	r3, r3, r2
 433 007c 9BB2     		uxth	r3, r3
 434 007e 0133     		adds	r3, r3, #1
 435 0080 9BB2     		uxth	r3, r3
 436 0082 1AB2     		sxth	r2, r3
 437 0084 3B68     		ldr	r3, [r7]
 438 0086 1A80     		strh	r2, [r3]	@ movhi
 439              	.L7:
 440              		.loc 1 75 0
 441 0088 00BF     		nop
 442 008a 0C37     		adds	r7, r7, #12
 443              		.cfi_def_cfa_offset 4
 444 008c BD46     		mov	sp, r7
 445              		.cfi_def_cfa_register 13
 446              		@ sp needed
 447 008e 80BC     		pop	{r7}
 448              		.cfi_restore 7
 449              		.cfi_def_cfa_offset 0
 450 0090 7047     		bx	lr
 451              		.cfi_endproc
 452              	.LFE5:
 453              		.size	lv_circ_next, .-lv_circ_next
 454 0092 00BF     		.text
 455              	.Letext0:
 456              		.file 2 "c:\\program files (x86)\\cypress\\psoc creator\\4.2\\psoc creator\\import\\gnu\\arm\\5.4.
 457              		.file 3 "c:\\program files (x86)\\cypress\\psoc creator\\4.2\\psoc creator\\import\\gnu\\arm\\5.4.
 458              		.file 4 "lvgl\\lv_misc\\lv_area.h"
 459              		.section	.debug_info,"",%progbits
 460              	.Ldebug_info0:
 461 0000 69010000 		.4byte	0x169
 462 0004 0400     		.2byte	0x4
 463 0006 00000000 		.4byte	.Ldebug_abbrev0
 464 000a 04       		.byte	0x4
 465 000b 01       		.uleb128 0x1
 466 000c 3C010000 		.4byte	.LASF18
 467 0010 0C       		.byte	0xc
 468 0011 25010000 		.4byte	.LASF19
 469 0015 2B000000 		.4byte	.LASF20
 470 0019 00000000 		.4byte	.Ldebug_ranges0+0
 471 001d 00000000 		.4byte	0
ARM GAS  C:\Users\Sava\AppData\Local\Temp\ccO4uAxQ.s 			page 24


 472 0021 00000000 		.4byte	.Ldebug_line0
 473 0025 02       		.uleb128 0x2
 474 0026 04       		.byte	0x4
 475 0027 05       		.byte	0x5
 476 0028 696E7400 		.ascii	"int\000"
 477 002c 03       		.uleb128 0x3
 478 002d 04       		.byte	0x4
 479 002e 07       		.byte	0x7
 480 002f F9010000 		.4byte	.LASF0
 481 0033 03       		.uleb128 0x3
 482 0034 08       		.byte	0x8
 483 0035 05       		.byte	0x5
 484 0036 00000000 		.4byte	.LASF1
 485 003a 03       		.uleb128 0x3
 486 003b 08       		.byte	0x8
 487 003c 04       		.byte	0x4
 488 003d E3010000 		.4byte	.LASF2
 489 0041 03       		.uleb128 0x3
 490 0042 01       		.byte	0x1
 491 0043 06       		.byte	0x6
 492 0044 19010000 		.4byte	.LASF3
 493 0048 03       		.uleb128 0x3
 494 0049 01       		.byte	0x1
 495 004a 08       		.byte	0x8
 496 004b CF000000 		.4byte	.LASF4
 497 004f 04       		.uleb128 0x4
 498 0050 21000000 		.4byte	.LASF12
 499 0054 02       		.byte	0x2
 500 0055 29       		.byte	0x29
 501 0056 5A000000 		.4byte	0x5a
 502 005a 03       		.uleb128 0x3
 503 005b 02       		.byte	0x2
 504 005c 05       		.byte	0x5
 505 005d EF010000 		.4byte	.LASF5
 506 0061 03       		.uleb128 0x3
 507 0062 02       		.byte	0x2
 508 0063 07       		.byte	0x7
 509 0064 0E000000 		.4byte	.LASF6
 510 0068 03       		.uleb128 0x3
 511 0069 04       		.byte	0x4
 512 006a 05       		.byte	0x5
 513 006b E2000000 		.4byte	.LASF7
 514 006f 03       		.uleb128 0x3
 515 0070 04       		.byte	0x4
 516 0071 07       		.byte	0x7
 517 0072 F6000000 		.4byte	.LASF8
 518 0076 03       		.uleb128 0x3
 519 0077 08       		.byte	0x8
 520 0078 07       		.byte	0x7
 521 0079 AB000000 		.4byte	.LASF9
 522 007d 03       		.uleb128 0x3
 523 007e 04       		.byte	0x4
 524 007f 07       		.byte	0x7
 525 0080 06020000 		.4byte	.LASF10
 526 0084 03       		.uleb128 0x3
 527 0085 01       		.byte	0x1
 528 0086 08       		.byte	0x8
ARM GAS  C:\Users\Sava\AppData\Local\Temp\ccO4uAxQ.s 			page 25


 529 0087 DD000000 		.4byte	.LASF11
 530 008b 04       		.uleb128 0x4
 531 008c 82000000 		.4byte	.LASF13
 532 0090 03       		.byte	0x3
 533 0091 20       		.byte	0x20
 534 0092 4F000000 		.4byte	0x4f
 535 0096 04       		.uleb128 0x4
 536 0097 0E010000 		.4byte	.LASF14
 537 009b 04       		.byte	0x4
 538 009c 1E       		.byte	0x1e
 539 009d 8B000000 		.4byte	0x8b
 540 00a1 05       		.uleb128 0x5
 541 00a2 04       		.byte	0x4
 542 00a3 04       		.byte	0x4
 543 00a4 20       		.byte	0x20
 544 00a5 BE000000 		.4byte	0xbe
 545 00a9 06       		.uleb128 0x6
 546 00aa 7800     		.ascii	"x\000"
 547 00ac 04       		.byte	0x4
 548 00ad 22       		.byte	0x22
 549 00ae 96000000 		.4byte	0x96
 550 00b2 00       		.byte	0
 551 00b3 06       		.uleb128 0x6
 552 00b4 7900     		.ascii	"y\000"
 553 00b6 04       		.byte	0x4
 554 00b7 23       		.byte	0x23
 555 00b8 96000000 		.4byte	0x96
 556 00bc 02       		.byte	0x2
 557 00bd 00       		.byte	0
 558 00be 04       		.uleb128 0x4
 559 00bf EB000000 		.4byte	.LASF15
 560 00c3 04       		.byte	0x4
 561 00c4 24       		.byte	0x24
 562 00c5 A1000000 		.4byte	0xa1
 563 00c9 07       		.uleb128 0x7
 564 00ca C2000000 		.4byte	.LASF21
 565 00ce 01       		.byte	0x1
 566 00cf 2B       		.byte	0x2b
 567 00d0 00000000 		.4byte	.LFB3
 568 00d4 32000000 		.4byte	.LFE3-.LFB3
 569 00d8 01       		.uleb128 0x1
 570 00d9 9C       		.byte	0x9c
 571 00da 07010000 		.4byte	0x107
 572 00de 08       		.uleb128 0x8
 573 00df 6300     		.ascii	"c\000"
 574 00e1 01       		.byte	0x1
 575 00e2 2B       		.byte	0x2b
 576 00e3 07010000 		.4byte	0x107
 577 00e7 02       		.uleb128 0x2
 578 00e8 91       		.byte	0x91
 579 00e9 74       		.sleb128 -12
 580 00ea 08       		.uleb128 0x8
 581 00eb 746D7000 		.ascii	"tmp\000"
 582 00ef 01       		.byte	0x1
 583 00f0 2B       		.byte	0x2b
 584 00f1 0D010000 		.4byte	0x10d
 585 00f5 02       		.uleb128 0x2
ARM GAS  C:\Users\Sava\AppData\Local\Temp\ccO4uAxQ.s 			page 26


 586 00f6 91       		.byte	0x91
 587 00f7 70       		.sleb128 -16
 588 00f8 09       		.uleb128 0x9
 589 00f9 8A000000 		.4byte	.LASF16
 590 00fd 01       		.byte	0x1
 591 00fe 2B       		.byte	0x2b
 592 00ff 96000000 		.4byte	0x96
 593 0103 02       		.uleb128 0x2
 594 0104 91       		.byte	0x91
 595 0105 6E       		.sleb128 -18
 596 0106 00       		.byte	0
 597 0107 0A       		.uleb128 0xa
 598 0108 04       		.byte	0x4
 599 0109 BE000000 		.4byte	0xbe
 600 010d 0A       		.uleb128 0xa
 601 010e 04       		.byte	0x4
 602 010f 96000000 		.4byte	0x96
 603 0113 0B       		.uleb128 0xb
 604 0114 9E000000 		.4byte	.LASF22
 605 0118 01       		.byte	0x1
 606 0119 37       		.byte	0x37
 607 011a 39010000 		.4byte	0x139
 608 011e 00000000 		.4byte	.LFB4
 609 0122 28000000 		.4byte	.LFE4-.LFB4
 610 0126 01       		.uleb128 0x1
 611 0127 9C       		.byte	0x9c
 612 0128 39010000 		.4byte	0x139
 613 012c 08       		.uleb128 0x8
 614 012d 6300     		.ascii	"c\000"
 615 012f 01       		.byte	0x1
 616 0130 37       		.byte	0x37
 617 0131 07010000 		.4byte	0x107
 618 0135 02       		.uleb128 0x2
 619 0136 91       		.byte	0x91
 620 0137 74       		.sleb128 -12
 621 0138 00       		.byte	0
 622 0139 03       		.uleb128 0x3
 623 013a 01       		.byte	0x1
 624 013b 02       		.byte	0x2
 625 013c 08010000 		.4byte	.LASF17
 626 0140 0C       		.uleb128 0xc
 627 0141 91000000 		.4byte	.LASF23
 628 0145 01       		.byte	0x1
 629 0146 41       		.byte	0x41
 630 0147 00000000 		.4byte	.LFB5
 631 014b 92000000 		.4byte	.LFE5-.LFB5
 632 014f 01       		.uleb128 0x1
 633 0150 9C       		.byte	0x9c
 634 0151 08       		.uleb128 0x8
 635 0152 6300     		.ascii	"c\000"
 636 0154 01       		.byte	0x1
 637 0155 41       		.byte	0x41
 638 0156 07010000 		.4byte	0x107
 639 015a 02       		.uleb128 0x2
 640 015b 91       		.byte	0x91
 641 015c 74       		.sleb128 -12
 642 015d 08       		.uleb128 0x8
ARM GAS  C:\Users\Sava\AppData\Local\Temp\ccO4uAxQ.s 			page 27


 643 015e 746D7000 		.ascii	"tmp\000"
 644 0162 01       		.byte	0x1
 645 0163 41       		.byte	0x41
 646 0164 0D010000 		.4byte	0x10d
 647 0168 02       		.uleb128 0x2
 648 0169 91       		.byte	0x91
 649 016a 70       		.sleb128 -16
 650 016b 00       		.byte	0
 651 016c 00       		.byte	0
 652              		.section	.debug_abbrev,"",%progbits
 653              	.Ldebug_abbrev0:
 654 0000 01       		.uleb128 0x1
 655 0001 11       		.uleb128 0x11
 656 0002 01       		.byte	0x1
 657 0003 25       		.uleb128 0x25
 658 0004 0E       		.uleb128 0xe
 659 0005 13       		.uleb128 0x13
 660 0006 0B       		.uleb128 0xb
 661 0007 03       		.uleb128 0x3
 662 0008 0E       		.uleb128 0xe
 663 0009 1B       		.uleb128 0x1b
 664 000a 0E       		.uleb128 0xe
 665 000b 55       		.uleb128 0x55
 666 000c 17       		.uleb128 0x17
 667 000d 11       		.uleb128 0x11
 668 000e 01       		.uleb128 0x1
 669 000f 10       		.uleb128 0x10
 670 0010 17       		.uleb128 0x17
 671 0011 00       		.byte	0
 672 0012 00       		.byte	0
 673 0013 02       		.uleb128 0x2
 674 0014 24       		.uleb128 0x24
 675 0015 00       		.byte	0
 676 0016 0B       		.uleb128 0xb
 677 0017 0B       		.uleb128 0xb
 678 0018 3E       		.uleb128 0x3e
 679 0019 0B       		.uleb128 0xb
 680 001a 03       		.uleb128 0x3
 681 001b 08       		.uleb128 0x8
 682 001c 00       		.byte	0
 683 001d 00       		.byte	0
 684 001e 03       		.uleb128 0x3
 685 001f 24       		.uleb128 0x24
 686 0020 00       		.byte	0
 687 0021 0B       		.uleb128 0xb
 688 0022 0B       		.uleb128 0xb
 689 0023 3E       		.uleb128 0x3e
 690 0024 0B       		.uleb128 0xb
 691 0025 03       		.uleb128 0x3
 692 0026 0E       		.uleb128 0xe
 693 0027 00       		.byte	0
 694 0028 00       		.byte	0
 695 0029 04       		.uleb128 0x4
 696 002a 16       		.uleb128 0x16
 697 002b 00       		.byte	0
 698 002c 03       		.uleb128 0x3
 699 002d 0E       		.uleb128 0xe
ARM GAS  C:\Users\Sava\AppData\Local\Temp\ccO4uAxQ.s 			page 28


 700 002e 3A       		.uleb128 0x3a
 701 002f 0B       		.uleb128 0xb
 702 0030 3B       		.uleb128 0x3b
 703 0031 0B       		.uleb128 0xb
 704 0032 49       		.uleb128 0x49
 705 0033 13       		.uleb128 0x13
 706 0034 00       		.byte	0
 707 0035 00       		.byte	0
 708 0036 05       		.uleb128 0x5
 709 0037 13       		.uleb128 0x13
 710 0038 01       		.byte	0x1
 711 0039 0B       		.uleb128 0xb
 712 003a 0B       		.uleb128 0xb
 713 003b 3A       		.uleb128 0x3a
 714 003c 0B       		.uleb128 0xb
 715 003d 3B       		.uleb128 0x3b
 716 003e 0B       		.uleb128 0xb
 717 003f 01       		.uleb128 0x1
 718 0040 13       		.uleb128 0x13
 719 0041 00       		.byte	0
 720 0042 00       		.byte	0
 721 0043 06       		.uleb128 0x6
 722 0044 0D       		.uleb128 0xd
 723 0045 00       		.byte	0
 724 0046 03       		.uleb128 0x3
 725 0047 08       		.uleb128 0x8
 726 0048 3A       		.uleb128 0x3a
 727 0049 0B       		.uleb128 0xb
 728 004a 3B       		.uleb128 0x3b
 729 004b 0B       		.uleb128 0xb
 730 004c 49       		.uleb128 0x49
 731 004d 13       		.uleb128 0x13
 732 004e 38       		.uleb128 0x38
 733 004f 0B       		.uleb128 0xb
 734 0050 00       		.byte	0
 735 0051 00       		.byte	0
 736 0052 07       		.uleb128 0x7
 737 0053 2E       		.uleb128 0x2e
 738 0054 01       		.byte	0x1
 739 0055 3F       		.uleb128 0x3f
 740 0056 19       		.uleb128 0x19
 741 0057 03       		.uleb128 0x3
 742 0058 0E       		.uleb128 0xe
 743 0059 3A       		.uleb128 0x3a
 744 005a 0B       		.uleb128 0xb
 745 005b 3B       		.uleb128 0x3b
 746 005c 0B       		.uleb128 0xb
 747 005d 27       		.uleb128 0x27
 748 005e 19       		.uleb128 0x19
 749 005f 11       		.uleb128 0x11
 750 0060 01       		.uleb128 0x1
 751 0061 12       		.uleb128 0x12
 752 0062 06       		.uleb128 0x6
 753 0063 40       		.uleb128 0x40
 754 0064 18       		.uleb128 0x18
 755 0065 9742     		.uleb128 0x2117
 756 0067 19       		.uleb128 0x19
ARM GAS  C:\Users\Sava\AppData\Local\Temp\ccO4uAxQ.s 			page 29


 757 0068 01       		.uleb128 0x1
 758 0069 13       		.uleb128 0x13
 759 006a 00       		.byte	0
 760 006b 00       		.byte	0
 761 006c 08       		.uleb128 0x8
 762 006d 05       		.uleb128 0x5
 763 006e 00       		.byte	0
 764 006f 03       		.uleb128 0x3
 765 0070 08       		.uleb128 0x8
 766 0071 3A       		.uleb128 0x3a
 767 0072 0B       		.uleb128 0xb
 768 0073 3B       		.uleb128 0x3b
 769 0074 0B       		.uleb128 0xb
 770 0075 49       		.uleb128 0x49
 771 0076 13       		.uleb128 0x13
 772 0077 02       		.uleb128 0x2
 773 0078 18       		.uleb128 0x18
 774 0079 00       		.byte	0
 775 007a 00       		.byte	0
 776 007b 09       		.uleb128 0x9
 777 007c 05       		.uleb128 0x5
 778 007d 00       		.byte	0
 779 007e 03       		.uleb128 0x3
 780 007f 0E       		.uleb128 0xe
 781 0080 3A       		.uleb128 0x3a
 782 0081 0B       		.uleb128 0xb
 783 0082 3B       		.uleb128 0x3b
 784 0083 0B       		.uleb128 0xb
 785 0084 49       		.uleb128 0x49
 786 0085 13       		.uleb128 0x13
 787 0086 02       		.uleb128 0x2
 788 0087 18       		.uleb128 0x18
 789 0088 00       		.byte	0
 790 0089 00       		.byte	0
 791 008a 0A       		.uleb128 0xa
 792 008b 0F       		.uleb128 0xf
 793 008c 00       		.byte	0
 794 008d 0B       		.uleb128 0xb
 795 008e 0B       		.uleb128 0xb
 796 008f 49       		.uleb128 0x49
 797 0090 13       		.uleb128 0x13
 798 0091 00       		.byte	0
 799 0092 00       		.byte	0
 800 0093 0B       		.uleb128 0xb
 801 0094 2E       		.uleb128 0x2e
 802 0095 01       		.byte	0x1
 803 0096 3F       		.uleb128 0x3f
 804 0097 19       		.uleb128 0x19
 805 0098 03       		.uleb128 0x3
 806 0099 0E       		.uleb128 0xe
 807 009a 3A       		.uleb128 0x3a
 808 009b 0B       		.uleb128 0xb
 809 009c 3B       		.uleb128 0x3b
 810 009d 0B       		.uleb128 0xb
 811 009e 27       		.uleb128 0x27
 812 009f 19       		.uleb128 0x19
 813 00a0 49       		.uleb128 0x49
ARM GAS  C:\Users\Sava\AppData\Local\Temp\ccO4uAxQ.s 			page 30


 814 00a1 13       		.uleb128 0x13
 815 00a2 11       		.uleb128 0x11
 816 00a3 01       		.uleb128 0x1
 817 00a4 12       		.uleb128 0x12
 818 00a5 06       		.uleb128 0x6
 819 00a6 40       		.uleb128 0x40
 820 00a7 18       		.uleb128 0x18
 821 00a8 9742     		.uleb128 0x2117
 822 00aa 19       		.uleb128 0x19
 823 00ab 01       		.uleb128 0x1
 824 00ac 13       		.uleb128 0x13
 825 00ad 00       		.byte	0
 826 00ae 00       		.byte	0
 827 00af 0C       		.uleb128 0xc
 828 00b0 2E       		.uleb128 0x2e
 829 00b1 01       		.byte	0x1
 830 00b2 3F       		.uleb128 0x3f
 831 00b3 19       		.uleb128 0x19
 832 00b4 03       		.uleb128 0x3
 833 00b5 0E       		.uleb128 0xe
 834 00b6 3A       		.uleb128 0x3a
 835 00b7 0B       		.uleb128 0xb
 836 00b8 3B       		.uleb128 0x3b
 837 00b9 0B       		.uleb128 0xb
 838 00ba 27       		.uleb128 0x27
 839 00bb 19       		.uleb128 0x19
 840 00bc 11       		.uleb128 0x11
 841 00bd 01       		.uleb128 0x1
 842 00be 12       		.uleb128 0x12
 843 00bf 06       		.uleb128 0x6
 844 00c0 40       		.uleb128 0x40
 845 00c1 18       		.uleb128 0x18
 846 00c2 9742     		.uleb128 0x2117
 847 00c4 19       		.uleb128 0x19
 848 00c5 00       		.byte	0
 849 00c6 00       		.byte	0
 850 00c7 00       		.byte	0
 851              		.section	.debug_aranges,"",%progbits
 852 0000 2C000000 		.4byte	0x2c
 853 0004 0200     		.2byte	0x2
 854 0006 00000000 		.4byte	.Ldebug_info0
 855 000a 04       		.byte	0x4
 856 000b 00       		.byte	0
 857 000c 0000     		.2byte	0
 858 000e 0000     		.2byte	0
 859 0010 00000000 		.4byte	.LFB3
 860 0014 32000000 		.4byte	.LFE3-.LFB3
 861 0018 00000000 		.4byte	.LFB4
 862 001c 28000000 		.4byte	.LFE4-.LFB4
 863 0020 00000000 		.4byte	.LFB5
 864 0024 92000000 		.4byte	.LFE5-.LFB5
 865 0028 00000000 		.4byte	0
 866 002c 00000000 		.4byte	0
 867              		.section	.debug_ranges,"",%progbits
 868              	.Ldebug_ranges0:
 869 0000 00000000 		.4byte	.LFB3
 870 0004 32000000 		.4byte	.LFE3
ARM GAS  C:\Users\Sava\AppData\Local\Temp\ccO4uAxQ.s 			page 31


 871 0008 00000000 		.4byte	.LFB4
 872 000c 28000000 		.4byte	.LFE4
 873 0010 00000000 		.4byte	.LFB5
 874 0014 92000000 		.4byte	.LFE5
 875 0018 00000000 		.4byte	0
 876 001c 00000000 		.4byte	0
 877              		.section	.debug_line,"",%progbits
 878              	.Ldebug_line0:
 879 0000 7A010000 		.section	.debug_str,"MS",%progbits,1
 879      02003701 
 879      00000201 
 879      FB0E0D00 
 879      01010101 
 880              	.LASF1:
 881 0000 6C6F6E67 		.ascii	"long long int\000"
 881      206C6F6E 
 881      6720696E 
 881      7400
 882              	.LASF6:
 883 000e 73686F72 		.ascii	"short unsigned int\000"
 883      7420756E 
 883      7369676E 
 883      65642069 
 883      6E7400
 884              	.LASF12:
 885 0021 5F5F696E 		.ascii	"__int16_t\000"
 885      7431365F 
 885      7400
 886              	.LASF20:
 887 002b 433A5C55 		.ascii	"C:\\Users\\Sava\\Documents\\PSoC Creator\\GUI_and_d"
 887      73657273 
 887      5C536176 
 887      615C446F 
 887      63756D65 
 888 0059 6973706C 		.ascii	"isplay\\LittlevGL(5v3)_demo_ILI9341.cydsn\000"
 888      61795C4C 
 888      6974746C 
 888      6576474C 
 888      28357633 
 889              	.LASF13:
 890 0082 696E7431 		.ascii	"int16_t\000"
 890      365F7400 
 891              	.LASF16:
 892 008a 72616469 		.ascii	"radius\000"
 892      757300
 893              	.LASF23:
 894 0091 6C765F63 		.ascii	"lv_circ_next\000"
 894      6972635F 
 894      6E657874 
 894      00
 895              	.LASF22:
 896 009e 6C765F63 		.ascii	"lv_circ_cont\000"
 896      6972635F 
 896      636F6E74 
 896      00
 897              	.LASF9:
 898 00ab 6C6F6E67 		.ascii	"long long unsigned int\000"
ARM GAS  C:\Users\Sava\AppData\Local\Temp\ccO4uAxQ.s 			page 32


 898      206C6F6E 
 898      6720756E 
 898      7369676E 
 898      65642069 
 899              	.LASF21:
 900 00c2 6C765F63 		.ascii	"lv_circ_init\000"
 900      6972635F 
 900      696E6974 
 900      00
 901              	.LASF4:
 902 00cf 756E7369 		.ascii	"unsigned char\000"
 902      676E6564 
 902      20636861 
 902      7200
 903              	.LASF11:
 904 00dd 63686172 		.ascii	"char\000"
 904      00
 905              	.LASF7:
 906 00e2 6C6F6E67 		.ascii	"long int\000"
 906      20696E74 
 906      00
 907              	.LASF15:
 908 00eb 6C765F70 		.ascii	"lv_point_t\000"
 908      6F696E74 
 908      5F7400
 909              	.LASF8:
 910 00f6 6C6F6E67 		.ascii	"long unsigned int\000"
 910      20756E73 
 910      69676E65 
 910      6420696E 
 910      7400
 911              	.LASF17:
 912 0108 5F426F6F 		.ascii	"_Bool\000"
 912      6C00
 913              	.LASF14:
 914 010e 6C765F63 		.ascii	"lv_coord_t\000"
 914      6F6F7264 
 914      5F7400
 915              	.LASF3:
 916 0119 7369676E 		.ascii	"signed char\000"
 916      65642063 
 916      68617200 
 917              	.LASF19:
 918 0125 6C76676C 		.ascii	"lvgl\\lv_misc\\lv_circ.c\000"
 918      5C6C765F 
 918      6D697363 
 918      5C6C765F 
 918      63697263 
 919              	.LASF18:
 920 013c 474E5520 		.ascii	"GNU C11 5.4.1 20160609 (release) [ARM/embedded-5-br"
 920      43313120 
 920      352E342E 
 920      31203230 
 920      31363036 
 921 016f 616E6368 		.ascii	"anch revision 237715] -mcpu=cortex-m3 -mthumb -g -O"
 921      20726576 
 921      6973696F 
ARM GAS  C:\Users\Sava\AppData\Local\Temp\ccO4uAxQ.s 			page 33


 921      6E203233 
 921      37373135 
 922 01a2 30202D66 		.ascii	"0 -ffunction-sections -ffat-lto-objects -finline-fu"
 922      66756E63 
 922      74696F6E 
 922      2D736563 
 922      74696F6E 
 923 01d5 6E637469 		.ascii	"nctions -flto\000"
 923      6F6E7320 
 923      2D666C74 
 923      6F00
 924              	.LASF2:
 925 01e3 6C6F6E67 		.ascii	"long double\000"
 925      20646F75 
 925      626C6500 
 926              	.LASF5:
 927 01ef 73686F72 		.ascii	"short int\000"
 927      7420696E 
 927      7400
 928              	.LASF0:
 929 01f9 756E7369 		.ascii	"unsigned int\000"
 929      676E6564 
 929      20696E74 
 929      00
 930              	.LASF10:
 931 0206 73697A65 		.ascii	"sizetype\000"
 931      74797065 
 931      00
 932              		.comm	__gnu_lto_v1,1,1
 933              		.ident	"GCC: (GNU Tools for ARM Embedded Processors) 5.4.1 20160609 (release) [ARM/embedded-5-bran
