ARM GAS  C:\Users\Sava\AppData\Local\Temp\ccLIKY3K.s 			page 1


   1              		.syntax unified
   2              		.cpu cortex-m3
   3              		.fpu softvfp
   4              		.eabi_attribute 20, 1
   5              		.eabi_attribute 21, 1
   6              		.eabi_attribute 23, 3
   7              		.eabi_attribute 24, 1
   8              		.eabi_attribute 25, 1
   9              		.eabi_attribute 26, 1
  10              		.eabi_attribute 30, 6
  11              		.eabi_attribute 34, 1
  12              		.eabi_attribute 18, 4
  13              		.thumb
  14              		.syntax unified
  15              		.file	"lv_gc.c"
  16              		.text
  17              	.Ltext0:
  18              		.section	.gnu.lto_.inline.d4be803,"",%progbits
  19 0000 789C6361 		.ascii	"x\234ca`d\000\001&\006d\000\000\000\236\000\010"
  19      60640001 
  19      26066400 
  19      00009E00 
  19      08
  20              		.text
  21              		.section	.gnu.lto_.symbol_nodes.d4be803,"",%progbits
  22 0000 789C25C5 		.ascii	"x\234%\305\271\001\300 \014\004\301\023H\210'\243D\367"
  22      B901C020 
  22      0C04C113 
  22      488827A3 
  22      44F7
  23 0012 E2BEB1D9 		.ascii	"\342\276\261\331I\306ez\364\211\245w\377O\343Q\270W"
  23      49C6657A 
  23      F489A577 
  23      FF4FE351 
  23      B857
  24 0024 4EE7161C 		.ascii	"N\347\026\034\215=\271v.\203m\262\326]\007\261\237\010"
  24      8D3DB976 
  24      2E836DB2 
  24      D65D07B1 
  24      9F08
  25 0036 3C       		.ascii	"<"
  26              		.text
  27              		.section	.gnu.lto_.refs.d4be803,"",%progbits
  28 0000 789C6361 		.ascii	"x\234ca`\004B \000\000\0009\000\007"
  28      60044220 
  28      00000039 
  28      0007
  29              		.text
  30              		.section	.gnu.lto_.decls.d4be803,"",%progbits
  31 0000 789CBD54 		.ascii	"x\234\275TmlSe\024\276\247o\327m\245e\0060\361G\243"
  31      6D6C5365 
  31      14BEA76F 
  31      D76DA565 
  31      0630F147 
  32 0015 FB315CFD 		.ascii	"\3731\\\375Aq\200\206\370\303?\03051\361\227\230\230"
  32      41718086 
  32      F8C33F18 
ARM GAS  C:\Users\Sava\AppData\Local\Temp\ccLIKY3K.s 			page 2


  32      3531F197 
  32      9898
  33 0027 34B9A9ED 		.ascii	"4\271\251\355e\334x\3276\275w\213\363\217\027\230: "
  33      65DC78D7 
  33      36BD778B 
  33      F38F1798 
  33      3A20
  34 0039 C62D807C 		.ascii	"\306-\200|\2158&\037-\035ll\003\206C)\262\215\017\345"
  34      8D38261F 
  34      2D1D6C6C 
  34      03864329 
  34      B28D0FE5 
  35 004d 6313755F 		.ascii	"c\023u_\260\262\021A\331\342p|\306\001\236\367\334\256"
  35      B0B21141 
  35      D9E2707C 
  35      C6019EF7 
  35      DCAE
  36 005f 056EF5A7 		.ascii	"\005n\365\247or\332\367\334\367<\317s\316y?\254\002"
  36      6F72DAF7 
  36      DCF73CCF 
  36      73CE793F 
  36      AC02
  37 0071 087C2CC9 		.ascii	"\010|,\311\025\2049\026Ax\007\347\017q\360\257\357\012"
  37      15843916 
  37      417807E7 
  37      0F71F0AF 
  37      EF0A
  38 0083 8F0F075A 		.ascii	"\217\017\007Z\034m/Z\023\332~\264V\264\003h\207\320"
  38      1C6D2F5A 
  38      13DA7EB4 
  38      56B40368 
  38      87D0
  39 0095 06D12EA2 		.ascii	"\006\321.\242\015\243]F\033}\002\177\337\002+.\367\016"
  39      0DA35D46 
  39      1B7D027F 
  39      DF022B2E 
  39      F70E
  40 00a7 01B3009F 		.ascii	"\001\263\000\237\367T5\327\261\233\026\230e\007+\272"
  40      F75435D7 
  40      B19B1698 
  40      65072BBA 
  41 00b7 37CE6C19 		.ascii	"7\316l\031\235\211\356\034;\024\242;|/\372\272\247Q"
  41      9D89EE1C 
  41      3B14A23B 
  41      7C2FFABA 
  41      A751
  42 00c9 C751A3EB 		.ascii	"\307Q\243\353\026w\206bC\335Ho\336\334\257\365\372\006"
  42      16778662 
  42      43DD486F 
  42      DEDCAFF5 
  42      FA06
  43 00db 3D393991 		.ascii	"=99\221\277YOTYa\251\003v\003\203=\340\201\030\270 "
  43      BF594F54 
  43      5961A903 
  43      7603833D 
  43      E08118B8 
  44 00f0 0A2E41E0 		.ascii	"\012.A\340_\3607\016s\021\265\261\177j\273\215\315'"
ARM GAS  C:\Users\Sava\AppData\Local\Temp\ccLIKY3K.s 			page 3


  44      5FF0370E 
  44      7311B5B1 
  44      7F6ABB8D 
  44      CD27
  45 0102 E1237F56 		.ascii	"\341#\177V%\012\014\006\275E\327\301\3007\232\360\215"
  45      250A0C06 
  45      BD45D7C1 
  45      C0379AF0 
  45      8D
  46 0113 84DF4BF8 		.ascii	"\204\337K\370\335\335\307\376`\354U\302'\242\267\206"
  46      DDDDC7FE 
  46      60EC55C2 
  46      27A2B786 
  47 0123 2C26FC3E 		.ascii	",&\374>\023~\037\341\233\010\277\356\304\335>\033{\213"
  47      137E1FE1 
  47      9B08BFEE 
  47      C4DD3E1B 
  47      7B8B
  48 0135 F0838DBF 		.ascii	"\360\203\215\277\217:M\370f\023\276\231\360\373\011"
  48      8F3A4DF8 
  48      6613BE99 
  48      F0FB09
  49 0144 DFB476E3 		.ascii	"\337\264v\343Y;{\217\360\321k\361\232\231&|\213\011"
  49      593B7B8F 
  49      F0D16BF1 
  49      9A99267C 
  49      8B09
  50 0156 DF42F856 		.ascii	"\337B\370V\302\017O\035J\344\260R\302\257\231\350\032"
  50      C20F4F1D 
  50      4AE4B052 
  50      C2AF99E8 
  50      1A
  51 0167 B39AF06D 		.ascii	"\263\232\360m&|\033\341\017\020>Qw\360\224\235\251\204"
  51      267C1BE1 
  51      0F103E51 
  51      77F0949D 
  51      A984
  52 0179 6FA97E70 		.ascii	"o\251~p\303\\\377A\023\376 \341\017\021~st\374\352\014"
  52      C35CFF41 
  52      13FE20E1 
  52      0F117E73 
  52      74FCEA0C 
  53 018d F631E1FF 		.ascii	"\3661\341\377\276\266\276\037\214\215w\240\273\262\243"
  53      BEB6BE1F 
  53      8C8D77A0 
  53      BBB2A3
  54 019c BFB6C0D8 		.ascii	"\277\266\300\330\370$_\336\322q\363t\216\261\234\207"
  54      F8245FDE 
  54      D271F374 
  54      8EB19C87 
  55 01ac EEE4D4F1 		.ascii	"\356\344\324\3611'[\013\004m\372\344J,\017\327\\vx\010"
  55      31275B0B 
  55      046DFAE4 
  55      4A2C0FD7 
  55      5C767808 
  56 01c0 DC1F3B7C 		.ascii	"\334\037;|\317i\370|\271-1\271\327\312j(\326\322\323"
  56      CF69F87C 
ARM GAS  C:\Users\Sava\AppData\Local\Temp\ccLIKY3K.s 			page 4


  56      B92D31B9 
  56      D7CA6A28 
  56      D6D2D3
  57 01d3 DADF950F 		.ascii	"\332\337\225\017n\373.~\210\222\267N?\333\256\353O\301"
  57      6EFB2E7E 
  57      8892B74E 
  57      3FDBAEEB 
  57      4FC1
  58 01e5 31B0C351 		.ascii	"1\260\303Q#U<O\010\304\337j]_\251O4\350\266g\004X\350"
  58      23553C4F 
  58      08C4DF6A 
  58      5D5FA94F 
  58      34E8B667 
  59 01fc 82175D02 		.ascii	"\202\027]\002$\300\315Iy\024|\207\025}\213\025\241@"
  59      24C0CD49 
  59      79147C87 
  59      157D8B15 
  59      A140
  60 020e ECAB68A7 		.ascii	"\354\253h\247\223m\243\003l\031_\177\275\232\245\005"
  60      936DA303 
  60      6C195F7F 
  60      BD9AA505 
  61 021e B6AE73C5 		.ascii	"\266\256s\305\271@'\012|\237\021@\275\354\012\307\263"
  61      B940270A 
  61      7C9F1140 
  61      BDEC0AC7 
  61      B3
  62 022f 2B9CB933 		.ascii	"+\234\2713v\307\302\352\030)\364m\036\350t\244\025Z"
  62      76C7C2EA 
  62      1829F46D 
  62      1EE874A4 
  62      155A
  63 0241 B73E17E3 		.ascii	"\267>\027\343\012'P\241+\243\320\371o\012\335\331\025"
  63      0A2750A1 
  63      2BA3D0F9 
  63      6F0ADDD9 
  63      15
  64 0252 CEDDAA6B 		.ascii	"\316\335\252k\317w\254\341\3615\253\364Yo\022_f\327"
  64      CF77ACE1 
  64      F135ABF4 
  64      596F125F 
  64      66D7
  65 0264 4E822375 		.ascii	"N\202#u\3236\015v\234\260\262\243\224\012\\<\031\213"
  65      D3360D76 
  65      9CB0B2A3 
  65      940A5C3C 
  65      198B
  66 0276 F3DB5A8C 		.ascii	"\363\333Z\214\235\307Q\360H\363\213\215\346\367~\361"
  66      9DC751F0 
  66      48F38B8D 
  66      E6F77EF1 
  67 0286 D78E5CD6 		.ascii	"\327\216\\\326md\036\257\275\336\373h\363_\253\375\014"
  67      6D641EAF 
  67      BDDEFB68 
  67      F35FABFD 
  67      0C
  68 0297 AF319C45 		.ascii	"\2571\234E\251\0373\251\027\2473\247L\204t\032p\006"
ARM GAS  C:\Users\Sava\AppData\Local\Temp\ccLIKY3K.s 			page 5


  68      A91F33A9 
  68      17A733A7 
  68      4C84741A 
  68      7006
  69 02a9 732F4EE5 		.ascii	"s/N\345\376\003~<\235\352\377\216\332\006\033\35314"
  69      FE037E3C 
  69      9DEAFF8E 
  69      DA061BEB 
  69      3134
  70 02bb F6EC3BD7 		.ascii	"\366\354;\327\235\013vwV\202\236,\004\323\033\265\250"
  70      9D0B7677 
  70      56829E2C 
  70      04D31BB5 
  70      A8
  71 02cc 91B7F13C 		.ascii	"\221\267\361<\346r.\223\313Yj#\277*\311\372\317ml\200"
  71      E6722E93 
  71      CB596A23 
  71      BF2AC9FA 
  71      CF6D6C80 
  72 02e0 3472DA4E 		.ascii	"4r\332N\236\337\236\003\263\213\212\334E\265\251\307"
  72      9EDF9E03 
  72      B38B8ADC 
  72      45B5A9C7 
  73 02f0 4807AB00 		.ascii	"H\007\253\000\337 \345a\352\327O0\233\316\375/(\370"
  73      DF20E561 
  73      EAD74F30 
  73      9BCEFD2F 
  73      28F8
  74 0302 2B14C1CF 		.ascii	"+\024\301\317h\027\240\210\236\253\006\236Y\262u\360"
  74      6817A088 
  74      9EAB069E 
  74      59B275F0 
  75 0312 F938DE93 		.ascii	"\3718\336\223\3256\336[\350EI\216Ig\332A4%\256\351\370"
  75      D536DE5B 
  75      E845498E 
  75      4967DA41 
  75      3425AEE9 
  76 0327 C426693A 		.ascii	"\304&i:\366\310\223\261\363yh\214\003\214b\022\353$"
  76      F6C893B1 
  76      F379688C 
  76      038C6212 
  76      EB24
  77 0339 5DCFE331 		.ascii	"]\317\3431B\252\216\264lbc%\177\033\031\325y*+\021i"
  77      42AA8EB4 
  77      6C626325 
  77      7F1B19D5 
  77      792A2B11 
  78 034e 62C5E313 		.ascii	"b\305\343\023\321\01366lt\365\356\316\201{\3710\333"
  78      D10B3636 
  78      6C74F5EE 
  78      CE817BF9 
  78      30DB
  79 0360 9DB55C18 		.ascii	"\235\265\\\030\300*\377\253b#\253mN\334\353~\014\353"
  79      C02AFFAB 
  79      6223AB6D 
  79      4EDCEB7E 
  79      0CEB
ARM GAS  C:\Users\Sava\AppData\Local\Temp\ccLIKY3K.s 			page 6


  80 0372 CBF497E7 		.ascii	"\313\364\227\347Hj\253\317\337\376\315\316\237\217z"
  80      486AABCF 
  80      DFFECDCE 
  80      9F8F7A
  81 0381 7AC057D0 		.ascii	"z\300W\320\003\316\203\333S/H\246\267\355\364\202\014"
  81      03CE83DB 
  81      532F48A6 
  81      B7EDF482 
  81      0C
  82 0392 D20BD2DC 		.ascii	"\322\013\322\334\262\241\236\261\253\306i\234\354\332"
  82      B2A19EB1 
  82      ABC6699C 
  82      ECDA
  83 03a0 B52AD7E0 		.ascii	"\265*\327\340\300R\351\011\342\014C&\206!b\270H\014"
  83      C052E909 
  83      E20C4326 
  83      862162B8 
  83      480C
  84 03b2 C7EFDFE8 		.ascii	"\307\357\337\350\314a\223\006Cl\374\313\355`f\270db"
  84      CC619306 
  84      436CFCCB 
  84      ED6066B8 
  84      6462
  85 03c4 B8440CC3 		.ascii	"\270D\014\303\304\260s\340\376p\001{`0|\272\355\366"
  85      C4B073E0 
  85      FE70017B 
  85      60307CBA 
  85      EDF6
  86 03d6 94DDCC90 		.ascii	"\224\335\314\22041$\211\34121\254\272\322y\251\200\255"
  86      34312489 
  86      E13231AC 
  86      BAD279A9 
  86      80AD
  87 03e8 B612C3C0 		.ascii	"\266\022\303\300\370\226n\247\231a\304\3040B\014\243"
  87      F8966EA7 
  87      9961C4C4 
  87      30420CA3 
  88 03f8 3057708A 		.ascii	"0Wp\212J\205\030\220\325\260\250\310\252\226\367\306"
  88      4A851890 
  88      D5B0A8C8 
  88      AA96F7C6 
  89 0408 DB4B0B97 		.ascii	"\333K\013\227\224\224\010O+\025\245\212\027\227\312"
  89      9494084F 
  89      2B15A58A 
  89      1797CA
  90 0417 64D5CFFF 		.ascii	"d\325\317\377K\375\036\2770\223\007\313\301\200TA\321"
  90      4BFD1EBF 
  90      309307CB 
  90      C1805441 
  90      D1
  91 0428 0EEE6A3E 		.ascii	"\016\356j>\365\003\321\347\327\210H\255TE\305W)E\310"
  91      F503D1E7 
  91      D78848AD 
  91      5445C557 
  91      2945C8
  92 043b D34261C3 		.ascii	"\323Ba\303\233\301=\214\021U\2771\017H\313\322s_P.\023"
  92      9BC13D8C 
ARM GAS  C:\Users\Sava\AppData\Local\Temp\ccLIKY3K.s 			page 7


  92      1155BF31 
  92      0F48CBD2 
  92      735F502E 
  93 0450 15C5BA5C 		.ascii	"\025\305\272\\\362\005\362E\261\\\016j\213Em\005\370"
  93      F205F245 
  93      B15C0E6A 
  93      8B456D05 
  93      F8
  94 0461 5FF18623 		.ascii	"_\361\206#\241\322\210\257\254p\231\254Hj\241\373\303"
  94      A1D288AF 
  94      AC7099AC 
  94      486AA1FB 
  94      C3
  95 0472 C52FBFE0 		.ascii	"\305/\277\340\365W\206#\222\252z\303j\310_\350\217H"
  95      F5578623 
  95      92AA7AC3 
  95      6AC85FE8 
  95      8F48
  96 0484 3E2D14F1 		.ascii	">-\024\361.\362,x\374\203\\\026\016E4oi\260\334\353"
  96      2EF22C78 
  96      FC835C16 
  96      0E45346F 
  96      69B0DCEB 
  97 0498 8B94795F 		.ascii	"\213\224y_\362,\362\224\360\331\274`((\315\223|\357"
  97      F22CF294 
  97      F0D9BC60 
  97      2828CD93 
  97      7CEF
  98 04aa CB5E39E8 		.ascii	"\313^9\350W\312\003\222\267\314\347_.\007%/O\312W\256"
  98      57CA0392 
  98      B7CCE75F 
  98      2E07252F 
  98      4FCA57AE 
  99 04be 68A25619 		.ascii	"h\242V\031\226T\317r!7\225J\305\377\225\011v\317+\252"
  99      9654CF72 
  99      2137954A 
  99      C5FF9509 
  99      76CF2BAA 
 100 04d2 5A006551 		.ascii	"Z\000eQ\336\201\275Q\0241\030\012H\242f\332\017E\301"
 100      DE81BD51 
 100      1431180A 
 100      48A266DA 
 100      0F45C1
 101 04e5 105B5054 		.ascii	"\020[PT\345\217$\273\321\265\205\013D-ozb\325|\262\222"
 101      E58F24BB 
 101      D1B5850B 
 101      442D6F7A 
 101      62D57CB2 
 102 04fa 6B5068D4 		.ascii	"kPh\324g\236:zv\352\177\244bz\212\333\200\323\031\351"
 102      679E3A7A 
 102      76EA7FA4 
 102      627A8ADB 
 102      80D319E9 
 103 050e AD54947F 		.ascii	"\255T\224\177\000\177F\005P"
 103      007F4605 
 103      50
 104              		.text
ARM GAS  C:\Users\Sava\AppData\Local\Temp\ccLIKY3K.s 			page 8


 105              		.section	.gnu.lto_.symtab.d4be803,"",%progbits
 106 0000 5F6C765F 		.ascii	"_lv_disp_list\000"
 106      64697370 
 106      5F6C6973 
 106      7400
 107 000e 00       		.ascii	"\000"
 108 000f 04       		.ascii	"\004"
 109 0010 00       		.ascii	"\000"
 110 0011 04000000 		.ascii	"\004\000\000\000\000\000\000\000"
 110      00000000 
 111 0019 AB000000 		.ascii	"\253\000\000\000"
 112 001d 5F6C765F 		.ascii	"_lv_indev_list\000"
 112      696E6465 
 112      765F6C69 
 112      737400
 113 002c 00       		.ascii	"\000"
 114 002d 04       		.ascii	"\004"
 115 002e 00       		.ascii	"\000"
 116 002f 04000000 		.ascii	"\004\000\000\000\000\000\000\000"
 116      00000000 
 117 0037 AD000000 		.ascii	"\255\000\000\000"
 118 003b 5F6C765F 		.ascii	"_lv_task_act\000"
 118      7461736B 
 118      5F616374 
 118      00
 119 0048 00       		.ascii	"\000"
 120 0049 04       		.ascii	"\004"
 121 004a 00       		.ascii	"\000"
 122 004b 04000000 		.ascii	"\004\000\000\000\000\000\000\000"
 122      00000000 
 123 0053 AF000000 		.ascii	"\257\000\000\000"
 124 0057 5F6C765F 		.ascii	"_lv_sys_layer\000"
 124      7379735F 
 124      6C617965 
 124      7200
 125 0065 00       		.ascii	"\000"
 126 0066 04       		.ascii	"\004"
 127 0067 00       		.ascii	"\000"
 128 0068 04000000 		.ascii	"\004\000\000\000\000\000\000\000"
 128      00000000 
 129 0070 B1000000 		.ascii	"\261\000\000\000"
 130 0074 5F6C765F 		.ascii	"_lv_top_layer\000"
 130      746F705F 
 130      6C617965 
 130      7200
 131 0082 00       		.ascii	"\000"
 132 0083 04       		.ascii	"\004"
 133 0084 00       		.ascii	"\000"
 134 0085 04000000 		.ascii	"\004\000\000\000\000\000\000\000"
 134      00000000 
 135 008d B3000000 		.ascii	"\263\000\000\000"
 136 0091 5F6C765F 		.ascii	"_lv_act_scr\000"
 136      6163745F 
 136      73637200 
 137 009d 00       		.ascii	"\000"
 138 009e 04       		.ascii	"\004"
 139 009f 00       		.ascii	"\000"
ARM GAS  C:\Users\Sava\AppData\Local\Temp\ccLIKY3K.s 			page 9


 140 00a0 04000000 		.ascii	"\004\000\000\000\000\000\000\000"
 140      00000000 
 141 00a8 B5000000 		.ascii	"\265\000\000\000"
 142 00ac 5F6C765F 		.ascii	"_lv_def_scr\000"
 142      6465665F 
 142      73637200 
 143 00b8 00       		.ascii	"\000"
 144 00b9 04       		.ascii	"\004"
 145 00ba 00       		.ascii	"\000"
 146 00bb 04000000 		.ascii	"\004\000\000\000\000\000\000\000"
 146      00000000 
 147 00c3 B7000000 		.ascii	"\267\000\000\000"
 148 00c7 5F6C765F 		.ascii	"_lv_anim_ll\000"
 148      616E696D 
 148      5F6C6C00 
 149 00d3 00       		.ascii	"\000"
 150 00d4 04       		.ascii	"\004"
 151 00d5 00       		.ascii	"\000"
 152 00d6 0C000000 		.ascii	"\014\000\000\000\000\000\000\000"
 152      00000000 
 153 00de DB000000 		.ascii	"\333\000\000\000"
 154 00e2 5F6C765F 		.ascii	"_lv_file_ll\000"
 154      66696C65 
 154      5F6C6C00 
 155 00ee 00       		.ascii	"\000"
 156 00ef 04       		.ascii	"\004"
 157 00f0 00       		.ascii	"\000"
 158 00f1 0C000000 		.ascii	"\014\000\000\000\000\000\000\000"
 158      00000000 
 159 00f9 DD000000 		.ascii	"\335\000\000\000"
 160 00fd 5F6C765F 		.ascii	"_lv_drv_ll\000"
 160      6472765F 
 160      6C6C00
 161 0108 00       		.ascii	"\000"
 162 0109 04       		.ascii	"\004"
 163 010a 00       		.ascii	"\000"
 164 010b 0C000000 		.ascii	"\014\000\000\000\000\000\000\000"
 164      00000000 
 165 0113 DF000000 		.ascii	"\337\000\000\000"
 166 0117 5F6C765F 		.ascii	"_lv_scr_ll\000"
 166      7363725F 
 166      6C6C00
 167 0122 00       		.ascii	"\000"
 168 0123 04       		.ascii	"\004"
 169 0124 00       		.ascii	"\000"
 170 0125 0C000000 		.ascii	"\014\000\000\000\000\000\000\000"
 170      00000000 
 171 012d E1000000 		.ascii	"\341\000\000\000"
 172 0131 5F6C765F 		.ascii	"_lv_task_ll\000"
 172      7461736B 
 172      5F6C6C00 
 173 013d 00       		.ascii	"\000"
 174 013e 04       		.ascii	"\004"
 175 013f 00       		.ascii	"\000"
 176 0140 0C000000 		.ascii	"\014\000\000\000\000\000\000\000"
 176      00000000 
 177 0148 E3000000 		.ascii	"\343\000\000\000"
ARM GAS  C:\Users\Sava\AppData\Local\Temp\ccLIKY3K.s 			page 10


 178              		.text
 179              		.section	.gnu.lto_.opts,"",%progbits
 180 0000 272D666D 		.ascii	"'-fmath-errno' '-fsigned-zeros' '-ftrapping-math' '"
 180      6174682D 
 180      6572726E 
 180      6F272027 
 180      2D667369 
 181 0033 2D666E6F 		.ascii	"-fno-trapv' '-fno-strict-overflow' '-fno-openmp' '-"
 181      2D747261 
 181      70762720 
 181      272D666E 
 181      6F2D7374 
 182 0066 666E6F2D 		.ascii	"fno-openacc' '-mcpu=cortex-m3' '-mthumb' '-g' '-O0'"
 182      6F70656E 
 182      61636327 
 182      20272D6D 
 182      6370753D 
 183 0099 20272D66 		.ascii	" '-ffunction-sections' '-ffat-lto-objects' '-finlin"
 183      66756E63 
 183      74696F6E 
 183      2D736563 
 183      74696F6E 
 184 00cc 652D6675 		.ascii	"e-functions' '-flto'\000"
 184      6E637469 
 184      6F6E7327 
 184      20272D66 
 184      6C746F27 
 185              		.text
 186              		.cfi_sections	.debug_frame
 187              		.comm	_lv_task_ll,12,4
 188              		.comm	_lv_scr_ll,12,4
 189              		.comm	_lv_drv_ll,12,4
 190              		.comm	_lv_file_ll,12,4
 191              		.comm	_lv_anim_ll,12,4
 192              		.comm	_lv_def_scr,4,4
 193              		.comm	_lv_act_scr,4,4
 194              		.comm	_lv_top_layer,4,4
 195              		.comm	_lv_sys_layer,4,4
 196              		.comm	_lv_task_act,4,4
 197              		.comm	_lv_indev_list,4,4
 198              		.comm	_lv_disp_list,4,4
 199              	.Letext0:
 200              		.file 1 "c:\\program files (x86)\\cypress\\psoc creator\\4.2\\psoc creator\\import\\gnu\\arm\\5.4.
 201              		.file 2 "c:\\program files (x86)\\cypress\\psoc creator\\4.2\\psoc creator\\import\\gnu\\arm\\5.4.
 202              		.file 3 "lvgl\\lv_misc\\lv_ll.h"
 203              		.file 4 "lvgl\\lv_misc\\lv_gc.c"
 204              		.section	.debug_info,"",%progbits
 205              	.Ldebug_info0:
 206 0000 AA010000 		.4byte	0x1aa
 207 0004 0400     		.2byte	0x4
 208 0006 00000000 		.4byte	.Ldebug_abbrev0
 209 000a 04       		.byte	0x4
 210 000b 01       		.uleb128 0x1
 211 000c E0010000 		.4byte	.LASF31
 212 0010 0C       		.byte	0xc
 213 0011 CB010000 		.4byte	.LASF32
 214 0015 4D000000 		.4byte	.LASF33
ARM GAS  C:\Users\Sava\AppData\Local\Temp\ccLIKY3K.s 			page 11


 215 0019 00000000 		.4byte	.Ldebug_line0
 216 001d 02       		.uleb128 0x2
 217 001e 01       		.byte	0x1
 218 001f 06       		.byte	0x6
 219 0020 BF010000 		.4byte	.LASF0
 220 0024 03       		.uleb128 0x3
 221 0025 0C000000 		.4byte	.LASF5
 222 0029 01       		.byte	0x1
 223 002a 1D       		.byte	0x1d
 224 002b 2F000000 		.4byte	0x2f
 225 002f 02       		.uleb128 0x2
 226 0030 01       		.byte	0x1
 227 0031 08       		.byte	0x8
 228 0032 A4000000 		.4byte	.LASF1
 229 0036 02       		.uleb128 0x2
 230 0037 02       		.byte	0x2
 231 0038 05       		.byte	0x5
 232 0039 92010000 		.4byte	.LASF2
 233 003d 02       		.uleb128 0x2
 234 003e 02       		.byte	0x2
 235 003f 07       		.byte	0x7
 236 0040 C4000000 		.4byte	.LASF3
 237 0044 02       		.uleb128 0x2
 238 0045 04       		.byte	0x4
 239 0046 05       		.byte	0x5
 240 0047 AA010000 		.4byte	.LASF4
 241 004b 03       		.uleb128 0x3
 242 004c 0B010000 		.4byte	.LASF6
 243 0050 01       		.byte	0x1
 244 0051 41       		.byte	0x41
 245 0052 56000000 		.4byte	0x56
 246 0056 02       		.uleb128 0x2
 247 0057 04       		.byte	0x4
 248 0058 07       		.byte	0x7
 249 0059 B2000000 		.4byte	.LASF7
 250 005d 02       		.uleb128 0x2
 251 005e 08       		.byte	0x8
 252 005f 05       		.byte	0x5
 253 0060 79010000 		.4byte	.LASF8
 254 0064 02       		.uleb128 0x2
 255 0065 08       		.byte	0x8
 256 0066 07       		.byte	0x7
 257 0067 42010000 		.4byte	.LASF9
 258 006b 04       		.uleb128 0x4
 259 006c 04       		.byte	0x4
 260 006d 05       		.byte	0x5
 261 006e 696E7400 		.ascii	"int\000"
 262 0072 02       		.uleb128 0x2
 263 0073 04       		.byte	0x4
 264 0074 07       		.byte	0x7
 265 0075 1B010000 		.4byte	.LASF10
 266 0079 03       		.uleb128 0x3
 267 007a 59010000 		.4byte	.LASF11
 268 007e 02       		.byte	0x2
 269 007f 18       		.byte	0x18
 270 0080 24000000 		.4byte	0x24
 271 0084 03       		.uleb128 0x3
ARM GAS  C:\Users\Sava\AppData\Local\Temp\ccLIKY3K.s 			page 12


 272 0085 A1010000 		.4byte	.LASF12
 273 0089 02       		.byte	0x2
 274 008a 30       		.byte	0x30
 275 008b 4B000000 		.4byte	0x4b
 276 008f 02       		.uleb128 0x2
 277 0090 08       		.byte	0x8
 278 0091 04       		.byte	0x4
 279 0092 B3010000 		.4byte	.LASF13
 280 0096 03       		.uleb128 0x3
 281 0097 D7000000 		.4byte	.LASF14
 282 009b 03       		.byte	0x3
 283 009c 1E       		.byte	0x1e
 284 009d 79000000 		.4byte	0x79
 285 00a1 05       		.uleb128 0x5
 286 00a2 0C       		.byte	0xc
 287 00a3 03       		.byte	0x3
 288 00a4 21       		.byte	0x21
 289 00a5 CE000000 		.4byte	0xce
 290 00a9 06       		.uleb128 0x6
 291 00aa 16000000 		.4byte	.LASF15
 292 00ae 03       		.byte	0x3
 293 00af 23       		.byte	0x23
 294 00b0 84000000 		.4byte	0x84
 295 00b4 00       		.byte	0
 296 00b5 06       		.uleb128 0x6
 297 00b6 16010000 		.4byte	.LASF16
 298 00ba 03       		.byte	0x3
 299 00bb 24       		.byte	0x24
 300 00bc CE000000 		.4byte	0xce
 301 00c0 04       		.byte	0x4
 302 00c1 06       		.uleb128 0x6
 303 00c2 9C010000 		.4byte	.LASF17
 304 00c6 03       		.byte	0x3
 305 00c7 25       		.byte	0x25
 306 00c8 CE000000 		.4byte	0xce
 307 00cc 08       		.byte	0x8
 308 00cd 00       		.byte	0
 309 00ce 07       		.uleb128 0x7
 310 00cf 04       		.byte	0x4
 311 00d0 96000000 		.4byte	0x96
 312 00d4 03       		.uleb128 0x3
 313 00d5 37000000 		.4byte	.LASF18
 314 00d9 03       		.byte	0x3
 315 00da 26       		.byte	0x26
 316 00db A1000000 		.4byte	0xa1
 317 00df 08       		.uleb128 0x8
 318 00e0 2B000000 		.4byte	.LASF19
 319 00e4 04       		.byte	0x4
 320 00e5 1C       		.byte	0x1c
 321 00e6 D4000000 		.4byte	0xd4
 322 00ea 05       		.uleb128 0x5
 323 00eb 03       		.byte	0x3
 324 00ec 00000000 		.4byte	_lv_task_ll
 325 00f0 08       		.uleb128 0x8
 326 00f1 61010000 		.4byte	.LASF20
 327 00f5 04       		.byte	0x4
 328 00f6 1C       		.byte	0x1c
ARM GAS  C:\Users\Sava\AppData\Local\Temp\ccLIKY3K.s 			page 13


 329 00f7 D4000000 		.4byte	0xd4
 330 00fb 05       		.uleb128 0x5
 331 00fc 03       		.byte	0x3
 332 00fd 00000000 		.4byte	_lv_scr_ll
 333 0101 08       		.uleb128 0x8
 334 0102 87010000 		.4byte	.LASF21
 335 0106 04       		.byte	0x4
 336 0107 1C       		.byte	0x1c
 337 0108 D4000000 		.4byte	0xd4
 338 010c 05       		.uleb128 0x5
 339 010d 03       		.byte	0x3
 340 010e 00000000 		.4byte	_lv_drv_ll
 341 0112 08       		.uleb128 0x8
 342 0113 E4000000 		.4byte	.LASF22
 343 0117 04       		.byte	0x4
 344 0118 1C       		.byte	0x1c
 345 0119 D4000000 		.4byte	0xd4
 346 011d 05       		.uleb128 0x5
 347 011e 03       		.byte	0x3
 348 011f 00000000 		.4byte	_lv_file_ll
 349 0123 08       		.uleb128 0x8
 350 0124 36010000 		.4byte	.LASF23
 351 0128 04       		.byte	0x4
 352 0129 1C       		.byte	0x1c
 353 012a D4000000 		.4byte	0xd4
 354 012e 05       		.uleb128 0x5
 355 012f 03       		.byte	0x3
 356 0130 00000000 		.4byte	_lv_anim_ll
 357 0134 08       		.uleb128 0x8
 358 0135 F0000000 		.4byte	.LASF24
 359 0139 04       		.byte	0x4
 360 013a 1C       		.byte	0x1c
 361 013b 45010000 		.4byte	0x145
 362 013f 05       		.uleb128 0x5
 363 0140 03       		.byte	0x3
 364 0141 00000000 		.4byte	_lv_def_scr
 365 0145 09       		.uleb128 0x9
 366 0146 04       		.byte	0x4
 367 0147 08       		.uleb128 0x8
 368 0148 00000000 		.4byte	.LASF25
 369 014c 04       		.byte	0x4
 370 014d 1C       		.byte	0x1c
 371 014e 45010000 		.4byte	0x145
 372 0152 05       		.uleb128 0x5
 373 0153 03       		.byte	0x3
 374 0154 00000000 		.4byte	_lv_act_scr
 375 0158 08       		.uleb128 0x8
 376 0159 3F000000 		.4byte	.LASF26
 377 015d 04       		.byte	0x4
 378 015e 1C       		.byte	0x1c
 379 015f 45010000 		.4byte	0x145
 380 0163 05       		.uleb128 0x5
 381 0164 03       		.byte	0x3
 382 0165 00000000 		.4byte	_lv_top_layer
 383 0169 08       		.uleb128 0x8
 384 016a 1D000000 		.4byte	.LASF27
 385 016e 04       		.byte	0x4
ARM GAS  C:\Users\Sava\AppData\Local\Temp\ccLIKY3K.s 			page 14


 386 016f 1C       		.byte	0x1c
 387 0170 45010000 		.4byte	0x145
 388 0174 05       		.uleb128 0x5
 389 0175 03       		.byte	0x3
 390 0176 00000000 		.4byte	_lv_sys_layer
 391 017a 08       		.uleb128 0x8
 392 017b 6C010000 		.4byte	.LASF28
 393 017f 04       		.byte	0x4
 394 0180 1C       		.byte	0x1c
 395 0181 45010000 		.4byte	0x145
 396 0185 05       		.uleb128 0x5
 397 0186 03       		.byte	0x3
 398 0187 00000000 		.4byte	_lv_task_act
 399 018b 08       		.uleb128 0x8
 400 018c FC000000 		.4byte	.LASF29
 401 0190 04       		.byte	0x4
 402 0191 1C       		.byte	0x1c
 403 0192 45010000 		.4byte	0x145
 404 0196 05       		.uleb128 0x5
 405 0197 03       		.byte	0x3
 406 0198 00000000 		.4byte	_lv_indev_list
 407 019c 08       		.uleb128 0x8
 408 019d 28010000 		.4byte	.LASF30
 409 01a1 04       		.byte	0x4
 410 01a2 1C       		.byte	0x1c
 411 01a3 45010000 		.4byte	0x145
 412 01a7 05       		.uleb128 0x5
 413 01a8 03       		.byte	0x3
 414 01a9 00000000 		.4byte	_lv_disp_list
 415 01ad 00       		.byte	0
 416              		.section	.debug_abbrev,"",%progbits
 417              	.Ldebug_abbrev0:
 418 0000 01       		.uleb128 0x1
 419 0001 11       		.uleb128 0x11
 420 0002 01       		.byte	0x1
 421 0003 25       		.uleb128 0x25
 422 0004 0E       		.uleb128 0xe
 423 0005 13       		.uleb128 0x13
 424 0006 0B       		.uleb128 0xb
 425 0007 03       		.uleb128 0x3
 426 0008 0E       		.uleb128 0xe
 427 0009 1B       		.uleb128 0x1b
 428 000a 0E       		.uleb128 0xe
 429 000b 10       		.uleb128 0x10
 430 000c 17       		.uleb128 0x17
 431 000d 00       		.byte	0
 432 000e 00       		.byte	0
 433 000f 02       		.uleb128 0x2
 434 0010 24       		.uleb128 0x24
 435 0011 00       		.byte	0
 436 0012 0B       		.uleb128 0xb
 437 0013 0B       		.uleb128 0xb
 438 0014 3E       		.uleb128 0x3e
 439 0015 0B       		.uleb128 0xb
 440 0016 03       		.uleb128 0x3
 441 0017 0E       		.uleb128 0xe
 442 0018 00       		.byte	0
ARM GAS  C:\Users\Sava\AppData\Local\Temp\ccLIKY3K.s 			page 15


 443 0019 00       		.byte	0
 444 001a 03       		.uleb128 0x3
 445 001b 16       		.uleb128 0x16
 446 001c 00       		.byte	0
 447 001d 03       		.uleb128 0x3
 448 001e 0E       		.uleb128 0xe
 449 001f 3A       		.uleb128 0x3a
 450 0020 0B       		.uleb128 0xb
 451 0021 3B       		.uleb128 0x3b
 452 0022 0B       		.uleb128 0xb
 453 0023 49       		.uleb128 0x49
 454 0024 13       		.uleb128 0x13
 455 0025 00       		.byte	0
 456 0026 00       		.byte	0
 457 0027 04       		.uleb128 0x4
 458 0028 24       		.uleb128 0x24
 459 0029 00       		.byte	0
 460 002a 0B       		.uleb128 0xb
 461 002b 0B       		.uleb128 0xb
 462 002c 3E       		.uleb128 0x3e
 463 002d 0B       		.uleb128 0xb
 464 002e 03       		.uleb128 0x3
 465 002f 08       		.uleb128 0x8
 466 0030 00       		.byte	0
 467 0031 00       		.byte	0
 468 0032 05       		.uleb128 0x5
 469 0033 13       		.uleb128 0x13
 470 0034 01       		.byte	0x1
 471 0035 0B       		.uleb128 0xb
 472 0036 0B       		.uleb128 0xb
 473 0037 3A       		.uleb128 0x3a
 474 0038 0B       		.uleb128 0xb
 475 0039 3B       		.uleb128 0x3b
 476 003a 0B       		.uleb128 0xb
 477 003b 01       		.uleb128 0x1
 478 003c 13       		.uleb128 0x13
 479 003d 00       		.byte	0
 480 003e 00       		.byte	0
 481 003f 06       		.uleb128 0x6
 482 0040 0D       		.uleb128 0xd
 483 0041 00       		.byte	0
 484 0042 03       		.uleb128 0x3
 485 0043 0E       		.uleb128 0xe
 486 0044 3A       		.uleb128 0x3a
 487 0045 0B       		.uleb128 0xb
 488 0046 3B       		.uleb128 0x3b
 489 0047 0B       		.uleb128 0xb
 490 0048 49       		.uleb128 0x49
 491 0049 13       		.uleb128 0x13
 492 004a 38       		.uleb128 0x38
 493 004b 0B       		.uleb128 0xb
 494 004c 00       		.byte	0
 495 004d 00       		.byte	0
 496 004e 07       		.uleb128 0x7
 497 004f 0F       		.uleb128 0xf
 498 0050 00       		.byte	0
 499 0051 0B       		.uleb128 0xb
ARM GAS  C:\Users\Sava\AppData\Local\Temp\ccLIKY3K.s 			page 16


 500 0052 0B       		.uleb128 0xb
 501 0053 49       		.uleb128 0x49
 502 0054 13       		.uleb128 0x13
 503 0055 00       		.byte	0
 504 0056 00       		.byte	0
 505 0057 08       		.uleb128 0x8
 506 0058 34       		.uleb128 0x34
 507 0059 00       		.byte	0
 508 005a 03       		.uleb128 0x3
 509 005b 0E       		.uleb128 0xe
 510 005c 3A       		.uleb128 0x3a
 511 005d 0B       		.uleb128 0xb
 512 005e 3B       		.uleb128 0x3b
 513 005f 0B       		.uleb128 0xb
 514 0060 49       		.uleb128 0x49
 515 0061 13       		.uleb128 0x13
 516 0062 3F       		.uleb128 0x3f
 517 0063 19       		.uleb128 0x19
 518 0064 02       		.uleb128 0x2
 519 0065 18       		.uleb128 0x18
 520 0066 00       		.byte	0
 521 0067 00       		.byte	0
 522 0068 09       		.uleb128 0x9
 523 0069 0F       		.uleb128 0xf
 524 006a 00       		.byte	0
 525 006b 0B       		.uleb128 0xb
 526 006c 0B       		.uleb128 0xb
 527 006d 00       		.byte	0
 528 006e 00       		.byte	0
 529 006f 00       		.byte	0
 530              		.section	.debug_aranges,"",%progbits
 531 0000 14000000 		.4byte	0x14
 532 0004 0200     		.2byte	0x2
 533 0006 00000000 		.4byte	.Ldebug_info0
 534 000a 04       		.byte	0x4
 535 000b 00       		.byte	0
 536 000c 0000     		.2byte	0
 537 000e 0000     		.2byte	0
 538 0010 00000000 		.4byte	0
 539 0014 00000000 		.4byte	0
 540              		.section	.debug_line,"",%progbits
 541              	.Ldebug_line0:
 542 0000 39010000 		.section	.debug_str,"MS",%progbits,1
 542      02003301 
 542      00000201 
 542      FB0E0D00 
 542      01010101 
 543              	.LASF25:
 544 0000 5F6C765F 		.ascii	"_lv_act_scr\000"
 544      6163745F 
 544      73637200 
 545              	.LASF5:
 546 000c 5F5F7569 		.ascii	"__uint8_t\000"
 546      6E74385F 
 546      7400
 547              	.LASF15:
 548 0016 6E5F7369 		.ascii	"n_size\000"
ARM GAS  C:\Users\Sava\AppData\Local\Temp\ccLIKY3K.s 			page 17


 548      7A6500
 549              	.LASF27:
 550 001d 5F6C765F 		.ascii	"_lv_sys_layer\000"
 550      7379735F 
 550      6C617965 
 550      7200
 551              	.LASF19:
 552 002b 5F6C765F 		.ascii	"_lv_task_ll\000"
 552      7461736B 
 552      5F6C6C00 
 553              	.LASF18:
 554 0037 6C765F6C 		.ascii	"lv_ll_t\000"
 554      6C5F7400 
 555              	.LASF26:
 556 003f 5F6C765F 		.ascii	"_lv_top_layer\000"
 556      746F705F 
 556      6C617965 
 556      7200
 557              	.LASF33:
 558 004d 433A5C55 		.ascii	"C:\\Users\\Sava\\Documents\\PSoC Creator\\GUI_and_d"
 558      73657273 
 558      5C536176 
 558      615C446F 
 558      63756D65 
 559 007b 6973706C 		.ascii	"isplay\\LittlevGL(5v3)_demo_ILI9341.cydsn\000"
 559      61795C4C 
 559      6974746C 
 559      6576474C 
 559      28357633 
 560              	.LASF1:
 561 00a4 756E7369 		.ascii	"unsigned char\000"
 561      676E6564 
 561      20636861 
 561      7200
 562              	.LASF7:
 563 00b2 6C6F6E67 		.ascii	"long unsigned int\000"
 563      20756E73 
 563      69676E65 
 563      6420696E 
 563      7400
 564              	.LASF3:
 565 00c4 73686F72 		.ascii	"short unsigned int\000"
 565      7420756E 
 565      7369676E 
 565      65642069 
 565      6E7400
 566              	.LASF14:
 567 00d7 6C765F6C 		.ascii	"lv_ll_node_t\000"
 567      6C5F6E6F 
 567      64655F74 
 567      00
 568              	.LASF22:
 569 00e4 5F6C765F 		.ascii	"_lv_file_ll\000"
 569      66696C65 
 569      5F6C6C00 
 570              	.LASF24:
 571 00f0 5F6C765F 		.ascii	"_lv_def_scr\000"
ARM GAS  C:\Users\Sava\AppData\Local\Temp\ccLIKY3K.s 			page 18


 571      6465665F 
 571      73637200 
 572              	.LASF29:
 573 00fc 5F6C765F 		.ascii	"_lv_indev_list\000"
 573      696E6465 
 573      765F6C69 
 573      737400
 574              	.LASF6:
 575 010b 5F5F7569 		.ascii	"__uint32_t\000"
 575      6E743332 
 575      5F7400
 576              	.LASF16:
 577 0116 68656164 		.ascii	"head\000"
 577      00
 578              	.LASF10:
 579 011b 756E7369 		.ascii	"unsigned int\000"
 579      676E6564 
 579      20696E74 
 579      00
 580              	.LASF30:
 581 0128 5F6C765F 		.ascii	"_lv_disp_list\000"
 581      64697370 
 581      5F6C6973 
 581      7400
 582              	.LASF23:
 583 0136 5F6C765F 		.ascii	"_lv_anim_ll\000"
 583      616E696D 
 583      5F6C6C00 
 584              	.LASF9:
 585 0142 6C6F6E67 		.ascii	"long long unsigned int\000"
 585      206C6F6E 
 585      6720756E 
 585      7369676E 
 585      65642069 
 586              	.LASF11:
 587 0159 75696E74 		.ascii	"uint8_t\000"
 587      385F7400 
 588              	.LASF20:
 589 0161 5F6C765F 		.ascii	"_lv_scr_ll\000"
 589      7363725F 
 589      6C6C00
 590              	.LASF28:
 591 016c 5F6C765F 		.ascii	"_lv_task_act\000"
 591      7461736B 
 591      5F616374 
 591      00
 592              	.LASF8:
 593 0179 6C6F6E67 		.ascii	"long long int\000"
 593      206C6F6E 
 593      6720696E 
 593      7400
 594              	.LASF21:
 595 0187 5F6C765F 		.ascii	"_lv_drv_ll\000"
 595      6472765F 
 595      6C6C00
 596              	.LASF2:
 597 0192 73686F72 		.ascii	"short int\000"
ARM GAS  C:\Users\Sava\AppData\Local\Temp\ccLIKY3K.s 			page 19


 597      7420696E 
 597      7400
 598              	.LASF17:
 599 019c 7461696C 		.ascii	"tail\000"
 599      00
 600              	.LASF12:
 601 01a1 75696E74 		.ascii	"uint32_t\000"
 601      33325F74 
 601      00
 602              	.LASF4:
 603 01aa 6C6F6E67 		.ascii	"long int\000"
 603      20696E74 
 603      00
 604              	.LASF13:
 605 01b3 6C6F6E67 		.ascii	"long double\000"
 605      20646F75 
 605      626C6500 
 606              	.LASF0:
 607 01bf 7369676E 		.ascii	"signed char\000"
 607      65642063 
 607      68617200 
 608              	.LASF32:
 609 01cb 6C76676C 		.ascii	"lvgl\\lv_misc\\lv_gc.c\000"
 609      5C6C765F 
 609      6D697363 
 609      5C6C765F 
 609      67632E63 
 610              	.LASF31:
 611 01e0 474E5520 		.ascii	"GNU C11 5.4.1 20160609 (release) [ARM/embedded-5-br"
 611      43313120 
 611      352E342E 
 611      31203230 
 611      31363036 
 612 0213 616E6368 		.ascii	"anch revision 237715] -mcpu=cortex-m3 -mthumb -g -O"
 612      20726576 
 612      6973696F 
 612      6E203233 
 612      37373135 
 613 0246 30202D66 		.ascii	"0 -ffunction-sections -ffat-lto-objects -finline-fu"
 613      66756E63 
 613      74696F6E 
 613      2D736563 
 613      74696F6E 
 614 0279 6E637469 		.ascii	"nctions -flto\000"
 614      6F6E7320 
 614      2D666C74 
 614      6F00
 615              		.comm	__gnu_lto_v1,1,1
 616              		.ident	"GCC: (GNU Tools for ARM Embedded Processors) 5.4.1 20160609 (release) [ARM/embedded-5-bran
