ARM GAS  C:\Users\Sava\AppData\Local\Temp\ccKf6xlC.s 			page 1


   1              		.syntax unified
   2              		.cpu cortex-m3
   3              		.fpu softvfp
   4              		.eabi_attribute 20, 1
   5              		.eabi_attribute 21, 1
   6              		.eabi_attribute 23, 3
   7              		.eabi_attribute 24, 1
   8              		.eabi_attribute 25, 1
   9              		.eabi_attribute 26, 1
  10              		.eabi_attribute 30, 6
  11              		.eabi_attribute 34, 1
  12              		.eabi_attribute 18, 4
  13              		.thumb
  14              		.syntax unified
  15              		.file	"lv_tutorial_hello_world.c"
  16              		.text
  17              	.Ltext0:
  18              		.cfi_sections	.debug_frame
  19              		.section	.rodata
  20              		.align	2
  21              	.LC0:
  22 0000 48656C6C 		.ascii	"Hello world!\000"
  22      6F20776F 
  22      726C6421 
  22      00
  23              		.section	.text.lv_tutorial_hello_world,"ax",%progbits
  24              		.align	2
  25              		.global	lv_tutorial_hello_world
  26              		.thumb
  27              		.thumb_func
  28              		.type	lv_tutorial_hello_world, %function
  29              	lv_tutorial_hello_world:
  30              	.LFB107:
  31              		.file 1 "lv_examples\\lv_tutorial\\1_hello_world\\lv_tutorial_hello_world.c"
   1:lv_examples\lv_tutorial\1_hello_world/lv_tutorial_hello_world.c **** /**
   2:lv_examples\lv_tutorial\1_hello_world/lv_tutorial_hello_world.c ****  * @file lv_tutorial_hello_world
   3:lv_examples\lv_tutorial\1_hello_world/lv_tutorial_hello_world.c ****  *
   4:lv_examples\lv_tutorial\1_hello_world/lv_tutorial_hello_world.c ****  */
   5:lv_examples\lv_tutorial\1_hello_world/lv_tutorial_hello_world.c **** 
   6:lv_examples\lv_tutorial\1_hello_world/lv_tutorial_hello_world.c **** /*
   7:lv_examples\lv_tutorial\1_hello_world/lv_tutorial_hello_world.c ****  *-------------------------------------------------------------------------------
   8:lv_examples\lv_tutorial\1_hello_world/lv_tutorial_hello_world.c ****  * Create your first object: a "Hello world" label
   9:lv_examples\lv_tutorial\1_hello_world/lv_tutorial_hello_world.c ****  * ------------------------------------------------------------------------------
  10:lv_examples\lv_tutorial\1_hello_world/lv_tutorial_hello_world.c ****  *
  11:lv_examples\lv_tutorial\1_hello_world/lv_tutorial_hello_world.c ****  * If you have ported the LittlevGL you are ready to create content on your display.
  12:lv_examples\lv_tutorial\1_hello_world/lv_tutorial_hello_world.c ****  *
  13:lv_examples\lv_tutorial\1_hello_world/lv_tutorial_hello_world.c ****  * Now you will create a "Hello world!" label and align it to the middle.
  14:lv_examples\lv_tutorial\1_hello_world/lv_tutorial_hello_world.c ****  */
  15:lv_examples\lv_tutorial\1_hello_world/lv_tutorial_hello_world.c **** 
  16:lv_examples\lv_tutorial\1_hello_world/lv_tutorial_hello_world.c **** /*********************
  17:lv_examples\lv_tutorial\1_hello_world/lv_tutorial_hello_world.c ****  *      INCLUDES
  18:lv_examples\lv_tutorial\1_hello_world/lv_tutorial_hello_world.c ****  *********************/
  19:lv_examples\lv_tutorial\1_hello_world/lv_tutorial_hello_world.c **** #include "lv_tutorial_hello_world.h"
  20:lv_examples\lv_tutorial\1_hello_world/lv_tutorial_hello_world.c **** #if USE_LV_TUTORIALS
  21:lv_examples\lv_tutorial\1_hello_world/lv_tutorial_hello_world.c **** 
  22:lv_examples\lv_tutorial\1_hello_world/lv_tutorial_hello_world.c **** /*********************
  23:lv_examples\lv_tutorial\1_hello_world/lv_tutorial_hello_world.c ****  *      DEFINES
ARM GAS  C:\Users\Sava\AppData\Local\Temp\ccKf6xlC.s 			page 2


  24:lv_examples\lv_tutorial\1_hello_world/lv_tutorial_hello_world.c ****  *********************/
  25:lv_examples\lv_tutorial\1_hello_world/lv_tutorial_hello_world.c **** 
  26:lv_examples\lv_tutorial\1_hello_world/lv_tutorial_hello_world.c **** /**********************
  27:lv_examples\lv_tutorial\1_hello_world/lv_tutorial_hello_world.c ****  *      TYPEDEFS
  28:lv_examples\lv_tutorial\1_hello_world/lv_tutorial_hello_world.c ****  **********************/
  29:lv_examples\lv_tutorial\1_hello_world/lv_tutorial_hello_world.c **** 
  30:lv_examples\lv_tutorial\1_hello_world/lv_tutorial_hello_world.c **** /**********************
  31:lv_examples\lv_tutorial\1_hello_world/lv_tutorial_hello_world.c ****  *  STATIC PROTOTYPES
  32:lv_examples\lv_tutorial\1_hello_world/lv_tutorial_hello_world.c ****  **********************/
  33:lv_examples\lv_tutorial\1_hello_world/lv_tutorial_hello_world.c **** 
  34:lv_examples\lv_tutorial\1_hello_world/lv_tutorial_hello_world.c **** /**********************
  35:lv_examples\lv_tutorial\1_hello_world/lv_tutorial_hello_world.c ****  *  STATIC VARIABLES
  36:lv_examples\lv_tutorial\1_hello_world/lv_tutorial_hello_world.c ****  **********************/
  37:lv_examples\lv_tutorial\1_hello_world/lv_tutorial_hello_world.c **** 
  38:lv_examples\lv_tutorial\1_hello_world/lv_tutorial_hello_world.c **** /**********************
  39:lv_examples\lv_tutorial\1_hello_world/lv_tutorial_hello_world.c ****  *      MACROS
  40:lv_examples\lv_tutorial\1_hello_world/lv_tutorial_hello_world.c ****  **********************/
  41:lv_examples\lv_tutorial\1_hello_world/lv_tutorial_hello_world.c **** 
  42:lv_examples\lv_tutorial\1_hello_world/lv_tutorial_hello_world.c **** /**********************
  43:lv_examples\lv_tutorial\1_hello_world/lv_tutorial_hello_world.c ****  *   GLOBAL FUNCTIONS
  44:lv_examples\lv_tutorial\1_hello_world/lv_tutorial_hello_world.c ****  **********************/
  45:lv_examples\lv_tutorial\1_hello_world/lv_tutorial_hello_world.c **** 
  46:lv_examples\lv_tutorial\1_hello_world/lv_tutorial_hello_world.c **** /**
  47:lv_examples\lv_tutorial\1_hello_world/lv_tutorial_hello_world.c ****  * Create a simple 'Hello world!' label
  48:lv_examples\lv_tutorial\1_hello_world/lv_tutorial_hello_world.c ****  */
  49:lv_examples\lv_tutorial\1_hello_world/lv_tutorial_hello_world.c **** void lv_tutorial_hello_world(void)
  50:lv_examples\lv_tutorial\1_hello_world/lv_tutorial_hello_world.c **** {
  32              		.loc 1 50 0
  33              		.cfi_startproc
  34              		@ args = 0, pretend = 0, frame = 8
  35              		@ frame_needed = 1, uses_anonymous_args = 0
  36 0000 80B5     		push	{r7, lr}
  37              		.cfi_def_cfa_offset 8
  38              		.cfi_offset 7, -8
  39              		.cfi_offset 14, -4
  40 0002 84B0     		sub	sp, sp, #16
  41              		.cfi_def_cfa_offset 24
  42 0004 02AF     		add	r7, sp, #8
  43              		.cfi_def_cfa 7, 16
  51:lv_examples\lv_tutorial\1_hello_world/lv_tutorial_hello_world.c ****     /*Create a Label on the currently active screen*/
  52:lv_examples\lv_tutorial\1_hello_world/lv_tutorial_hello_world.c ****     lv_obj_t * label1 =  lv_label_create(lv_scr_act(), NULL);
  44              		.loc 1 52 0
  45 0006 FFF7FEFF 		bl	lv_scr_act
  46 000a 0346     		mov	r3, r0
  47 000c 0021     		movs	r1, #0
  48 000e 1846     		mov	r0, r3
  49 0010 FFF7FEFF 		bl	lv_label_create
  50 0014 7860     		str	r0, [r7, #4]
  53:lv_examples\lv_tutorial\1_hello_world/lv_tutorial_hello_world.c **** 
  54:lv_examples\lv_tutorial\1_hello_world/lv_tutorial_hello_world.c ****     /*Modify the Label's text*/
  55:lv_examples\lv_tutorial\1_hello_world/lv_tutorial_hello_world.c ****     lv_label_set_text(label1, "Hello world!");
  51              		.loc 1 55 0
  52 0016 0849     		ldr	r1, .L2
  53 0018 7868     		ldr	r0, [r7, #4]
  54 001a FFF7FEFF 		bl	lv_label_set_text
  56:lv_examples\lv_tutorial\1_hello_world/lv_tutorial_hello_world.c **** 
  57:lv_examples\lv_tutorial\1_hello_world/lv_tutorial_hello_world.c ****     /* Align the Label to the center
ARM GAS  C:\Users\Sava\AppData\Local\Temp\ccKf6xlC.s 			page 3


  58:lv_examples\lv_tutorial\1_hello_world/lv_tutorial_hello_world.c ****      * NULL means align on parent (which is the screen now)
  59:lv_examples\lv_tutorial\1_hello_world/lv_tutorial_hello_world.c ****      * 0, 0 at the end means an x, y offset after alignment*/
  60:lv_examples\lv_tutorial\1_hello_world/lv_tutorial_hello_world.c ****     lv_obj_align(label1, NULL, LV_ALIGN_CENTER, 0, 0);
  55              		.loc 1 60 0
  56 001e 0023     		movs	r3, #0
  57 0020 0093     		str	r3, [sp]
  58 0022 0023     		movs	r3, #0
  59 0024 0022     		movs	r2, #0
  60 0026 0021     		movs	r1, #0
  61 0028 7868     		ldr	r0, [r7, #4]
  62 002a FFF7FEFF 		bl	lv_obj_align
  61:lv_examples\lv_tutorial\1_hello_world/lv_tutorial_hello_world.c **** }
  63              		.loc 1 61 0
  64 002e 00BF     		nop
  65 0030 0837     		adds	r7, r7, #8
  66              		.cfi_def_cfa_offset 8
  67 0032 BD46     		mov	sp, r7
  68              		.cfi_def_cfa_register 13
  69              		@ sp needed
  70 0034 80BD     		pop	{r7, pc}
  71              	.L3:
  72 0036 00BF     		.align	2
  73              	.L2:
  74 0038 00000000 		.word	.LC0
  75              		.cfi_endproc
  76              	.LFE107:
  77              		.size	lv_tutorial_hello_world, .-lv_tutorial_hello_world
  78              		.text
  79              	.Letext0:
  80              		.file 2 "c:\\program files (x86)\\cypress\\psoc creator\\4.2\\psoc creator\\import\\gnu\\arm\\5.4.
  81              		.file 3 "c:\\program files (x86)\\cypress\\psoc creator\\4.2\\psoc creator\\import\\gnu\\arm\\5.4.
  82              		.file 4 "lv_examples\\lv_tutorial\\1_hello_world\\../../../lvgl/lv_misc/lv_ll.h"
  83              		.file 5 "lv_examples\\lv_tutorial\\1_hello_world\\../../../lvgl/lv_hal/../lv_misc/lv_color.h"
  84              		.file 6 "lv_examples\\lv_tutorial\\1_hello_world\\../../../lvgl/lv_hal/../lv_misc/lv_area.h"
  85              		.file 7 "lv_examples\\lv_tutorial\\1_hello_world\\../../../lvgl/lv_hal/../lv_core/../lv_misc/lv_fo
  86              		.file 8 "lv_examples\\lv_tutorial\\1_hello_world\\../../../lvgl/lv_hal/../lv_core/lv_style.h"
  87              		.file 9 "lv_examples\\lv_tutorial\\1_hello_world\\../../../lvgl/lv_hal/../lv_core/lv_obj.h"
  88              		.section	.debug_info,"",%progbits
  89              	.Ldebug_info0:
  90 0000 2A080000 		.4byte	0x82a
  91 0004 0400     		.2byte	0x4
  92 0006 00000000 		.4byte	.Ldebug_abbrev0
  93 000a 04       		.byte	0x4
  94 000b 01       		.uleb128 0x1
  95 000c 3C040000 		.4byte	.LASF129
  96 0010 0C       		.byte	0xc
  97 0011 DB060000 		.4byte	.LASF130
  98 0015 A0050000 		.4byte	.LASF131
  99 0019 00000000 		.4byte	.Ldebug_ranges0+0
 100 001d 00000000 		.4byte	0
 101 0021 00000000 		.4byte	.Ldebug_line0
 102 0025 02       		.uleb128 0x2
 103 0026 01       		.byte	0x1
 104 0027 06       		.byte	0x6
 105 0028 26010000 		.4byte	.LASF0
 106 002c 03       		.uleb128 0x3
 107 002d 62000000 		.4byte	.LASF2
ARM GAS  C:\Users\Sava\AppData\Local\Temp\ccKf6xlC.s 			page 4


 108 0031 02       		.byte	0x2
 109 0032 1D       		.byte	0x1d
 110 0033 37000000 		.4byte	0x37
 111 0037 02       		.uleb128 0x2
 112 0038 01       		.byte	0x1
 113 0039 08       		.byte	0x8
 114 003a 09050000 		.4byte	.LASF1
 115 003e 03       		.uleb128 0x3
 116 003f 1C020000 		.4byte	.LASF3
 117 0043 02       		.byte	0x2
 118 0044 29       		.byte	0x29
 119 0045 49000000 		.4byte	0x49
 120 0049 02       		.uleb128 0x2
 121 004a 02       		.byte	0x2
 122 004b 05       		.byte	0x5
 123 004c 34050000 		.4byte	.LASF4
 124 0050 03       		.uleb128 0x3
 125 0051 76060000 		.4byte	.LASF5
 126 0055 02       		.byte	0x2
 127 0056 2B       		.byte	0x2b
 128 0057 5B000000 		.4byte	0x5b
 129 005b 02       		.uleb128 0x2
 130 005c 02       		.byte	0x2
 131 005d 07       		.byte	0x7
 132 005e AB020000 		.4byte	.LASF6
 133 0062 02       		.uleb128 0x2
 134 0063 04       		.byte	0x4
 135 0064 05       		.byte	0x5
 136 0065 9A010000 		.4byte	.LASF7
 137 0069 03       		.uleb128 0x3
 138 006a 11020000 		.4byte	.LASF8
 139 006e 02       		.byte	0x2
 140 006f 41       		.byte	0x41
 141 0070 74000000 		.4byte	0x74
 142 0074 02       		.uleb128 0x2
 143 0075 04       		.byte	0x4
 144 0076 07       		.byte	0x7
 145 0077 81020000 		.4byte	.LASF9
 146 007b 02       		.uleb128 0x2
 147 007c 08       		.byte	0x8
 148 007d 05       		.byte	0x5
 149 007e 18010000 		.4byte	.LASF10
 150 0082 02       		.uleb128 0x2
 151 0083 08       		.byte	0x8
 152 0084 07       		.byte	0x7
 153 0085 CF000000 		.4byte	.LASF11
 154 0089 04       		.uleb128 0x4
 155 008a 04       		.byte	0x4
 156 008b 05       		.byte	0x5
 157 008c 696E7400 		.ascii	"int\000"
 158 0090 02       		.uleb128 0x2
 159 0091 04       		.byte	0x4
 160 0092 07       		.byte	0x7
 161 0093 6B020000 		.4byte	.LASF12
 162 0097 03       		.uleb128 0x3
 163 0098 71050000 		.4byte	.LASF13
 164 009c 03       		.byte	0x3
ARM GAS  C:\Users\Sava\AppData\Local\Temp\ccKf6xlC.s 			page 5


 165 009d 18       		.byte	0x18
 166 009e 2C000000 		.4byte	0x2c
 167 00a2 03       		.uleb128 0x3
 168 00a3 10010000 		.4byte	.LASF14
 169 00a7 03       		.byte	0x3
 170 00a8 20       		.byte	0x20
 171 00a9 3E000000 		.4byte	0x3e
 172 00ad 03       		.uleb128 0x3
 173 00ae 78020000 		.4byte	.LASF15
 174 00b2 03       		.byte	0x3
 175 00b3 24       		.byte	0x24
 176 00b4 50000000 		.4byte	0x50
 177 00b8 03       		.uleb128 0x3
 178 00b9 B7060000 		.4byte	.LASF16
 179 00bd 03       		.byte	0x3
 180 00be 30       		.byte	0x30
 181 00bf 69000000 		.4byte	0x69
 182 00c3 02       		.uleb128 0x2
 183 00c4 08       		.byte	0x8
 184 00c5 04       		.byte	0x4
 185 00c6 3E030000 		.4byte	.LASF17
 186 00ca 03       		.uleb128 0x3
 187 00cb 43060000 		.4byte	.LASF18
 188 00cf 04       		.byte	0x4
 189 00d0 1E       		.byte	0x1e
 190 00d1 97000000 		.4byte	0x97
 191 00d5 05       		.uleb128 0x5
 192 00d6 0C       		.byte	0xc
 193 00d7 04       		.byte	0x4
 194 00d8 21       		.byte	0x21
 195 00d9 02010000 		.4byte	0x102
 196 00dd 06       		.uleb128 0x6
 197 00de F0000000 		.4byte	.LASF19
 198 00e2 04       		.byte	0x4
 199 00e3 23       		.byte	0x23
 200 00e4 B8000000 		.4byte	0xb8
 201 00e8 00       		.byte	0
 202 00e9 06       		.uleb128 0x6
 203 00ea 9B050000 		.4byte	.LASF20
 204 00ee 04       		.byte	0x4
 205 00ef 24       		.byte	0x24
 206 00f0 02010000 		.4byte	0x102
 207 00f4 04       		.byte	0x4
 208 00f5 06       		.uleb128 0x6
 209 00f6 30030000 		.4byte	.LASF21
 210 00fa 04       		.byte	0x4
 211 00fb 25       		.byte	0x25
 212 00fc 02010000 		.4byte	0x102
 213 0100 08       		.byte	0x8
 214 0101 00       		.byte	0
 215 0102 07       		.uleb128 0x7
 216 0103 04       		.byte	0x4
 217 0104 CA000000 		.4byte	0xca
 218 0108 03       		.uleb128 0x3
 219 0109 F7000000 		.4byte	.LASF22
 220 010d 04       		.byte	0x4
 221 010e 26       		.byte	0x26
ARM GAS  C:\Users\Sava\AppData\Local\Temp\ccKf6xlC.s 			page 6


 222 010f D5000000 		.4byte	0xd5
 223 0113 08       		.uleb128 0x8
 224 0114 04       		.byte	0x4
 225 0115 05       		.uleb128 0x5
 226 0116 02       		.byte	0x2
 227 0117 05       		.byte	0x5
 228 0118 74       		.byte	0x74
 229 0119 4B010000 		.4byte	0x14b
 230 011d 09       		.uleb128 0x9
 231 011e 3E060000 		.4byte	.LASF23
 232 0122 05       		.byte	0x5
 233 0123 77       		.byte	0x77
 234 0124 AD000000 		.4byte	0xad
 235 0128 02       		.byte	0x2
 236 0129 05       		.byte	0x5
 237 012a 0B       		.byte	0xb
 238 012b 00       		.byte	0
 239 012c 09       		.uleb128 0x9
 240 012d D5060000 		.4byte	.LASF24
 241 0131 05       		.byte	0x5
 242 0132 78       		.byte	0x78
 243 0133 AD000000 		.4byte	0xad
 244 0137 02       		.byte	0x2
 245 0138 06       		.byte	0x6
 246 0139 05       		.byte	0x5
 247 013a 00       		.byte	0
 248 013b 0A       		.uleb128 0xa
 249 013c 72656400 		.ascii	"red\000"
 250 0140 05       		.byte	0x5
 251 0141 79       		.byte	0x79
 252 0142 AD000000 		.4byte	0xad
 253 0146 02       		.byte	0x2
 254 0147 05       		.byte	0x5
 255 0148 00       		.byte	0
 256 0149 00       		.byte	0
 257 014a 00       		.byte	0
 258 014b 0B       		.uleb128 0xb
 259 014c 02       		.byte	0x2
 260 014d 05       		.byte	0x5
 261 014e 72       		.byte	0x72
 262 014f 64010000 		.4byte	0x164
 263 0153 0C       		.uleb128 0xc
 264 0154 15010000 		.4byte	0x115
 265 0158 0D       		.uleb128 0xd
 266 0159 4A030000 		.4byte	.LASF132
 267 015d 05       		.byte	0x5
 268 015e 81       		.byte	0x81
 269 015f AD000000 		.4byte	0xad
 270 0163 00       		.byte	0
 271 0164 03       		.uleb128 0x3
 272 0165 1A040000 		.4byte	.LASF25
 273 0169 05       		.byte	0x5
 274 016a 82       		.byte	0x82
 275 016b 4B010000 		.4byte	0x14b
 276 016f 03       		.uleb128 0x3
 277 0170 57000000 		.4byte	.LASF26
 278 0174 05       		.byte	0x5
ARM GAS  C:\Users\Sava\AppData\Local\Temp\ccKf6xlC.s 			page 7


 279 0175 98       		.byte	0x98
 280 0176 64010000 		.4byte	0x164
 281 017a 03       		.uleb128 0x3
 282 017b EB020000 		.4byte	.LASF27
 283 017f 05       		.byte	0x5
 284 0180 A0       		.byte	0xa0
 285 0181 97000000 		.4byte	0x97
 286 0185 02       		.uleb128 0x2
 287 0186 04       		.byte	0x4
 288 0187 07       		.byte	0x7
 289 0188 35030000 		.4byte	.LASF28
 290 018c 02       		.uleb128 0x2
 291 018d 01       		.byte	0x1
 292 018e 08       		.byte	0x8
 293 018f 50060000 		.4byte	.LASF29
 294 0193 03       		.uleb128 0x3
 295 0194 05010000 		.4byte	.LASF30
 296 0198 06       		.byte	0x6
 297 0199 1E       		.byte	0x1e
 298 019a A2000000 		.4byte	0xa2
 299 019e 05       		.uleb128 0x5
 300 019f 08       		.byte	0x8
 301 01a0 06       		.byte	0x6
 302 01a1 26       		.byte	0x26
 303 01a2 D3010000 		.4byte	0x1d3
 304 01a6 0E       		.uleb128 0xe
 305 01a7 783100   		.ascii	"x1\000"
 306 01aa 06       		.byte	0x6
 307 01ab 28       		.byte	0x28
 308 01ac 93010000 		.4byte	0x193
 309 01b0 00       		.byte	0
 310 01b1 0E       		.uleb128 0xe
 311 01b2 793100   		.ascii	"y1\000"
 312 01b5 06       		.byte	0x6
 313 01b6 29       		.byte	0x29
 314 01b7 93010000 		.4byte	0x193
 315 01bb 02       		.byte	0x2
 316 01bc 0E       		.uleb128 0xe
 317 01bd 783200   		.ascii	"x2\000"
 318 01c0 06       		.byte	0x6
 319 01c1 2A       		.byte	0x2a
 320 01c2 93010000 		.4byte	0x193
 321 01c6 04       		.byte	0x4
 322 01c7 0E       		.uleb128 0xe
 323 01c8 793200   		.ascii	"y2\000"
 324 01cb 06       		.byte	0x6
 325 01cc 2B       		.byte	0x2b
 326 01cd 93010000 		.4byte	0x193
 327 01d1 06       		.byte	0x6
 328 01d2 00       		.byte	0
 329 01d3 03       		.uleb128 0x3
 330 01d4 90010000 		.4byte	.LASF31
 331 01d8 06       		.byte	0x6
 332 01d9 2C       		.byte	0x2c
 333 01da 9E010000 		.4byte	0x19e
 334 01de 05       		.uleb128 0x5
 335 01df 04       		.byte	0x4
ARM GAS  C:\Users\Sava\AppData\Local\Temp\ccKf6xlC.s 			page 8


 336 01e0 07       		.byte	0x7
 337 01e1 25       		.byte	0x25
 338 01e2 05020000 		.4byte	0x205
 339 01e6 09       		.uleb128 0x9
 340 01e7 0B030000 		.4byte	.LASF32
 341 01eb 07       		.byte	0x7
 342 01ec 27       		.byte	0x27
 343 01ed B8000000 		.4byte	0xb8
 344 01f1 04       		.byte	0x4
 345 01f2 08       		.byte	0x8
 346 01f3 18       		.byte	0x18
 347 01f4 00       		.byte	0
 348 01f5 09       		.uleb128 0x9
 349 01f6 DB010000 		.4byte	.LASF33
 350 01fa 07       		.byte	0x7
 351 01fb 28       		.byte	0x28
 352 01fc B8000000 		.4byte	0xb8
 353 0200 04       		.byte	0x4
 354 0201 18       		.byte	0x18
 355 0202 00       		.byte	0
 356 0203 00       		.byte	0
 357 0204 00       		.byte	0
 358 0205 03       		.uleb128 0x3
 359 0206 BC010000 		.4byte	.LASF34
 360 020a 07       		.byte	0x7
 361 020b 29       		.byte	0x29
 362 020c DE010000 		.4byte	0x1de
 363 0210 0F       		.uleb128 0xf
 364 0211 C0060000 		.4byte	.LASF75
 365 0215 28       		.byte	0x28
 366 0216 07       		.byte	0x7
 367 0217 31       		.byte	0x31
 368 0218 B6020000 		.4byte	0x2b6
 369 021c 06       		.uleb128 0x6
 370 021d 5E010000 		.4byte	.LASF35
 371 0221 07       		.byte	0x7
 372 0222 33       		.byte	0x33
 373 0223 B8000000 		.4byte	0xb8
 374 0227 00       		.byte	0
 375 0228 06       		.uleb128 0x6
 376 0229 44000000 		.4byte	.LASF36
 377 022d 07       		.byte	0x7
 378 022e 34       		.byte	0x34
 379 022f B8000000 		.4byte	0xb8
 380 0233 04       		.byte	0x4
 381 0234 06       		.uleb128 0x6
 382 0235 D6020000 		.4byte	.LASF37
 383 0239 07       		.byte	0x7
 384 023a 35       		.byte	0x35
 385 023b B6020000 		.4byte	0x2b6
 386 023f 08       		.byte	0x8
 387 0240 06       		.uleb128 0x6
 388 0241 27040000 		.4byte	.LASF38
 389 0245 07       		.byte	0x7
 390 0246 36       		.byte	0x36
 391 0247 C1020000 		.4byte	0x2c1
 392 024b 0C       		.byte	0xc
ARM GAS  C:\Users\Sava\AppData\Local\Temp\ccKf6xlC.s 			page 9


 393 024c 06       		.uleb128 0x6
 394 024d C2030000 		.4byte	.LASF39
 395 0251 07       		.byte	0x7
 396 0252 37       		.byte	0x37
 397 0253 CC020000 		.4byte	0x2cc
 398 0257 10       		.byte	0x10
 399 0258 06       		.uleb128 0x6
 400 0259 26020000 		.4byte	.LASF40
 401 025d 07       		.byte	0x7
 402 025e 38       		.byte	0x38
 403 025f F6020000 		.4byte	0x2f6
 404 0263 14       		.byte	0x14
 405 0264 06       		.uleb128 0x6
 406 0265 34060000 		.4byte	.LASF41
 407 0269 07       		.byte	0x7
 408 026a 39       		.byte	0x39
 409 026b 10030000 		.4byte	0x310
 410 026f 18       		.byte	0x18
 411 0270 06       		.uleb128 0x6
 412 0271 15030000 		.4byte	.LASF42
 413 0275 07       		.byte	0x7
 414 0276 3A       		.byte	0x3a
 415 0277 16030000 		.4byte	0x316
 416 027b 1C       		.byte	0x1c
 417 027c 09       		.uleb128 0x9
 418 027d 9A060000 		.4byte	.LASF43
 419 0281 07       		.byte	0x7
 420 0282 3B       		.byte	0x3b
 421 0283 B8000000 		.4byte	0xb8
 422 0287 04       		.byte	0x4
 423 0288 08       		.byte	0x8
 424 0289 18       		.byte	0x18
 425 028a 20       		.byte	0x20
 426 028b 0A       		.uleb128 0xa
 427 028c 62707000 		.ascii	"bpp\000"
 428 0290 07       		.byte	0x7
 429 0291 3C       		.byte	0x3c
 430 0292 B8000000 		.4byte	0xb8
 431 0296 04       		.byte	0x4
 432 0297 04       		.byte	0x4
 433 0298 14       		.byte	0x14
 434 0299 20       		.byte	0x20
 435 029a 09       		.uleb128 0x9
 436 029b 18000000 		.4byte	.LASF44
 437 029f 07       		.byte	0x7
 438 02a0 3D       		.byte	0x3d
 439 02a1 B8000000 		.4byte	0xb8
 440 02a5 04       		.byte	0x4
 441 02a6 08       		.byte	0x8
 442 02a7 0C       		.byte	0xc
 443 02a8 20       		.byte	0x20
 444 02a9 06       		.uleb128 0x6
 445 02aa 80010000 		.4byte	.LASF45
 446 02ae 07       		.byte	0x7
 447 02af 3E       		.byte	0x3e
 448 02b0 AD000000 		.4byte	0xad
 449 02b4 24       		.byte	0x24
ARM GAS  C:\Users\Sava\AppData\Local\Temp\ccKf6xlC.s 			page 10


 450 02b5 00       		.byte	0
 451 02b6 07       		.uleb128 0x7
 452 02b7 04       		.byte	0x4
 453 02b8 BC020000 		.4byte	0x2bc
 454 02bc 10       		.uleb128 0x10
 455 02bd 97000000 		.4byte	0x97
 456 02c1 07       		.uleb128 0x7
 457 02c2 04       		.byte	0x4
 458 02c3 C7020000 		.4byte	0x2c7
 459 02c7 10       		.uleb128 0x10
 460 02c8 05020000 		.4byte	0x205
 461 02cc 07       		.uleb128 0x7
 462 02cd 04       		.byte	0x4
 463 02ce D2020000 		.4byte	0x2d2
 464 02d2 10       		.uleb128 0x10
 465 02d3 B8000000 		.4byte	0xb8
 466 02d7 11       		.uleb128 0x11
 467 02d8 B6020000 		.4byte	0x2b6
 468 02dc EB020000 		.4byte	0x2eb
 469 02e0 12       		.uleb128 0x12
 470 02e1 EB020000 		.4byte	0x2eb
 471 02e5 12       		.uleb128 0x12
 472 02e6 B8000000 		.4byte	0xb8
 473 02ea 00       		.byte	0
 474 02eb 07       		.uleb128 0x7
 475 02ec 04       		.byte	0x4
 476 02ed F1020000 		.4byte	0x2f1
 477 02f1 10       		.uleb128 0x10
 478 02f2 10020000 		.4byte	0x210
 479 02f6 07       		.uleb128 0x7
 480 02f7 04       		.byte	0x4
 481 02f8 D7020000 		.4byte	0x2d7
 482 02fc 11       		.uleb128 0x11
 483 02fd A2000000 		.4byte	0xa2
 484 0301 10030000 		.4byte	0x310
 485 0305 12       		.uleb128 0x12
 486 0306 EB020000 		.4byte	0x2eb
 487 030a 12       		.uleb128 0x12
 488 030b B8000000 		.4byte	0xb8
 489 030f 00       		.byte	0
 490 0310 07       		.uleb128 0x7
 491 0311 04       		.byte	0x4
 492 0312 FC020000 		.4byte	0x2fc
 493 0316 07       		.uleb128 0x7
 494 0317 04       		.byte	0x4
 495 0318 10020000 		.4byte	0x210
 496 031c 03       		.uleb128 0x3
 497 031d E6000000 		.4byte	.LASF46
 498 0321 07       		.byte	0x7
 499 0322 3F       		.byte	0x3f
 500 0323 10020000 		.4byte	0x210
 501 0327 03       		.uleb128 0x3
 502 0328 3E050000 		.4byte	.LASF47
 503 032c 08       		.byte	0x8
 504 032d 2A       		.byte	0x2a
 505 032e 97000000 		.4byte	0x97
 506 0332 03       		.uleb128 0x3
ARM GAS  C:\Users\Sava\AppData\Local\Temp\ccKf6xlC.s 			page 11


 507 0333 BE020000 		.4byte	.LASF48
 508 0337 08       		.byte	0x8
 509 0338 32       		.byte	0x32
 510 0339 97000000 		.4byte	0x97
 511 033d 05       		.uleb128 0x5
 512 033e 06       		.byte	0x6
 513 033f 08       		.byte	0x8
 514 0340 3E       		.byte	0x3e
 515 0341 76030000 		.4byte	0x376
 516 0345 06       		.uleb128 0x6
 517 0346 F4020000 		.4byte	.LASF49
 518 034a 08       		.byte	0x8
 519 034b 3F       		.byte	0x3f
 520 034c 6F010000 		.4byte	0x16f
 521 0350 00       		.byte	0
 522 0351 06       		.uleb128 0x6
 523 0352 A5020000 		.4byte	.LASF50
 524 0356 08       		.byte	0x8
 525 0357 40       		.byte	0x40
 526 0358 93010000 		.4byte	0x193
 527 035c 02       		.byte	0x2
 528 035d 06       		.uleb128 0x6
 529 035e 9F060000 		.4byte	.LASF51
 530 0362 08       		.byte	0x8
 531 0363 41       		.byte	0x41
 532 0364 27030000 		.4byte	0x327
 533 0368 04       		.byte	0x4
 534 0369 0E       		.uleb128 0xe
 535 036a 6F706100 		.ascii	"opa\000"
 536 036e 08       		.byte	0x8
 537 036f 42       		.byte	0x42
 538 0370 7A010000 		.4byte	0x17a
 539 0374 05       		.byte	0x5
 540 0375 00       		.byte	0
 541 0376 05       		.uleb128 0x5
 542 0377 06       		.byte	0x6
 543 0378 08       		.byte	0x8
 544 0379 45       		.byte	0x45
 545 037a A3030000 		.4byte	0x3a3
 546 037e 06       		.uleb128 0x6
 547 037f F4020000 		.4byte	.LASF49
 548 0383 08       		.byte	0x8
 549 0384 46       		.byte	0x46
 550 0385 6F010000 		.4byte	0x16f
 551 0389 00       		.byte	0
 552 038a 06       		.uleb128 0x6
 553 038b A5020000 		.4byte	.LASF50
 554 038f 08       		.byte	0x8
 555 0390 47       		.byte	0x47
 556 0391 93010000 		.4byte	0x193
 557 0395 02       		.byte	0x2
 558 0396 06       		.uleb128 0x6
 559 0397 91000000 		.4byte	.LASF52
 560 039b 08       		.byte	0x8
 561 039c 48       		.byte	0x48
 562 039d 32030000 		.4byte	0x332
 563 03a1 04       		.byte	0x4
ARM GAS  C:\Users\Sava\AppData\Local\Temp\ccKf6xlC.s 			page 12


 564 03a2 00       		.byte	0
 565 03a3 05       		.uleb128 0x5
 566 03a4 06       		.byte	0x6
 567 03a5 08       		.byte	0x8
 568 03a6 4B       		.byte	0x4b
 569 03a7 D0030000 		.4byte	0x3d0
 570 03ab 0E       		.uleb128 0xe
 571 03ac 76657200 		.ascii	"ver\000"
 572 03b0 08       		.byte	0x8
 573 03b1 4C       		.byte	0x4c
 574 03b2 93010000 		.4byte	0x193
 575 03b6 00       		.byte	0
 576 03b7 0E       		.uleb128 0xe
 577 03b8 686F7200 		.ascii	"hor\000"
 578 03bc 08       		.byte	0x8
 579 03bd 4D       		.byte	0x4d
 580 03be 93010000 		.4byte	0x193
 581 03c2 02       		.byte	0x2
 582 03c3 06       		.uleb128 0x6
 583 03c4 4D070000 		.4byte	.LASF53
 584 03c8 08       		.byte	0x8
 585 03c9 4E       		.byte	0x4e
 586 03ca 93010000 		.4byte	0x193
 587 03ce 04       		.byte	0x4
 588 03cf 00       		.byte	0
 589 03d0 05       		.uleb128 0x5
 590 03d1 1C       		.byte	0x1c
 591 03d2 08       		.byte	0x8
 592 03d3 38       		.byte	0x38
 593 03d4 3C040000 		.4byte	0x43c
 594 03d8 06       		.uleb128 0x6
 595 03d9 D0010000 		.4byte	.LASF54
 596 03dd 08       		.byte	0x8
 597 03de 39       		.byte	0x39
 598 03df 6F010000 		.4byte	0x16f
 599 03e3 00       		.byte	0
 600 03e4 06       		.uleb128 0x6
 601 03e5 90050000 		.4byte	.LASF55
 602 03e9 08       		.byte	0x8
 603 03ea 3A       		.byte	0x3a
 604 03eb 6F010000 		.4byte	0x16f
 605 03ef 02       		.byte	0x2
 606 03f0 06       		.uleb128 0x6
 607 03f1 04030000 		.4byte	.LASF56
 608 03f5 08       		.byte	0x8
 609 03f6 3B       		.byte	0x3b
 610 03f7 93010000 		.4byte	0x193
 611 03fb 04       		.byte	0x4
 612 03fc 0E       		.uleb128 0xe
 613 03fd 6F706100 		.ascii	"opa\000"
 614 0401 08       		.byte	0x8
 615 0402 3C       		.byte	0x3c
 616 0403 7A010000 		.4byte	0x17a
 617 0407 06       		.byte	0x6
 618 0408 06       		.uleb128 0x6
 619 0409 27050000 		.4byte	.LASF57
 620 040d 08       		.byte	0x8
ARM GAS  C:\Users\Sava\AppData\Local\Temp\ccKf6xlC.s 			page 13


 621 040e 43       		.byte	0x43
 622 040f 3D030000 		.4byte	0x33d
 623 0413 08       		.byte	0x8
 624 0414 06       		.uleb128 0x6
 625 0415 CF020000 		.4byte	.LASF58
 626 0419 08       		.byte	0x8
 627 041a 49       		.byte	0x49
 628 041b 76030000 		.4byte	0x376
 629 041f 0E       		.byte	0xe
 630 0420 06       		.uleb128 0x6
 631 0421 22000000 		.4byte	.LASF59
 632 0425 08       		.byte	0x8
 633 0426 4F       		.byte	0x4f
 634 0427 A3030000 		.4byte	0x3a3
 635 042b 14       		.byte	0x14
 636 042c 09       		.uleb128 0x9
 637 042d 8A010000 		.4byte	.LASF60
 638 0431 08       		.byte	0x8
 639 0432 51       		.byte	0x51
 640 0433 97000000 		.4byte	0x97
 641 0437 01       		.byte	0x1
 642 0438 01       		.byte	0x1
 643 0439 07       		.byte	0x7
 644 043a 1A       		.byte	0x1a
 645 043b 00       		.byte	0
 646 043c 05       		.uleb128 0x5
 647 043d 10       		.byte	0x10
 648 043e 08       		.byte	0x8
 649 043f 55       		.byte	0x55
 650 0440 81040000 		.4byte	0x481
 651 0444 06       		.uleb128 0x6
 652 0445 F4020000 		.4byte	.LASF49
 653 0449 08       		.byte	0x8
 654 044a 56       		.byte	0x56
 655 044b 6F010000 		.4byte	0x16f
 656 044f 00       		.byte	0
 657 0450 06       		.uleb128 0x6
 658 0451 D0060000 		.4byte	.LASF61
 659 0455 08       		.byte	0x8
 660 0456 57       		.byte	0x57
 661 0457 81040000 		.4byte	0x481
 662 045b 04       		.byte	0x4
 663 045c 06       		.uleb128 0x6
 664 045d 83030000 		.4byte	.LASF62
 665 0461 08       		.byte	0x8
 666 0462 58       		.byte	0x58
 667 0463 93010000 		.4byte	0x193
 668 0467 08       		.byte	0x8
 669 0468 06       		.uleb128 0x6
 670 0469 E9030000 		.4byte	.LASF63
 671 046d 08       		.byte	0x8
 672 046e 59       		.byte	0x59
 673 046f 93010000 		.4byte	0x193
 674 0473 0A       		.byte	0xa
 675 0474 0E       		.uleb128 0xe
 676 0475 6F706100 		.ascii	"opa\000"
 677 0479 08       		.byte	0x8
ARM GAS  C:\Users\Sava\AppData\Local\Temp\ccKf6xlC.s 			page 14


 678 047a 5A       		.byte	0x5a
 679 047b 7A010000 		.4byte	0x17a
 680 047f 0C       		.byte	0xc
 681 0480 00       		.byte	0
 682 0481 07       		.uleb128 0x7
 683 0482 04       		.byte	0x4
 684 0483 87040000 		.4byte	0x487
 685 0487 10       		.uleb128 0x10
 686 0488 1C030000 		.4byte	0x31c
 687 048c 05       		.uleb128 0x5
 688 048d 04       		.byte	0x4
 689 048e 08       		.byte	0x8
 690 048f 5D       		.byte	0x5d
 691 0490 B9040000 		.4byte	0x4b9
 692 0494 06       		.uleb128 0x6
 693 0495 F4020000 		.4byte	.LASF49
 694 0499 08       		.byte	0x8
 695 049a 5E       		.byte	0x5e
 696 049b 6F010000 		.4byte	0x16f
 697 049f 00       		.byte	0
 698 04a0 06       		.uleb128 0x6
 699 04a1 1B070000 		.4byte	.LASF64
 700 04a5 08       		.byte	0x8
 701 04a6 5F       		.byte	0x5f
 702 04a7 7A010000 		.4byte	0x17a
 703 04ab 02       		.byte	0x2
 704 04ac 0E       		.uleb128 0xe
 705 04ad 6F706100 		.ascii	"opa\000"
 706 04b1 08       		.byte	0x8
 707 04b2 60       		.byte	0x60
 708 04b3 7A010000 		.4byte	0x17a
 709 04b7 03       		.byte	0x3
 710 04b8 00       		.byte	0
 711 04b9 05       		.uleb128 0x5
 712 04ba 06       		.byte	0x6
 713 04bb 08       		.byte	0x8
 714 04bc 63       		.byte	0x63
 715 04bd F5040000 		.4byte	0x4f5
 716 04c1 06       		.uleb128 0x6
 717 04c2 F4020000 		.4byte	.LASF49
 718 04c6 08       		.byte	0x8
 719 04c7 64       		.byte	0x64
 720 04c8 6F010000 		.4byte	0x16f
 721 04cc 00       		.byte	0
 722 04cd 06       		.uleb128 0x6
 723 04ce A5020000 		.4byte	.LASF50
 724 04d2 08       		.byte	0x8
 725 04d3 65       		.byte	0x65
 726 04d4 93010000 		.4byte	0x193
 727 04d8 02       		.byte	0x2
 728 04d9 0E       		.uleb128 0xe
 729 04da 6F706100 		.ascii	"opa\000"
 730 04de 08       		.byte	0x8
 731 04df 66       		.byte	0x66
 732 04e0 7A010000 		.4byte	0x17a
 733 04e4 04       		.byte	0x4
 734 04e5 09       		.uleb128 0x9
ARM GAS  C:\Users\Sava\AppData\Local\Temp\ccKf6xlC.s 			page 15


 735 04e6 90030000 		.4byte	.LASF65
 736 04ea 08       		.byte	0x8
 737 04eb 67       		.byte	0x67
 738 04ec 97000000 		.4byte	0x97
 739 04f0 01       		.byte	0x1
 740 04f1 01       		.byte	0x1
 741 04f2 07       		.byte	0x7
 742 04f3 05       		.byte	0x5
 743 04f4 00       		.byte	0
 744 04f5 05       		.uleb128 0x5
 745 04f6 3C       		.byte	0x3c
 746 04f7 08       		.byte	0x8
 747 04f8 34       		.byte	0x34
 748 04f9 3D050000 		.4byte	0x53d
 749 04fd 09       		.uleb128 0x9
 750 04fe FF000000 		.4byte	.LASF66
 751 0502 08       		.byte	0x8
 752 0503 36       		.byte	0x36
 753 0504 97000000 		.4byte	0x97
 754 0508 01       		.byte	0x1
 755 0509 01       		.byte	0x1
 756 050a 07       		.byte	0x7
 757 050b 00       		.byte	0
 758 050c 06       		.uleb128 0x6
 759 050d 2A000000 		.4byte	.LASF67
 760 0511 08       		.byte	0x8
 761 0512 52       		.byte	0x52
 762 0513 D0030000 		.4byte	0x3d0
 763 0517 02       		.byte	0x2
 764 0518 06       		.uleb128 0x6
 765 0519 5C060000 		.4byte	.LASF68
 766 051d 08       		.byte	0x8
 767 051e 5B       		.byte	0x5b
 768 051f 3C040000 		.4byte	0x43c
 769 0523 20       		.byte	0x20
 770 0524 06       		.uleb128 0x6
 771 0525 2E050000 		.4byte	.LASF69
 772 0529 08       		.byte	0x8
 773 052a 61       		.byte	0x61
 774 052b 8C040000 		.4byte	0x48c
 775 052f 30       		.byte	0x30
 776 0530 06       		.uleb128 0x6
 777 0531 0C020000 		.4byte	.LASF70
 778 0535 08       		.byte	0x8
 779 0536 68       		.byte	0x68
 780 0537 B9040000 		.4byte	0x4b9
 781 053b 34       		.byte	0x34
 782 053c 00       		.byte	0
 783 053d 03       		.uleb128 0x3
 784 053e 1C050000 		.4byte	.LASF71
 785 0542 08       		.byte	0x8
 786 0543 69       		.byte	0x69
 787 0544 F5040000 		.4byte	0x4f5
 788 0548 07       		.uleb128 0x7
 789 0549 04       		.byte	0x4
 790 054a 3D050000 		.4byte	0x53d
 791 054e 03       		.uleb128 0x3
ARM GAS  C:\Users\Sava\AppData\Local\Temp\ccKf6xlC.s 			page 16


 792 054f 1F030000 		.4byte	.LASF72
 793 0553 09       		.byte	0x9
 794 0554 4B       		.byte	0x4b
 795 0555 97000000 		.4byte	0x97
 796 0559 03       		.uleb128 0x3
 797 055a 6C000000 		.4byte	.LASF73
 798 055e 09       		.byte	0x9
 799 055f 4D       		.byte	0x4d
 800 0560 64050000 		.4byte	0x564
 801 0564 07       		.uleb128 0x7
 802 0565 04       		.byte	0x4
 803 0566 6A050000 		.4byte	0x56a
 804 056a 11       		.uleb128 0x11
 805 056b 83050000 		.4byte	0x583
 806 056f 83050000 		.4byte	0x583
 807 0573 12       		.uleb128 0x12
 808 0574 8A050000 		.4byte	0x58a
 809 0578 12       		.uleb128 0x12
 810 0579 AE060000 		.4byte	0x6ae
 811 057d 12       		.uleb128 0x12
 812 057e 4E050000 		.4byte	0x54e
 813 0582 00       		.byte	0
 814 0583 02       		.uleb128 0x2
 815 0584 01       		.byte	0x1
 816 0585 02       		.byte	0x2
 817 0586 F6040000 		.4byte	.LASF74
 818 058a 07       		.uleb128 0x7
 819 058b 04       		.byte	0x4
 820 058c 90050000 		.4byte	0x590
 821 0590 0F       		.uleb128 0xf
 822 0591 4F050000 		.4byte	.LASF76
 823 0595 48       		.byte	0x48
 824 0596 09       		.byte	0x9
 825 0597 9D       		.byte	0x9d
 826 0598 AE060000 		.4byte	0x6ae
 827 059c 0E       		.uleb128 0xe
 828 059d 70617200 		.ascii	"par\000"
 829 05a1 09       		.byte	0x9
 830 05a2 9F       		.byte	0x9f
 831 05a3 8A050000 		.4byte	0x58a
 832 05a7 00       		.byte	0
 833 05a8 06       		.uleb128 0x6
 834 05a9 53070000 		.4byte	.LASF77
 835 05ad 09       		.byte	0x9
 836 05ae A0       		.byte	0xa0
 837 05af 08010000 		.4byte	0x108
 838 05b3 04       		.byte	0x4
 839 05b4 06       		.uleb128 0x6
 840 05b5 B0060000 		.4byte	.LASF78
 841 05b9 09       		.byte	0x9
 842 05ba A2       		.byte	0xa2
 843 05bb D3010000 		.4byte	0x1d3
 844 05bf 10       		.byte	0x10
 845 05c0 06       		.uleb128 0x6
 846 05c1 AD030000 		.4byte	.LASF79
 847 05c5 09       		.byte	0x9
 848 05c6 A4       		.byte	0xa4
ARM GAS  C:\Users\Sava\AppData\Local\Temp\ccKf6xlC.s 			page 17


 849 05c7 CF060000 		.4byte	0x6cf
 850 05cb 18       		.byte	0x18
 851 05cc 06       		.uleb128 0x6
 852 05cd 00020000 		.4byte	.LASF80
 853 05d1 09       		.byte	0x9
 854 05d2 A5       		.byte	0xa5
 855 05d3 59050000 		.4byte	0x559
 856 05d7 1C       		.byte	0x1c
 857 05d8 06       		.uleb128 0x6
 858 05d9 E0030000 		.4byte	.LASF81
 859 05dd 09       		.byte	0x9
 860 05de A7       		.byte	0xa7
 861 05df 13010000 		.4byte	0x113
 862 05e3 20       		.byte	0x20
 863 05e4 06       		.uleb128 0x6
 864 05e5 B0000000 		.4byte	.LASF82
 865 05e9 09       		.byte	0x9
 866 05ea A8       		.byte	0xa8
 867 05eb 48050000 		.4byte	0x548
 868 05ef 24       		.byte	0x24
 869 05f0 06       		.uleb128 0x6
 870 05f1 B9030000 		.4byte	.LASF83
 871 05f5 09       		.byte	0x9
 872 05f6 AB       		.byte	0xab
 873 05f7 13010000 		.4byte	0x113
 874 05fb 28       		.byte	0x28
 875 05fc 06       		.uleb128 0x6
 876 05fd 8D060000 		.4byte	.LASF84
 877 0601 09       		.byte	0x9
 878 0602 AF       		.byte	0xaf
 879 0603 13010000 		.4byte	0x113
 880 0607 2C       		.byte	0x2c
 881 0608 09       		.uleb128 0x9
 882 0609 51000000 		.4byte	.LASF85
 883 060d 09       		.byte	0x9
 884 060e B2       		.byte	0xb2
 885 060f 97000000 		.4byte	0x97
 886 0613 01       		.byte	0x1
 887 0614 01       		.byte	0x1
 888 0615 07       		.byte	0x7
 889 0616 30       		.byte	0x30
 890 0617 09       		.uleb128 0x9
 891 0618 95060000 		.4byte	.LASF86
 892 061c 09       		.byte	0x9
 893 061d B3       		.byte	0xb3
 894 061e 97000000 		.4byte	0x97
 895 0622 01       		.byte	0x1
 896 0623 01       		.byte	0x1
 897 0624 06       		.byte	0x6
 898 0625 30       		.byte	0x30
 899 0626 09       		.uleb128 0x9
 900 0627 31040000 		.4byte	.LASF87
 901 062b 09       		.byte	0x9
 902 062c B4       		.byte	0xb4
 903 062d 97000000 		.4byte	0x97
 904 0631 01       		.byte	0x1
 905 0632 01       		.byte	0x1
ARM GAS  C:\Users\Sava\AppData\Local\Temp\ccKf6xlC.s 			page 18


 906 0633 05       		.byte	0x5
 907 0634 30       		.byte	0x30
 908 0635 09       		.uleb128 0x9
 909 0636 2B070000 		.4byte	.LASF88
 910 063a 09       		.byte	0x9
 911 063b B5       		.byte	0xb5
 912 063c 97000000 		.4byte	0x97
 913 0640 01       		.byte	0x1
 914 0641 01       		.byte	0x1
 915 0642 04       		.byte	0x4
 916 0643 30       		.byte	0x30
 917 0644 09       		.uleb128 0x9
 918 0645 6C010000 		.4byte	.LASF89
 919 0649 09       		.byte	0x9
 920 064a B6       		.byte	0xb6
 921 064b 97000000 		.4byte	0x97
 922 064f 01       		.byte	0x1
 923 0650 01       		.byte	0x1
 924 0651 03       		.byte	0x3
 925 0652 30       		.byte	0x30
 926 0653 0A       		.uleb128 0xa
 927 0654 746F7000 		.ascii	"top\000"
 928 0658 09       		.byte	0x9
 929 0659 B7       		.byte	0xb7
 930 065a 97000000 		.4byte	0x97
 931 065e 01       		.byte	0x1
 932 065f 01       		.byte	0x1
 933 0660 02       		.byte	0x2
 934 0661 30       		.byte	0x30
 935 0662 09       		.uleb128 0x9
 936 0663 FC040000 		.4byte	.LASF90
 937 0667 09       		.byte	0x9
 938 0668 B8       		.byte	0xb8
 939 0669 97000000 		.4byte	0x97
 940 066d 01       		.byte	0x1
 941 066e 01       		.byte	0x1
 942 066f 01       		.byte	0x1
 943 0670 30       		.byte	0x30
 944 0671 06       		.uleb128 0x6
 945 0672 23070000 		.4byte	.LASF91
 946 0676 09       		.byte	0x9
 947 0677 B9       		.byte	0xb9
 948 0678 97000000 		.4byte	0x97
 949 067c 31       		.byte	0x31
 950 067d 06       		.uleb128 0x6
 951 067e FA020000 		.4byte	.LASF92
 952 0682 09       		.byte	0x9
 953 0683 BA       		.byte	0xba
 954 0684 7A010000 		.4byte	0x17a
 955 0688 32       		.byte	0x32
 956 0689 06       		.uleb128 0x6
 957 068a 93020000 		.4byte	.LASF93
 958 068e 09       		.byte	0x9
 959 068f BC       		.byte	0xbc
 960 0690 93010000 		.4byte	0x193
 961 0694 34       		.byte	0x34
 962 0695 06       		.uleb128 0x6
ARM GAS  C:\Users\Sava\AppData\Local\Temp\ccKf6xlC.s 			page 19


 963 0696 E3020000 		.4byte	.LASF94
 964 069a 09       		.byte	0x9
 965 069b BE       		.byte	0xbe
 966 069c F1070000 		.4byte	0x7f1
 967 06a0 38       		.byte	0x38
 968 06a1 06       		.uleb128 0x6
 969 06a2 7D000000 		.4byte	.LASF95
 970 06a6 09       		.byte	0x9
 971 06a7 C2       		.byte	0xc2
 972 06a8 B8000000 		.4byte	0xb8
 973 06ac 44       		.byte	0x44
 974 06ad 00       		.byte	0
 975 06ae 07       		.uleb128 0x7
 976 06af 04       		.byte	0x4
 977 06b0 B4060000 		.4byte	0x6b4
 978 06b4 10       		.uleb128 0x10
 979 06b5 D3010000 		.4byte	0x1d3
 980 06b9 03       		.uleb128 0x3
 981 06ba 31020000 		.4byte	.LASF96
 982 06be 09       		.byte	0x9
 983 06bf 54       		.byte	0x54
 984 06c0 97000000 		.4byte	0x97
 985 06c4 03       		.uleb128 0x3
 986 06c5 81060000 		.4byte	.LASF97
 987 06c9 09       		.byte	0x9
 988 06ca 73       		.byte	0x73
 989 06cb 97000000 		.4byte	0x97
 990 06cf 03       		.uleb128 0x3
 991 06d0 CF030000 		.4byte	.LASF98
 992 06d4 09       		.byte	0x9
 993 06d5 75       		.byte	0x75
 994 06d6 DA060000 		.4byte	0x6da
 995 06da 07       		.uleb128 0x7
 996 06db 04       		.byte	0x4
 997 06dc E0060000 		.4byte	0x6e0
 998 06e0 11       		.uleb128 0x11
 999 06e1 B9060000 		.4byte	0x6b9
 1000 06e5 F9060000 		.4byte	0x6f9
 1001 06e9 12       		.uleb128 0x12
 1002 06ea 8A050000 		.4byte	0x58a
 1003 06ee 12       		.uleb128 0x12
 1004 06ef C4060000 		.4byte	0x6c4
 1005 06f3 12       		.uleb128 0x12
 1006 06f4 13010000 		.4byte	0x113
 1007 06f8 00       		.byte	0
 1008 06f9 13       		.uleb128 0x13
 1009 06fa 01       		.byte	0x1
 1010 06fb 37000000 		.4byte	0x37
 1011 06ff 09       		.byte	0x9
 1012 0700 78       		.byte	0x78
 1013 0701 84070000 		.4byte	0x784
 1014 0705 14       		.uleb128 0x14
 1015 0706 0A040000 		.4byte	.LASF99
 1016 070a 00       		.byte	0
 1017 070b 14       		.uleb128 0x14
 1018 070c 98030000 		.4byte	.LASF100
 1019 0710 01       		.byte	0x1
ARM GAS  C:\Users\Sava\AppData\Local\Temp\ccKf6xlC.s 			page 20


 1020 0711 14       		.uleb128 0x14
 1021 0712 40020000 		.4byte	.LASF101
 1022 0716 02       		.byte	0x2
 1023 0717 14       		.uleb128 0x14
 1024 0718 F7050000 		.4byte	.LASF102
 1025 071c 03       		.byte	0x3
 1026 071d 14       		.uleb128 0x14
 1027 071e 59050000 		.4byte	.LASF103
 1028 0722 04       		.byte	0x4
 1029 0723 14       		.uleb128 0x14
 1030 0724 79050000 		.4byte	.LASF104
 1031 0728 05       		.byte	0x5
 1032 0729 14       		.uleb128 0x14
 1033 072a A3010000 		.4byte	.LASF105
 1034 072e 06       		.byte	0x6
 1035 072f 14       		.uleb128 0x14
 1036 0730 2F000000 		.4byte	.LASF106
 1037 0734 07       		.byte	0x7
 1038 0735 14       		.uleb128 0x14
 1039 0736 37070000 		.4byte	.LASF107
 1040 073a 08       		.byte	0x8
 1041 073b 14       		.uleb128 0x14
 1042 073c 32010000 		.4byte	.LASF108
 1043 0740 09       		.byte	0x9
 1044 0741 14       		.uleb128 0x14
 1045 0742 61060000 		.4byte	.LASF109
 1046 0746 0A       		.byte	0xa
 1047 0747 14       		.uleb128 0x14
 1048 0748 54020000 		.4byte	.LASF110
 1049 074c 0B       		.byte	0xb
 1050 074d 14       		.uleb128 0x14
 1051 074e E7010000 		.4byte	.LASF111
 1052 0752 0C       		.byte	0xc
 1053 0753 14       		.uleb128 0x14
 1054 0754 6B030000 		.4byte	.LASF112
 1055 0758 0D       		.byte	0xd
 1056 0759 14       		.uleb128 0x14
 1057 075a 96000000 		.4byte	.LASF113
 1058 075e 0E       		.byte	0xe
 1059 075f 14       		.uleb128 0x14
 1060 0760 48010000 		.4byte	.LASF114
 1061 0764 0F       		.byte	0xf
 1062 0765 14       		.uleb128 0x14
 1063 0766 F4030000 		.4byte	.LASF115
 1064 076a 10       		.byte	0x10
 1065 076b 14       		.uleb128 0x14
 1066 076c DD040000 		.4byte	.LASF116
 1067 0770 11       		.byte	0x11
 1068 0771 14       		.uleb128 0x14
 1069 0772 B8000000 		.4byte	.LASF117
 1070 0776 12       		.byte	0x12
 1071 0777 14       		.uleb128 0x14
 1072 0778 4F030000 		.4byte	.LASF118
 1073 077c 13       		.byte	0x13
 1074 077d 14       		.uleb128 0x14
 1075 077e 0D060000 		.4byte	.LASF119
 1076 0782 14       		.byte	0x14
ARM GAS  C:\Users\Sava\AppData\Local\Temp\ccKf6xlC.s 			page 21


 1077 0783 00       		.byte	0
 1078 0784 03       		.uleb128 0x3
 1079 0785 86000000 		.4byte	.LASF120
 1080 0789 09       		.byte	0x9
 1081 078a 8F       		.byte	0x8f
 1082 078b 97000000 		.4byte	0x97
 1083 078f 05       		.uleb128 0x5
 1084 0790 0C       		.byte	0xc
 1085 0791 09       		.byte	0x9
 1086 0792 92       		.byte	0x92
 1087 0793 E6070000 		.4byte	0x7e6
 1088 0797 06       		.uleb128 0x6
 1089 0798 10030000 		.4byte	.LASF121
 1090 079c 09       		.byte	0x9
 1091 079d 93       		.byte	0x93
 1092 079e E6070000 		.4byte	0x7e6
 1093 07a2 00       		.byte	0
 1094 07a3 06       		.uleb128 0x6
 1095 07a4 66030000 		.4byte	.LASF122
 1096 07a8 09       		.byte	0x9
 1097 07a9 94       		.byte	0x94
 1098 07aa 93010000 		.4byte	0x193
 1099 07ae 04       		.byte	0x4
 1100 07af 06       		.uleb128 0x6
 1101 07b0 17050000 		.4byte	.LASF123
 1102 07b4 09       		.byte	0x9
 1103 07b5 95       		.byte	0x95
 1104 07b6 93010000 		.4byte	0x193
 1105 07ba 06       		.byte	0x6
 1106 07bb 06       		.uleb128 0x6
 1107 07bc 3A020000 		.4byte	.LASF124
 1108 07c0 09       		.byte	0x9
 1109 07c1 96       		.byte	0x96
 1110 07c2 84070000 		.4byte	0x784
 1111 07c6 08       		.byte	0x8
 1112 07c7 09       		.uleb128 0x9
 1113 07c8 73010000 		.4byte	.LASF125
 1114 07cc 09       		.byte	0x9
 1115 07cd 97       		.byte	0x97
 1116 07ce 97000000 		.4byte	0x97
 1117 07d2 01       		.byte	0x1
 1118 07d3 01       		.byte	0x1
 1119 07d4 07       		.byte	0x7
 1120 07d5 09       		.byte	0x9
 1121 07d6 09       		.uleb128 0x9
 1122 07d7 A4060000 		.4byte	.LASF126
 1123 07db 09       		.byte	0x9
 1124 07dc 98       		.byte	0x98
 1125 07dd 97000000 		.4byte	0x97
 1126 07e1 01       		.byte	0x1
 1127 07e2 01       		.byte	0x1
 1128 07e3 06       		.byte	0x6
 1129 07e4 09       		.byte	0x9
 1130 07e5 00       		.byte	0
 1131 07e6 07       		.uleb128 0x7
 1132 07e7 04       		.byte	0x4
 1133 07e8 EC070000 		.4byte	0x7ec
ARM GAS  C:\Users\Sava\AppData\Local\Temp\ccKf6xlC.s 			page 22


 1134 07ec 10       		.uleb128 0x10
 1135 07ed 90050000 		.4byte	0x590
 1136 07f1 03       		.uleb128 0x3
 1137 07f2 27060000 		.4byte	.LASF127
 1138 07f6 09       		.byte	0x9
 1139 07f7 99       		.byte	0x99
 1140 07f8 8F070000 		.4byte	0x78f
 1141 07fc 03       		.uleb128 0x3
 1142 07fd 9C020000 		.4byte	.LASF128
 1143 0801 09       		.byte	0x9
 1144 0802 C4       		.byte	0xc4
 1145 0803 90050000 		.4byte	0x590
 1146 0807 07       		.uleb128 0x7
 1147 0808 04       		.byte	0x4
 1148 0809 FC070000 		.4byte	0x7fc
 1149 080d 15       		.uleb128 0x15
 1150 080e 00000000 		.4byte	.LASF133
 1151 0812 01       		.byte	0x1
 1152 0813 31       		.byte	0x31
 1153 0814 00000000 		.4byte	.LFB107
 1154 0818 3C000000 		.4byte	.LFE107-.LFB107
 1155 081c 01       		.uleb128 0x1
 1156 081d 9C       		.byte	0x9c
 1157 081e 16       		.uleb128 0x16
 1158 081f 55060000 		.4byte	.LASF134
 1159 0823 01       		.byte	0x1
 1160 0824 34       		.byte	0x34
 1161 0825 07080000 		.4byte	0x807
 1162 0829 02       		.uleb128 0x2
 1163 082a 91       		.byte	0x91
 1164 082b 74       		.sleb128 -12
 1165 082c 00       		.byte	0
 1166 082d 00       		.byte	0
 1167              		.section	.debug_abbrev,"",%progbits
 1168              	.Ldebug_abbrev0:
 1169 0000 01       		.uleb128 0x1
 1170 0001 11       		.uleb128 0x11
 1171 0002 01       		.byte	0x1
 1172 0003 25       		.uleb128 0x25
 1173 0004 0E       		.uleb128 0xe
 1174 0005 13       		.uleb128 0x13
 1175 0006 0B       		.uleb128 0xb
 1176 0007 03       		.uleb128 0x3
 1177 0008 0E       		.uleb128 0xe
 1178 0009 1B       		.uleb128 0x1b
 1179 000a 0E       		.uleb128 0xe
 1180 000b 55       		.uleb128 0x55
 1181 000c 17       		.uleb128 0x17
 1182 000d 11       		.uleb128 0x11
 1183 000e 01       		.uleb128 0x1
 1184 000f 10       		.uleb128 0x10
 1185 0010 17       		.uleb128 0x17
 1186 0011 00       		.byte	0
 1187 0012 00       		.byte	0
 1188 0013 02       		.uleb128 0x2
 1189 0014 24       		.uleb128 0x24
 1190 0015 00       		.byte	0
ARM GAS  C:\Users\Sava\AppData\Local\Temp\ccKf6xlC.s 			page 23


 1191 0016 0B       		.uleb128 0xb
 1192 0017 0B       		.uleb128 0xb
 1193 0018 3E       		.uleb128 0x3e
 1194 0019 0B       		.uleb128 0xb
 1195 001a 03       		.uleb128 0x3
 1196 001b 0E       		.uleb128 0xe
 1197 001c 00       		.byte	0
 1198 001d 00       		.byte	0
 1199 001e 03       		.uleb128 0x3
 1200 001f 16       		.uleb128 0x16
 1201 0020 00       		.byte	0
 1202 0021 03       		.uleb128 0x3
 1203 0022 0E       		.uleb128 0xe
 1204 0023 3A       		.uleb128 0x3a
 1205 0024 0B       		.uleb128 0xb
 1206 0025 3B       		.uleb128 0x3b
 1207 0026 0B       		.uleb128 0xb
 1208 0027 49       		.uleb128 0x49
 1209 0028 13       		.uleb128 0x13
 1210 0029 00       		.byte	0
 1211 002a 00       		.byte	0
 1212 002b 04       		.uleb128 0x4
 1213 002c 24       		.uleb128 0x24
 1214 002d 00       		.byte	0
 1215 002e 0B       		.uleb128 0xb
 1216 002f 0B       		.uleb128 0xb
 1217 0030 3E       		.uleb128 0x3e
 1218 0031 0B       		.uleb128 0xb
 1219 0032 03       		.uleb128 0x3
 1220 0033 08       		.uleb128 0x8
 1221 0034 00       		.byte	0
 1222 0035 00       		.byte	0
 1223 0036 05       		.uleb128 0x5
 1224 0037 13       		.uleb128 0x13
 1225 0038 01       		.byte	0x1
 1226 0039 0B       		.uleb128 0xb
 1227 003a 0B       		.uleb128 0xb
 1228 003b 3A       		.uleb128 0x3a
 1229 003c 0B       		.uleb128 0xb
 1230 003d 3B       		.uleb128 0x3b
 1231 003e 0B       		.uleb128 0xb
 1232 003f 01       		.uleb128 0x1
 1233 0040 13       		.uleb128 0x13
 1234 0041 00       		.byte	0
 1235 0042 00       		.byte	0
 1236 0043 06       		.uleb128 0x6
 1237 0044 0D       		.uleb128 0xd
 1238 0045 00       		.byte	0
 1239 0046 03       		.uleb128 0x3
 1240 0047 0E       		.uleb128 0xe
 1241 0048 3A       		.uleb128 0x3a
 1242 0049 0B       		.uleb128 0xb
 1243 004a 3B       		.uleb128 0x3b
 1244 004b 0B       		.uleb128 0xb
 1245 004c 49       		.uleb128 0x49
 1246 004d 13       		.uleb128 0x13
 1247 004e 38       		.uleb128 0x38
ARM GAS  C:\Users\Sava\AppData\Local\Temp\ccKf6xlC.s 			page 24


 1248 004f 0B       		.uleb128 0xb
 1249 0050 00       		.byte	0
 1250 0051 00       		.byte	0
 1251 0052 07       		.uleb128 0x7
 1252 0053 0F       		.uleb128 0xf
 1253 0054 00       		.byte	0
 1254 0055 0B       		.uleb128 0xb
 1255 0056 0B       		.uleb128 0xb
 1256 0057 49       		.uleb128 0x49
 1257 0058 13       		.uleb128 0x13
 1258 0059 00       		.byte	0
 1259 005a 00       		.byte	0
 1260 005b 08       		.uleb128 0x8
 1261 005c 0F       		.uleb128 0xf
 1262 005d 00       		.byte	0
 1263 005e 0B       		.uleb128 0xb
 1264 005f 0B       		.uleb128 0xb
 1265 0060 00       		.byte	0
 1266 0061 00       		.byte	0
 1267 0062 09       		.uleb128 0x9
 1268 0063 0D       		.uleb128 0xd
 1269 0064 00       		.byte	0
 1270 0065 03       		.uleb128 0x3
 1271 0066 0E       		.uleb128 0xe
 1272 0067 3A       		.uleb128 0x3a
 1273 0068 0B       		.uleb128 0xb
 1274 0069 3B       		.uleb128 0x3b
 1275 006a 0B       		.uleb128 0xb
 1276 006b 49       		.uleb128 0x49
 1277 006c 13       		.uleb128 0x13
 1278 006d 0B       		.uleb128 0xb
 1279 006e 0B       		.uleb128 0xb
 1280 006f 0D       		.uleb128 0xd
 1281 0070 0B       		.uleb128 0xb
 1282 0071 0C       		.uleb128 0xc
 1283 0072 0B       		.uleb128 0xb
 1284 0073 38       		.uleb128 0x38
 1285 0074 0B       		.uleb128 0xb
 1286 0075 00       		.byte	0
 1287 0076 00       		.byte	0
 1288 0077 0A       		.uleb128 0xa
 1289 0078 0D       		.uleb128 0xd
 1290 0079 00       		.byte	0
 1291 007a 03       		.uleb128 0x3
 1292 007b 08       		.uleb128 0x8
 1293 007c 3A       		.uleb128 0x3a
 1294 007d 0B       		.uleb128 0xb
 1295 007e 3B       		.uleb128 0x3b
 1296 007f 0B       		.uleb128 0xb
 1297 0080 49       		.uleb128 0x49
 1298 0081 13       		.uleb128 0x13
 1299 0082 0B       		.uleb128 0xb
 1300 0083 0B       		.uleb128 0xb
 1301 0084 0D       		.uleb128 0xd
 1302 0085 0B       		.uleb128 0xb
 1303 0086 0C       		.uleb128 0xc
 1304 0087 0B       		.uleb128 0xb
ARM GAS  C:\Users\Sava\AppData\Local\Temp\ccKf6xlC.s 			page 25


 1305 0088 38       		.uleb128 0x38
 1306 0089 0B       		.uleb128 0xb
 1307 008a 00       		.byte	0
 1308 008b 00       		.byte	0
 1309 008c 0B       		.uleb128 0xb
 1310 008d 17       		.uleb128 0x17
 1311 008e 01       		.byte	0x1
 1312 008f 0B       		.uleb128 0xb
 1313 0090 0B       		.uleb128 0xb
 1314 0091 3A       		.uleb128 0x3a
 1315 0092 0B       		.uleb128 0xb
 1316 0093 3B       		.uleb128 0x3b
 1317 0094 0B       		.uleb128 0xb
 1318 0095 01       		.uleb128 0x1
 1319 0096 13       		.uleb128 0x13
 1320 0097 00       		.byte	0
 1321 0098 00       		.byte	0
 1322 0099 0C       		.uleb128 0xc
 1323 009a 0D       		.uleb128 0xd
 1324 009b 00       		.byte	0
 1325 009c 49       		.uleb128 0x49
 1326 009d 13       		.uleb128 0x13
 1327 009e 00       		.byte	0
 1328 009f 00       		.byte	0
 1329 00a0 0D       		.uleb128 0xd
 1330 00a1 0D       		.uleb128 0xd
 1331 00a2 00       		.byte	0
 1332 00a3 03       		.uleb128 0x3
 1333 00a4 0E       		.uleb128 0xe
 1334 00a5 3A       		.uleb128 0x3a
 1335 00a6 0B       		.uleb128 0xb
 1336 00a7 3B       		.uleb128 0x3b
 1337 00a8 0B       		.uleb128 0xb
 1338 00a9 49       		.uleb128 0x49
 1339 00aa 13       		.uleb128 0x13
 1340 00ab 00       		.byte	0
 1341 00ac 00       		.byte	0
 1342 00ad 0E       		.uleb128 0xe
 1343 00ae 0D       		.uleb128 0xd
 1344 00af 00       		.byte	0
 1345 00b0 03       		.uleb128 0x3
 1346 00b1 08       		.uleb128 0x8
 1347 00b2 3A       		.uleb128 0x3a
 1348 00b3 0B       		.uleb128 0xb
 1349 00b4 3B       		.uleb128 0x3b
 1350 00b5 0B       		.uleb128 0xb
 1351 00b6 49       		.uleb128 0x49
 1352 00b7 13       		.uleb128 0x13
 1353 00b8 38       		.uleb128 0x38
 1354 00b9 0B       		.uleb128 0xb
 1355 00ba 00       		.byte	0
 1356 00bb 00       		.byte	0
 1357 00bc 0F       		.uleb128 0xf
 1358 00bd 13       		.uleb128 0x13
 1359 00be 01       		.byte	0x1
 1360 00bf 03       		.uleb128 0x3
 1361 00c0 0E       		.uleb128 0xe
ARM GAS  C:\Users\Sava\AppData\Local\Temp\ccKf6xlC.s 			page 26


 1362 00c1 0B       		.uleb128 0xb
 1363 00c2 0B       		.uleb128 0xb
 1364 00c3 3A       		.uleb128 0x3a
 1365 00c4 0B       		.uleb128 0xb
 1366 00c5 3B       		.uleb128 0x3b
 1367 00c6 0B       		.uleb128 0xb
 1368 00c7 01       		.uleb128 0x1
 1369 00c8 13       		.uleb128 0x13
 1370 00c9 00       		.byte	0
 1371 00ca 00       		.byte	0
 1372 00cb 10       		.uleb128 0x10
 1373 00cc 26       		.uleb128 0x26
 1374 00cd 00       		.byte	0
 1375 00ce 49       		.uleb128 0x49
 1376 00cf 13       		.uleb128 0x13
 1377 00d0 00       		.byte	0
 1378 00d1 00       		.byte	0
 1379 00d2 11       		.uleb128 0x11
 1380 00d3 15       		.uleb128 0x15
 1381 00d4 01       		.byte	0x1
 1382 00d5 27       		.uleb128 0x27
 1383 00d6 19       		.uleb128 0x19
 1384 00d7 49       		.uleb128 0x49
 1385 00d8 13       		.uleb128 0x13
 1386 00d9 01       		.uleb128 0x1
 1387 00da 13       		.uleb128 0x13
 1388 00db 00       		.byte	0
 1389 00dc 00       		.byte	0
 1390 00dd 12       		.uleb128 0x12
 1391 00de 05       		.uleb128 0x5
 1392 00df 00       		.byte	0
 1393 00e0 49       		.uleb128 0x49
 1394 00e1 13       		.uleb128 0x13
 1395 00e2 00       		.byte	0
 1396 00e3 00       		.byte	0
 1397 00e4 13       		.uleb128 0x13
 1398 00e5 04       		.uleb128 0x4
 1399 00e6 01       		.byte	0x1
 1400 00e7 0B       		.uleb128 0xb
 1401 00e8 0B       		.uleb128 0xb
 1402 00e9 49       		.uleb128 0x49
 1403 00ea 13       		.uleb128 0x13
 1404 00eb 3A       		.uleb128 0x3a
 1405 00ec 0B       		.uleb128 0xb
 1406 00ed 3B       		.uleb128 0x3b
 1407 00ee 0B       		.uleb128 0xb
 1408 00ef 01       		.uleb128 0x1
 1409 00f0 13       		.uleb128 0x13
 1410 00f1 00       		.byte	0
 1411 00f2 00       		.byte	0
 1412 00f3 14       		.uleb128 0x14
 1413 00f4 28       		.uleb128 0x28
 1414 00f5 00       		.byte	0
 1415 00f6 03       		.uleb128 0x3
 1416 00f7 0E       		.uleb128 0xe
 1417 00f8 1C       		.uleb128 0x1c
 1418 00f9 0B       		.uleb128 0xb
ARM GAS  C:\Users\Sava\AppData\Local\Temp\ccKf6xlC.s 			page 27


 1419 00fa 00       		.byte	0
 1420 00fb 00       		.byte	0
 1421 00fc 15       		.uleb128 0x15
 1422 00fd 2E       		.uleb128 0x2e
 1423 00fe 01       		.byte	0x1
 1424 00ff 3F       		.uleb128 0x3f
 1425 0100 19       		.uleb128 0x19
 1426 0101 03       		.uleb128 0x3
 1427 0102 0E       		.uleb128 0xe
 1428 0103 3A       		.uleb128 0x3a
 1429 0104 0B       		.uleb128 0xb
 1430 0105 3B       		.uleb128 0x3b
 1431 0106 0B       		.uleb128 0xb
 1432 0107 27       		.uleb128 0x27
 1433 0108 19       		.uleb128 0x19
 1434 0109 11       		.uleb128 0x11
 1435 010a 01       		.uleb128 0x1
 1436 010b 12       		.uleb128 0x12
 1437 010c 06       		.uleb128 0x6
 1438 010d 40       		.uleb128 0x40
 1439 010e 18       		.uleb128 0x18
 1440 010f 9642     		.uleb128 0x2116
 1441 0111 19       		.uleb128 0x19
 1442 0112 00       		.byte	0
 1443 0113 00       		.byte	0
 1444 0114 16       		.uleb128 0x16
 1445 0115 34       		.uleb128 0x34
 1446 0116 00       		.byte	0
 1447 0117 03       		.uleb128 0x3
 1448 0118 0E       		.uleb128 0xe
 1449 0119 3A       		.uleb128 0x3a
 1450 011a 0B       		.uleb128 0xb
 1451 011b 3B       		.uleb128 0x3b
 1452 011c 0B       		.uleb128 0xb
 1453 011d 49       		.uleb128 0x49
 1454 011e 13       		.uleb128 0x13
 1455 011f 02       		.uleb128 0x2
 1456 0120 18       		.uleb128 0x18
 1457 0121 00       		.byte	0
 1458 0122 00       		.byte	0
 1459 0123 00       		.byte	0
 1460              		.section	.debug_aranges,"",%progbits
 1461 0000 1C000000 		.4byte	0x1c
 1462 0004 0200     		.2byte	0x2
 1463 0006 00000000 		.4byte	.Ldebug_info0
 1464 000a 04       		.byte	0x4
 1465 000b 00       		.byte	0
 1466 000c 0000     		.2byte	0
 1467 000e 0000     		.2byte	0
 1468 0010 00000000 		.4byte	.LFB107
 1469 0014 3C000000 		.4byte	.LFE107-.LFB107
 1470 0018 00000000 		.4byte	0
 1471 001c 00000000 		.4byte	0
 1472              		.section	.debug_ranges,"",%progbits
 1473              	.Ldebug_ranges0:
 1474 0000 00000000 		.4byte	.LFB107
 1475 0004 3C000000 		.4byte	.LFE107
ARM GAS  C:\Users\Sava\AppData\Local\Temp\ccKf6xlC.s 			page 28


 1476 0008 00000000 		.4byte	0
 1477 000c 00000000 		.4byte	0
 1478              		.section	.debug_line,"",%progbits
 1479              	.Ldebug_line0:
 1480 0000 D2020000 		.section	.debug_str,"MS",%progbits,1
 1480      0200B902 
 1480      00000201 
 1480      FB0E0D00 
 1480      01010101 
 1481              	.LASF133:
 1482 0000 6C765F74 		.ascii	"lv_tutorial_hello_world\000"
 1482      75746F72 
 1482      69616C5F 
 1482      68656C6C 
 1482      6F5F776F 
 1483              	.LASF44:
 1484 0018 6D6F6E6F 		.ascii	"monospace\000"
 1484      73706163 
 1484      6500
 1485              	.LASF59:
 1486 0022 70616464 		.ascii	"padding\000"
 1486      696E6700 
 1487              	.LASF67:
 1488 002a 626F6479 		.ascii	"body\000"
 1488      00
 1489              	.LASF106:
 1490 002f 4C565F41 		.ascii	"LV_ALIGN_IN_LEFT_MID\000"
 1490      4C49474E 
 1490      5F494E5F 
 1490      4C454654 
 1490      5F4D4944 
 1491              	.LASF36:
 1492 0044 756E6963 		.ascii	"unicode_last\000"
 1492      6F64655F 
 1492      6C617374 
 1492      00
 1493              	.LASF85:
 1494 0051 636C6963 		.ascii	"click\000"
 1494      6B00
 1495              	.LASF26:
 1496 0057 6C765F63 		.ascii	"lv_color_t\000"
 1496      6F6C6F72 
 1496      5F7400
 1497              	.LASF2:
 1498 0062 5F5F7569 		.ascii	"__uint8_t\000"
 1498      6E74385F 
 1498      7400
 1499              	.LASF73:
 1500 006c 6C765F64 		.ascii	"lv_design_func_t\000"
 1500      65736967 
 1500      6E5F6675 
 1500      6E635F74 
 1500      00
 1501              	.LASF95:
 1502 007d 66726565 		.ascii	"free_num\000"
 1502      5F6E756D 
 1502      00
ARM GAS  C:\Users\Sava\AppData\Local\Temp\ccKf6xlC.s 			page 29


 1503              	.LASF120:
 1504 0086 6C765F61 		.ascii	"lv_align_t\000"
 1504      6C69676E 
 1504      5F7400
 1505              	.LASF52:
 1506 0091 74797065 		.ascii	"type\000"
 1506      00
 1507              	.LASF113:
 1508 0096 4C565F41 		.ascii	"LV_ALIGN_OUT_BOTTOM_RIGHT\000"
 1508      4C49474E 
 1508      5F4F5554 
 1508      5F424F54 
 1508      544F4D5F 
 1509              	.LASF82:
 1510 00b0 7374796C 		.ascii	"style_p\000"
 1510      655F7000 
 1511              	.LASF117:
 1512 00b8 4C565F41 		.ascii	"LV_ALIGN_OUT_RIGHT_TOP\000"
 1512      4C49474E 
 1512      5F4F5554 
 1512      5F524947 
 1512      48545F54 
 1513              	.LASF11:
 1514 00cf 6C6F6E67 		.ascii	"long long unsigned int\000"
 1514      206C6F6E 
 1514      6720756E 
 1514      7369676E 
 1514      65642069 
 1515              	.LASF46:
 1516 00e6 6C765F66 		.ascii	"lv_font_t\000"
 1516      6F6E745F 
 1516      7400
 1517              	.LASF19:
 1518 00f0 6E5F7369 		.ascii	"n_size\000"
 1518      7A6500
 1519              	.LASF22:
 1520 00f7 6C765F6C 		.ascii	"lv_ll_t\000"
 1520      6C5F7400 
 1521              	.LASF66:
 1522 00ff 676C6173 		.ascii	"glass\000"
 1522      7300
 1523              	.LASF30:
 1524 0105 6C765F63 		.ascii	"lv_coord_t\000"
 1524      6F6F7264 
 1524      5F7400
 1525              	.LASF14:
 1526 0110 696E7431 		.ascii	"int16_t\000"
 1526      365F7400 
 1527              	.LASF10:
 1528 0118 6C6F6E67 		.ascii	"long long int\000"
 1528      206C6F6E 
 1528      6720696E 
 1528      7400
 1529              	.LASF0:
 1530 0126 7369676E 		.ascii	"signed char\000"
 1530      65642063 
 1530      68617200 
ARM GAS  C:\Users\Sava\AppData\Local\Temp\ccKf6xlC.s 			page 30


 1531              	.LASF108:
 1532 0132 4C565F41 		.ascii	"LV_ALIGN_OUT_TOP_LEFT\000"
 1532      4C49474E 
 1532      5F4F5554 
 1532      5F544F50 
 1532      5F4C4546 
 1533              	.LASF114:
 1534 0148 4C565F41 		.ascii	"LV_ALIGN_OUT_LEFT_TOP\000"
 1534      4C49474E 
 1534      5F4F5554 
 1534      5F4C4546 
 1534      545F544F 
 1535              	.LASF35:
 1536 015e 756E6963 		.ascii	"unicode_first\000"
 1536      6F64655F 
 1536      66697273 
 1536      7400
 1537              	.LASF89:
 1538 016c 68696464 		.ascii	"hidden\000"
 1538      656E00
 1539              	.LASF125:
 1540 0173 6175746F 		.ascii	"auto_realign\000"
 1540      5F726561 
 1540      6C69676E 
 1540      00
 1541              	.LASF45:
 1542 0180 676C7970 		.ascii	"glyph_cnt\000"
 1542      685F636E 
 1542      7400
 1543              	.LASF60:
 1544 018a 656D7074 		.ascii	"empty\000"
 1544      7900
 1545              	.LASF31:
 1546 0190 6C765F61 		.ascii	"lv_area_t\000"
 1546      7265615F 
 1546      7400
 1547              	.LASF7:
 1548 019a 6C6F6E67 		.ascii	"long int\000"
 1548      20696E74 
 1548      00
 1549              	.LASF105:
 1550 01a3 4C565F41 		.ascii	"LV_ALIGN_IN_BOTTOM_RIGHT\000"
 1550      4C49474E 
 1550      5F494E5F 
 1550      424F5454 
 1550      4F4D5F52 
 1551              	.LASF34:
 1552 01bc 6C765F66 		.ascii	"lv_font_glyph_dsc_t\000"
 1552      6F6E745F 
 1552      676C7970 
 1552      685F6473 
 1552      635F7400 
 1553              	.LASF54:
 1554 01d0 6D61696E 		.ascii	"main_color\000"
 1554      5F636F6C 
 1554      6F7200
 1555              	.LASF33:
ARM GAS  C:\Users\Sava\AppData\Local\Temp\ccKf6xlC.s 			page 31


 1556 01db 676C7970 		.ascii	"glyph_index\000"
 1556      685F696E 
 1556      64657800 
 1557              	.LASF111:
 1558 01e7 4C565F41 		.ascii	"LV_ALIGN_OUT_BOTTOM_LEFT\000"
 1558      4C49474E 
 1558      5F4F5554 
 1558      5F424F54 
 1558      544F4D5F 
 1559              	.LASF80:
 1560 0200 64657369 		.ascii	"design_func\000"
 1560      676E5F66 
 1560      756E6300 
 1561              	.LASF70:
 1562 020c 6C696E65 		.ascii	"line\000"
 1562      00
 1563              	.LASF8:
 1564 0211 5F5F7569 		.ascii	"__uint32_t\000"
 1564      6E743332 
 1564      5F7400
 1565              	.LASF3:
 1566 021c 5F5F696E 		.ascii	"__int16_t\000"
 1566      7431365F 
 1566      7400
 1567              	.LASF40:
 1568 0226 6765745F 		.ascii	"get_bitmap\000"
 1568      6269746D 
 1568      617000
 1569              	.LASF96:
 1570 0231 6C765F72 		.ascii	"lv_res_t\000"
 1570      65735F74 
 1570      00
 1571              	.LASF124:
 1572 023a 616C6967 		.ascii	"align\000"
 1572      6E00
 1573              	.LASF101:
 1574 0240 4C565F41 		.ascii	"LV_ALIGN_IN_TOP_MID\000"
 1574      4C49474E 
 1574      5F494E5F 
 1574      544F505F 
 1574      4D494400 
 1575              	.LASF110:
 1576 0254 4C565F41 		.ascii	"LV_ALIGN_OUT_TOP_RIGHT\000"
 1576      4C49474E 
 1576      5F4F5554 
 1576      5F544F50 
 1576      5F524947 
 1577              	.LASF12:
 1578 026b 756E7369 		.ascii	"unsigned int\000"
 1578      676E6564 
 1578      20696E74 
 1578      00
 1579              	.LASF15:
 1580 0278 75696E74 		.ascii	"uint16_t\000"
 1580      31365F74 
 1580      00
 1581              	.LASF9:
ARM GAS  C:\Users\Sava\AppData\Local\Temp\ccKf6xlC.s 			page 32


 1582 0281 6C6F6E67 		.ascii	"long unsigned int\000"
 1582      20756E73 
 1582      69676E65 
 1582      6420696E 
 1582      7400
 1583              	.LASF93:
 1584 0293 6578745F 		.ascii	"ext_size\000"
 1584      73697A65 
 1584      00
 1585              	.LASF128:
 1586 029c 6C765F6F 		.ascii	"lv_obj_t\000"
 1586      626A5F74 
 1586      00
 1587              	.LASF50:
 1588 02a5 77696474 		.ascii	"width\000"
 1588      6800
 1589              	.LASF6:
 1590 02ab 73686F72 		.ascii	"short unsigned int\000"
 1590      7420756E 
 1590      7369676E 
 1590      65642069 
 1590      6E7400
 1591              	.LASF48:
 1592 02be 6C765F73 		.ascii	"lv_shadow_type_t\000"
 1592      6861646F 
 1592      775F7479 
 1592      70655F74 
 1592      00
 1593              	.LASF58:
 1594 02cf 73686164 		.ascii	"shadow\000"
 1594      6F7700
 1595              	.LASF37:
 1596 02d6 676C7970 		.ascii	"glyph_bitmap\000"
 1596      685F6269 
 1596      746D6170 
 1596      00
 1597              	.LASF94:
 1598 02e3 7265616C 		.ascii	"realign\000"
 1598      69676E00 
 1599              	.LASF27:
 1600 02eb 6C765F6F 		.ascii	"lv_opa_t\000"
 1600      70615F74 
 1600      00
 1601              	.LASF49:
 1602 02f4 636F6C6F 		.ascii	"color\000"
 1602      7200
 1603              	.LASF92:
 1604 02fa 6F70615F 		.ascii	"opa_scale\000"
 1604      7363616C 
 1604      6500
 1605              	.LASF56:
 1606 0304 72616469 		.ascii	"radius\000"
 1606      757300
 1607              	.LASF32:
 1608 030b 775F7078 		.ascii	"w_px\000"
 1608      00
 1609              	.LASF121:
ARM GAS  C:\Users\Sava\AppData\Local\Temp\ccKf6xlC.s 			page 33


 1610 0310 62617365 		.ascii	"base\000"
 1610      00
 1611              	.LASF42:
 1612 0315 6E657874 		.ascii	"next_page\000"
 1612      5F706167 
 1612      6500
 1613              	.LASF72:
 1614 031f 6C765F64 		.ascii	"lv_design_mode_t\000"
 1614      65736967 
 1614      6E5F6D6F 
 1614      64655F74 
 1614      00
 1615              	.LASF21:
 1616 0330 7461696C 		.ascii	"tail\000"
 1616      00
 1617              	.LASF28:
 1618 0335 73697A65 		.ascii	"sizetype\000"
 1618      74797065 
 1618      00
 1619              	.LASF17:
 1620 033e 6C6F6E67 		.ascii	"long double\000"
 1620      20646F75 
 1620      626C6500 
 1621              	.LASF132:
 1622 034a 66756C6C 		.ascii	"full\000"
 1622      00
 1623              	.LASF118:
 1624 034f 4C565F41 		.ascii	"LV_ALIGN_OUT_RIGHT_MID\000"
 1624      4C49474E 
 1624      5F4F5554 
 1624      5F524947 
 1624      48545F4D 
 1625              	.LASF122:
 1626 0366 786F6673 		.ascii	"xofs\000"
 1626      00
 1627              	.LASF112:
 1628 036b 4C565F41 		.ascii	"LV_ALIGN_OUT_BOTTOM_MID\000"
 1628      4C49474E 
 1628      5F4F5554 
 1628      5F424F54 
 1628      544F4D5F 
 1629              	.LASF62:
 1630 0383 6C657474 		.ascii	"letter_space\000"
 1630      65725F73 
 1630      70616365 
 1630      00
 1631              	.LASF65:
 1632 0390 726F756E 		.ascii	"rounded\000"
 1632      64656400 
 1633              	.LASF100:
 1634 0398 4C565F41 		.ascii	"LV_ALIGN_IN_TOP_LEFT\000"
 1634      4C49474E 
 1634      5F494E5F 
 1634      544F505F 
 1634      4C454654 
 1635              	.LASF79:
 1636 03ad 7369676E 		.ascii	"signal_func\000"
ARM GAS  C:\Users\Sava\AppData\Local\Temp\ccKf6xlC.s 			page 34


 1636      616C5F66 
 1636      756E6300 
 1637              	.LASF83:
 1638 03b9 66726565 		.ascii	"free_ptr\000"
 1638      5F707472 
 1638      00
 1639              	.LASF39:
 1640 03c2 756E6963 		.ascii	"unicode_list\000"
 1640      6F64655F 
 1640      6C697374 
 1640      00
 1641              	.LASF98:
 1642 03cf 6C765F73 		.ascii	"lv_signal_func_t\000"
 1642      69676E61 
 1642      6C5F6675 
 1642      6E635F74 
 1642      00
 1643              	.LASF81:
 1644 03e0 6578745F 		.ascii	"ext_attr\000"
 1644      61747472 
 1644      00
 1645              	.LASF63:
 1646 03e9 6C696E65 		.ascii	"line_space\000"
 1646      5F737061 
 1646      636500
 1647              	.LASF115:
 1648 03f4 4C565F41 		.ascii	"LV_ALIGN_OUT_LEFT_MID\000"
 1648      4C49474E 
 1648      5F4F5554 
 1648      5F4C4546 
 1648      545F4D49 
 1649              	.LASF99:
 1650 040a 4C565F41 		.ascii	"LV_ALIGN_CENTER\000"
 1650      4C49474E 
 1650      5F43454E 
 1650      54455200 
 1651              	.LASF25:
 1652 041a 6C765F63 		.ascii	"lv_color16_t\000"
 1652      6F6C6F72 
 1652      31365F74 
 1652      00
 1653              	.LASF38:
 1654 0427 676C7970 		.ascii	"glyph_dsc\000"
 1654      685F6473 
 1654      6300
 1655              	.LASF87:
 1656 0431 64726167 		.ascii	"drag_throw\000"
 1656      5F746872 
 1656      6F7700
 1657              	.LASF129:
 1658 043c 474E5520 		.ascii	"GNU C11 5.4.1 20160609 (release) [ARM/embedded-5-br"
 1658      43313120 
 1658      352E342E 
 1658      31203230 
 1658      31363036 
 1659 046f 616E6368 		.ascii	"anch revision 237715] -mcpu=cortex-m3 -mthumb -g -O"
 1659      20726576 
ARM GAS  C:\Users\Sava\AppData\Local\Temp\ccKf6xlC.s 			page 35


 1659      6973696F 
 1659      6E203233 
 1659      37373135 
 1660 04a2 30202D66 		.ascii	"0 -ffunction-sections -ffat-lto-objects -finline-fu"
 1660      66756E63 
 1660      74696F6E 
 1660      2D736563 
 1660      74696F6E 
 1661 04d5 6E637469 		.ascii	"nctions\000"
 1661      6F6E7300 
 1662              	.LASF116:
 1663 04dd 4C565F41 		.ascii	"LV_ALIGN_OUT_LEFT_BOTTOM\000"
 1663      4C49474E 
 1663      5F4F5554 
 1663      5F4C4546 
 1663      545F424F 
 1664              	.LASF74:
 1665 04f6 5F426F6F 		.ascii	"_Bool\000"
 1665      6C00
 1666              	.LASF90:
 1667 04fc 6F70615F 		.ascii	"opa_scale_en\000"
 1667      7363616C 
 1667      655F656E 
 1667      00
 1668              	.LASF1:
 1669 0509 756E7369 		.ascii	"unsigned char\000"
 1669      676E6564 
 1669      20636861 
 1669      7200
 1670              	.LASF123:
 1671 0517 796F6673 		.ascii	"yofs\000"
 1671      00
 1672              	.LASF71:
 1673 051c 6C765F73 		.ascii	"lv_style_t\000"
 1673      74796C65 
 1673      5F7400
 1674              	.LASF57:
 1675 0527 626F7264 		.ascii	"border\000"
 1675      657200
 1676              	.LASF69:
 1677 052e 696D6167 		.ascii	"image\000"
 1677      6500
 1678              	.LASF4:
 1679 0534 73686F72 		.ascii	"short int\000"
 1679      7420696E 
 1679      7400
 1680              	.LASF47:
 1681 053e 6C765F62 		.ascii	"lv_border_part_t\000"
 1681      6F726465 
 1681      725F7061 
 1681      72745F74 
 1681      00
 1682              	.LASF76:
 1683 054f 5F6C765F 		.ascii	"_lv_obj_t\000"
 1683      6F626A5F 
 1683      7400
 1684              	.LASF103:
ARM GAS  C:\Users\Sava\AppData\Local\Temp\ccKf6xlC.s 			page 36


 1685 0559 4C565F41 		.ascii	"LV_ALIGN_IN_BOTTOM_LEFT\000"
 1685      4C49474E 
 1685      5F494E5F 
 1685      424F5454 
 1685      4F4D5F4C 
 1686              	.LASF13:
 1687 0571 75696E74 		.ascii	"uint8_t\000"
 1687      385F7400 
 1688              	.LASF104:
 1689 0579 4C565F41 		.ascii	"LV_ALIGN_IN_BOTTOM_MID\000"
 1689      4C49474E 
 1689      5F494E5F 
 1689      424F5454 
 1689      4F4D5F4D 
 1690              	.LASF55:
 1691 0590 67726164 		.ascii	"grad_color\000"
 1691      5F636F6C 
 1691      6F7200
 1692              	.LASF20:
 1693 059b 68656164 		.ascii	"head\000"
 1693      00
 1694              	.LASF131:
 1695 05a0 433A5C55 		.ascii	"C:\\Users\\Sava\\Documents\\PSoC Creator\\GUI_and_d"
 1695      73657273 
 1695      5C536176 
 1695      615C446F 
 1695      63756D65 
 1696 05ce 6973706C 		.ascii	"isplay\\LittlevGL(5v3)_demo_ILI9341.cydsn\000"
 1696      61795C4C 
 1696      6974746C 
 1696      6576474C 
 1696      28357633 
 1697              	.LASF102:
 1698 05f7 4C565F41 		.ascii	"LV_ALIGN_IN_TOP_RIGHT\000"
 1698      4C49474E 
 1698      5F494E5F 
 1698      544F505F 
 1698      52494748 
 1699              	.LASF119:
 1700 060d 4C565F41 		.ascii	"LV_ALIGN_OUT_RIGHT_BOTTOM\000"
 1700      4C49474E 
 1700      5F4F5554 
 1700      5F524947 
 1700      48545F42 
 1701              	.LASF127:
 1702 0627 6C765F72 		.ascii	"lv_reailgn_t\000"
 1702      6561696C 
 1702      676E5F74 
 1702      00
 1703              	.LASF41:
 1704 0634 6765745F 		.ascii	"get_width\000"
 1704      77696474 
 1704      6800
 1705              	.LASF23:
 1706 063e 626C7565 		.ascii	"blue\000"
 1706      00
 1707              	.LASF18:
ARM GAS  C:\Users\Sava\AppData\Local\Temp\ccKf6xlC.s 			page 37


 1708 0643 6C765F6C 		.ascii	"lv_ll_node_t\000"
 1708      6C5F6E6F 
 1708      64655F74 
 1708      00
 1709              	.LASF29:
 1710 0650 63686172 		.ascii	"char\000"
 1710      00
 1711              	.LASF134:
 1712 0655 6C616265 		.ascii	"label1\000"
 1712      6C3100
 1713              	.LASF68:
 1714 065c 74657874 		.ascii	"text\000"
 1714      00
 1715              	.LASF109:
 1716 0661 4C565F41 		.ascii	"LV_ALIGN_OUT_TOP_MID\000"
 1716      4C49474E 
 1716      5F4F5554 
 1716      5F544F50 
 1716      5F4D4944 
 1717              	.LASF5:
 1718 0676 5F5F7569 		.ascii	"__uint16_t\000"
 1718      6E743136 
 1718      5F7400
 1719              	.LASF97:
 1720 0681 6C765F73 		.ascii	"lv_signal_t\000"
 1720      69676E61 
 1720      6C5F7400 
 1721              	.LASF84:
 1722 068d 67726F75 		.ascii	"group_p\000"
 1722      705F7000 
 1723              	.LASF86:
 1724 0695 64726167 		.ascii	"drag\000"
 1724      00
 1725              	.LASF43:
 1726 069a 685F7078 		.ascii	"h_px\000"
 1726      00
 1727              	.LASF51:
 1728 069f 70617274 		.ascii	"part\000"
 1728      00
 1729              	.LASF126:
 1730 06a4 6F726967 		.ascii	"origo_align\000"
 1730      6F5F616C 
 1730      69676E00 
 1731              	.LASF78:
 1732 06b0 636F6F72 		.ascii	"coords\000"
 1732      647300
 1733              	.LASF16:
 1734 06b7 75696E74 		.ascii	"uint32_t\000"
 1734      33325F74 
 1734      00
 1735              	.LASF75:
 1736 06c0 5F6C765F 		.ascii	"_lv_font_struct\000"
 1736      666F6E74 
 1736      5F737472 
 1736      75637400 
 1737              	.LASF61:
 1738 06d0 666F6E74 		.ascii	"font\000"
ARM GAS  C:\Users\Sava\AppData\Local\Temp\ccKf6xlC.s 			page 38


 1738      00
 1739              	.LASF24:
 1740 06d5 67726565 		.ascii	"green\000"
 1740      6E00
 1741              	.LASF130:
 1742 06db 6C765F65 		.ascii	"lv_examples\\lv_tutorial\\1_hello_world\\lv_tutoria"
 1742      78616D70 
 1742      6C65735C 
 1742      6C765F74 
 1742      75746F72 
 1743 070b 6C5F6865 		.ascii	"l_hello_world.c\000"
 1743      6C6C6F5F 
 1743      776F726C 
 1743      642E6300 
 1744              	.LASF64:
 1745 071b 696E7465 		.ascii	"intense\000"
 1745      6E736500 
 1746              	.LASF91:
 1747 0723 70726F74 		.ascii	"protect\000"
 1747      65637400 
 1748              	.LASF88:
 1749 072b 64726167 		.ascii	"drag_parent\000"
 1749      5F706172 
 1749      656E7400 
 1750              	.LASF107:
 1751 0737 4C565F41 		.ascii	"LV_ALIGN_IN_RIGHT_MID\000"
 1751      4C49474E 
 1751      5F494E5F 
 1751      52494748 
 1751      545F4D49 
 1752              	.LASF53:
 1753 074d 696E6E65 		.ascii	"inner\000"
 1753      7200
 1754              	.LASF77:
 1755 0753 6368696C 		.ascii	"child_ll\000"
 1755      645F6C6C 
 1755      00
 1756              		.ident	"GCC: (GNU Tools for ARM Embedded Processors) 5.4.1 20160609 (release) [ARM/embedded-5-bran
