#***************************************************************************

#sjplacer

#Version:            1.1

#Build Date:         Dec  5 2017 15:35:27

#File Generated:     May 31 2019 10:49:33

#Purpose:            

#Copyright (C) 2010-2011 by Softjin Technologies Pvt Ltd. All rights reserved.

#***************************************************************************

Executing : C:\Program Files (x86)\Cypress\PSoC Creator\4.2\PSoC Creator\bin/sjplacer.exe --proj-name LittlevGL(5v3)_demo_ILI9341 --netlist-vh2 LittlevGL(5v3)_demo_ILI9341_p.vh2 --arch p35_udb4x6 --arch-file C:\Users\Sava\Documents\PSoC Creator\4.2\Devices\arch/udbdsi_4x6_24.cydata --ip-file C:\Users\Sava\Documents\PSoC Creator\4.2\Devices\psoc5/psoc5lp/ip_blocks.cydata --rrg-file C:\Users\Sava\Documents\PSoC Creator\4.2\Devices\psoc5/psoc5lp/route_arch-rrg.cydata --irq-file C:\Users\Sava\Documents\PSoC Creator\4.2\Devices\psoc5/psoc5lp/irqconn.cydata --drq-file C:\Users\Sava\Documents\PSoC Creator\4.2\Devices\psoc5/psoc5lp/dmaconn.cydata --dsi-conn-file C:\Users\Sava\Documents\PSoC Creator\4.2\Devices\psoc5/psoc5lp/dsiconn.cydata --pins-file pins_100-TQFP.xml --lib-file LittlevGL(5v3)_demo_ILI9341_p.lib --sdc-file LittlevGL(5v3)_demo_ILI9341.sdc --io-pcf LittlevGL(5v3)_demo_ILI9341.pci --outdir .

		Softjin Techologies Placer, Version 1.1

Build Date : Dec  5 2017	15:33:41

D2004: Option and Settings Summary
=============================================================
Netlist vh2 file          - LittlevGL(5v3)_demo_ILI9341_p.vh2
Architecture file         - C:\Users\Sava\Documents\PSoC Creator\4.2\Devices\arch/udbdsi_4x6_24.cydata
Package                   - 
Defparam file             - 
SDC file                  - LittlevGL(5v3)_demo_ILI9341.sdc
Output directory          - .
Timing library            - LittlevGL(5v3)_demo_ILI9341_p.lib
IO Placement file         - LittlevGL(5v3)_demo_ILI9341.pci

D2050: Starting reading inputs for placer
=============================================================
D2065: Reading netlist file : "LittlevGL(5v3)_demo_ILI9341_p.vh2"
D2065: Reading arch file : "C:\Users\Sava\Documents\PSoC Creator\4.2\Devices\arch/udbdsi_4x6_24.cydata"
D2051: Reading of inputs for placer completed successfully

D2053: Starting placement of the design
=============================================================

Phase 2
Phase 3

Design Statistics after Packing
    Number of Combinational MCs 	:	2
    Number of Sequential MCs    	:	9
    Number of DPs               	:	2
    Number of Controls          	:	0
    Number of Status            	:	3
    Number of SyncCells         	:	0
    Number of count7cells       	:	0

Device Utilization Summary after Packing
    Macrocells                  :	11/192
    UDBS                        :	3/24
    IOs                         :	21/72


D2088: Phase 3, elapsed time : 0.0 (sec)

Phase 4
D2088: Phase 4, elapsed time : 0.0 (sec)

Phase 5
D2088: Phase 5, elapsed time : 0.0 (sec)

Phase 6

######################################################################
Placement Timing Summary

The timing summary is based on estimated routing delays after
placement. For final timing report, please carry out the timing
analysis after routing.
======================================================================

######################################################################
                     Clock Summary 
======================================================================
Number of clocks: 7
Clock: Clock_1              | Frequency:  58.7 MHz | Target:  26.7 MHz
Clock: CyBUS_CLK            | Frequency: N/A       | Target:  80.0 MHz
Clock: CyILO                | Frequency: N/A       | Target:   0.0 MHz
Clock: CyIMO                | Frequency: N/A       | Target:  20.0 MHz
Clock: CyMASTER_CLK         | Frequency: N/A       | Target:  80.0 MHz
Clock: CyPLL_OUT            | Frequency: N/A       | Target:  80.0 MHz
Clock: CyXTAL               | Frequency: N/A       | Target:  20.0 MHz

======================================================================
                     End of Clock Summary
######################################################################

D2088: Phase 6, elapsed time : 0.0 (sec)

Phase 7
######################################################################
                     Clock Summary 
======================================================================
Number of clocks: 7
Clock: Clock_1              | Frequency:  63.9 MHz | Target:  26.7 MHz
Clock: CyBUS_CLK            | Frequency: N/A       | Target:  80.0 MHz
Clock: CyILO                | Frequency: N/A       | Target:   0.0 MHz
Clock: CyIMO                | Frequency: N/A       | Target:  20.0 MHz
Clock: CyMASTER_CLK         | Frequency: N/A       | Target:  80.0 MHz
Clock: CyPLL_OUT            | Frequency: N/A       | Target:  80.0 MHz
Clock: CyXTAL               | Frequency: N/A       | Target:  20.0 MHz

======================================================================
                     End of Clock Summary
######################################################################
D2088: Phase 7, elapsed time : 0.4 (sec)

Final Design Statistics
    Number of Combinational MCs 	:	2
    Number of Sequential MCs    	:	9
    Number of DPs               	:	2
    Number of Controls          	:	0
    Number of Status            	:	3
    Number of SyncCells         	:	0
    Number of count7cells       	:	0
    Number of IOs       	:	21

Device Utilization Summary
    Macrocells                  :	11/192
    IOs                         :	21/72



######################################################################
Placement Timing Summary

The timing summary is based on estimated routing delays after
placement. For final timing report, please carry out the timing
analysis after routing.
======================================================================


######################################################################
                     Clock Summary 
======================================================================
Number of clocks: 7
Clock: Clock_1              | Frequency:  64.1 MHz | Target:  28.6 MHz
Clock: CyBUS_CLK            | Frequency: N/A       | Target:  80.0 MHz
Clock: CyILO                | Frequency: N/A       | Target:   0.0 MHz
Clock: CyIMO                | Frequency: N/A       | Target:  20.0 MHz
Clock: CyMASTER_CLK         | Frequency: N/A       | Target:  80.0 MHz
Clock: CyPLL_OUT            | Frequency: N/A       | Target:  80.0 MHz
Clock: CyXTAL               | Frequency: N/A       | Target:  20.0 MHz

======================================================================
                     End of Clock Summary
######################################################################

Phase 8
D2088: Phase 8, elapsed time : 0.0 (sec)

D2054: Placement of the design completed successfully

I2076: Total run-time: 1.2 sec.

